#
# There is insufficient memory for the Java Runtime Environment to continue.
# Native memory allocation (mmap) failed to map 96468992 bytes for Failed to commit area from 0x000000008fb00000 to 0x0000000095700000 of length 96468992.
# Possible reasons:
#   The system is out of physical RAM or swap space
#   The process is running with CompressedOops enabled, and the Java Heap may be blocking the growth of the native heap
# Possible solutions:
#   Reduce memory load on the system
#   Increase physical memory or swap space
#   Check if swap backing store is full
#   Decrease Java heap size (-Xmx/-Xms)
#   Decrease number of Java threads
#   Decrease Java thread stack sizes (-Xss)
#   Set larger code cache with -XX:ReservedCodeCacheSize=
#   JVM is running with Unscaled Compressed Oops mode in which the Java heap is
#     placed in the first 4GB address space. The Java Heap base address is the
#     maximum limit for the native heap growth. Please use -XX:HeapBaseMinAddress
#     to set the Java Heap base and to place the Java Heap above 4GB virtual address.
# This output file may be truncated or incomplete.
#
#  Out of Memory Error (./src/hotspot/os/windows/os_windows.cpp:3521), pid=11368, tid=2124
#
# JRE version: OpenJDK Runtime Environment (11.0.12+7) (build 11.0.12+7-b1504.28-7817840)
# Java VM: OpenJDK 64-Bit Server VM (11.0.12+7-b1504.28-7817840, mixed mode, tiered, compressed oops, g1 gc, windows-amd64)
# No core dump will be written. Minidumps are not enabled by default on client versions of Windows
#

---------------  S U M M A R Y ------------

Command Line: --add-opens=java.base/java.util=ALL-UNNAMED --add-opens=java.base/java.lang=ALL-UNNAMED --add-opens=java.base/java.lang.invoke=ALL-UNNAMED --add-opens=java.base/java.util=ALL-UNNAMED --add-opens=java.prefs/java.util.prefs=ALL-UNNAMED --add-opens=java.prefs/java.util.prefs=ALL-UNNAMED --add-opens=java.base/java.nio.charset=ALL-UNNAMED --add-opens=java.base/java.net=ALL-UNNAMED --add-opens=java.base/java.util.concurrent.atomic=ALL-UNNAMED -Xmx2048m -Dfile.encoding=UTF-8 -Duser.country=US -Duser.language=en -Duser.variant org.gradle.launcher.daemon.bootstrap.GradleDaemon 7.3.3

Host: Intel(R) Core(TM) i5-8265U CPU @ 1.60GHz, 8 cores, 3G,  Windows 10 , 64 bit Build 22000 (10.0.22000.708)
Time: Tue Aug 23 16:28:58 2022 Malay Peninsula Standard Time elapsed time: 40.817134 seconds (0d 0h 0m 40s)

---------------  T H R E A D  ---------------

Current thread (0x000001c06ad5e800):  VMThread "VM Thread" [stack: 0x00000006ea400000,0x00000006ea500000] [id=2124]

Stack: [0x00000006ea400000,0x00000006ea500000]
[error occurred during error reporting (printing stack bounds), id 0xc0000005, EXCEPTION_ACCESS_VIOLATION (0xc0000005) at pc=0x000001c06e79112d]

Native frames: (J=compiled Java code, j=interpreted, Vv=VM code, C=native code)
V  [jvm.dll+0x5fbcea]
V  [jvm.dll+0x731905]
V  [jvm.dll+0x732f1d]
V  [jvm.dll+0x733535]
V  [jvm.dll+0x7334eb]
V  [jvm.dll+0x5fb080]
V  [jvm.dll+0x5fb818]
C  [ntdll.dll+0xa8fcf]
C  [ntdll.dll+0x35e9a]
C  [ntdll.dll+0xa7fde]
C  0x000001c06e79112d

VM_Operation (0x00000006eedf9080): G1CollectForAllocation, mode: safepoint, requested by thread 0x000001c00a01f800


---------------  P R O C E S S  ---------------

Threads class SMR info:
_java_thread_list=0x000001c00de735e0, length=139, elements={
0x000001c06ac82800, 0x000001c07f0eb000, 0x000001c07f0f4000, 0x000001c07faa2800,
0x000001c07f10e000, 0x000001c07f10e800, 0x000001c07f112000, 0x000001c07f11b000,
0x000001c07f121800, 0x000001c07fbcb000, 0x000001c007372800, 0x000001c007aab000,
0x000001c007623800, 0x000001c007620800, 0x000001c0075d8800, 0x000001c007a10000,
0x000001c007a15000, 0x000001c007b21800, 0x000001c007f6f800, 0x000001c007f6e800,
0x000001c007f71000, 0x000001c007f70000, 0x000001c007f6c000, 0x000001c007f6d000,
0x000001c007f6b800, 0x000001c007f6d800, 0x000001c007f72000, 0x000001c009ac5800,
0x000001c009ac4800, 0x000001c009ac0800, 0x000001c009ac6000, 0x000001c009ac1000,
0x000001c009ac2000, 0x000001c009acb000, 0x000001c009acc000, 0x000001c009ace800,
0x000001c009ac8800, 0x000001c009acc800, 0x000001c009acd800, 0x000001c009ac9800,
0x000001c009acf000, 0x000001c009aca000, 0x000001c00bb3e000, 0x000001c00bb3c800,
0x000001c00bb3f000, 0x000001c00bb42000, 0x000001c00bb3f800, 0x000001c00bb41800,
0x000001c00bb40800, 0x000001c00bb43000, 0x000001c00bb3d000, 0x000001c00bb48800,
0x000001c00bb44800, 0x000001c00bb45800, 0x000001c00bb49800, 0x000001c00bb44000,
0x000001c00bb4a800, 0x000001c00bb47000, 0x000001c00bb4b000, 0x000001c00bb46000,
0x000001c00bb48000, 0x000001c00a01d000, 0x000001c00a01e800, 0x000001c00a01b800,
0x000001c00a01f800, 0x000001c00a020000, 0x000001c00a01d800, 0x000001c00a022000,
0x000001c00a01c000, 0x000001c00a024800, 0x000001c00a025000, 0x000001c00a022800,
0x000001c00a026000, 0x000001c00a026800, 0x000001c00a021000, 0x000001c00a027800,
0x000001c00a023800, 0x000001c00a028800, 0x000001c00a029000, 0x000001c00a02a000,
0x000001c00a40d000, 0x000001c00a40e000, 0x000001c00a413000, 0x000001c00a40f000,
0x000001c00a413800, 0x000001c00a412000, 0x000001c00a415800, 0x000001c00a40f800,
0x000001c00a414800, 0x000001c00a416000, 0x000001c00a411800, 0x000001c00a410800,
0x000001c00a418000, 0x000001c00a418800, 0x000001c00a417000, 0x000001c00a419800,
0x000001c00a41a000, 0x000001c00a41c000, 0x000001c00a41b000, 0x000001c00bb19800,
0x000001c00bb1c000, 0x000001c00bb20000, 0x000001c00bb1f000, 0x000001c00bb1a800,
0x000001c00bb1c800, 0x000001c00bb1d800, 0x000001c00bb1e800, 0x000001c00bb1b000,
0x000001c00bb25800, 0x000001c00bb24000, 0x000001c00bb25000, 0x000001c00bb22800,
0x000001c00bb26800, 0x000001c00bb21800, 0x000001c00bb21000, 0x000001c00bb23800,
0x000001c00bb27800, 0x000001c00bb28000, 0x000001c00a205000, 0x000001c00a201000,
0x000001c00a202800, 0x000001c00a204000, 0x000001c00a205800, 0x000001c00a203800,
0x000001c00a206800, 0x000001c00a207800, 0x000001c00a201800, 0x000001c00a20b800,
0x000001c00a209000, 0x000001c00a20c800, 0x000001c00a20e000, 0x000001c00a208000,
0x000001c00a20e800, 0x000001c00a20f800, 0x000001c00a20a000, 0x000001c00a20a800,
0x000001c00e5ad800, 0x000001c00e5a8000, 0x000001c00e5a9800
}

Java Threads: ( => current thread )
  0x000001c06ac82800 JavaThread "main" [_thread_blocked, id=3704, stack(0x00000006e9e00000,0x00000006e9f00000)]
  0x000001c07f0eb000 JavaThread "Reference Handler" daemon [_thread_blocked, id=6192, stack(0x00000006ea500000,0x00000006ea600000)]
  0x000001c07f0f4000 JavaThread "Finalizer" daemon [_thread_blocked, id=6312, stack(0x00000006ea600000,0x00000006ea700000)]
  0x000001c07faa2800 JavaThread "Signal Dispatcher" daemon [_thread_blocked, id=7552, stack(0x00000006ea700000,0x00000006ea800000)]
  0x000001c07f10e000 JavaThread "Attach Listener" daemon [_thread_blocked, id=7644, stack(0x00000006ea800000,0x00000006ea900000)]
  0x000001c07f10e800 JavaThread "Service Thread" daemon [_thread_blocked, id=8552, stack(0x00000006ea900000,0x00000006eaa00000)]
  0x000001c07f112000 JavaThread "C2 CompilerThread0" daemon [_thread_blocked, id=7568, stack(0x00000006eaa00000,0x00000006eab00000)]
  0x000001c07f11b000 JavaThread "C1 CompilerThread0" daemon [_thread_blocked, id=5792, stack(0x00000006eab00000,0x00000006eac00000)]
  0x000001c07f121800 JavaThread "Sweeper thread" daemon [_thread_blocked, id=17960, stack(0x00000006eac00000,0x00000006ead00000)]
  0x000001c07fbcb000 JavaThread "Common-Cleaner" daemon [_thread_blocked, id=16856, stack(0x00000006ead00000,0x00000006eae00000)]
  0x000001c007372800 JavaThread "Daemon health stats" [_thread_blocked, id=7104, stack(0x00000006eb000000,0x00000006eb100000)]
  0x000001c007aab000 JavaThread "Incoming local TCP Connector on port 55060" [_thread_in_native, id=9276, stack(0x00000006eb100000,0x00000006eb200000)]
  0x000001c007623800 JavaThread "Daemon periodic checks" [_thread_blocked, id=12696, stack(0x00000006eb200000,0x00000006eb300000)]
  0x000001c007620800 JavaThread "Daemon" [_thread_blocked, id=4228, stack(0x00000006eb300000,0x00000006eb400000)]
  0x000001c0075d8800 JavaThread "Handler for socket connection from /127.0.0.1:55060 to /127.0.0.1:55061" [_thread_in_native, id=10224, stack(0x00000006eb400000,0x00000006eb500000)]
  0x000001c007a10000 JavaThread "Cancel handler" [_thread_blocked, id=16876, stack(0x00000006eb500000,0x00000006eb600000)]
  0x000001c007a15000 JavaThread "Daemon worker" [_thread_blocked, id=8680, stack(0x00000006eb600000,0x00000006eb700000)]
  0x000001c007b21800 JavaThread "Asynchronous log dispatcher for DefaultDaemonConnection: socket connection from /127.0.0.1:55060 to /127.0.0.1:55061" [_thread_blocked, id=11168, stack(0x00000006eb700000,0x00000006eb800000)]
  0x000001c007f6f800 JavaThread "Stdin handler" [_thread_blocked, id=9596, stack(0x00000006eb800000,0x00000006eb900000)]
  0x000001c007f6e800 JavaThread "Daemon client event forwarder" [_thread_blocked, id=6744, stack(0x00000006eb900000,0x00000006eba00000)]
  0x000001c007f71000 JavaThread "Cache worker for journal cache (C:\Users\Erica\.gradle\caches\journal-1)" [_thread_blocked, id=16020, stack(0x00000006ec000000,0x00000006ec100000)]
  0x000001c007f70000 JavaThread "File lock request listener" [_thread_in_native, id=16964, stack(0x00000006ec100000,0x00000006ec200000)]
  0x000001c007f6c000 JavaThread "Cache worker for file hash cache (C:\Users\Erica\.gradle\caches\7.3.3\fileHashes)" [_thread_blocked, id=5352, stack(0x00000006ec200000,0x00000006ec300000)]
  0x000001c007f6d000 JavaThread "Cache worker for file hash cache (C:\Users\Erica\AndroidStudioProjects\WSAP_appExtension\.gradle\7.3.3\fileHashes)" [_thread_blocked, id=7340, stack(0x00000006ec400000,0x00000006ec500000)]
  0x000001c007f6b800 JavaThread "File watcher server" daemon [_thread_blocked, id=2004, stack(0x00000006ec500000,0x00000006ec600000)]
  0x000001c007f6d800 JavaThread "File watcher consumer" daemon [_thread_blocked, id=17176, stack(0x00000006ec600000,0x00000006ec700000)]
  0x000001c007f72000 JavaThread "Cache worker for checksums cache (C:\Users\Erica\AndroidStudioProjects\WSAP_appExtension\.gradle\7.3.3\checksums)" [_thread_blocked, id=17260, stack(0x00000006ec700000,0x00000006ec800000)]
  0x000001c009ac5800 JavaThread "Cache worker for cache directory md-supplier (C:\Users\Erica\.gradle\caches\7.3.3\md-supplier)" [_thread_blocked, id=14832, stack(0x00000006ec800000,0x00000006ec900000)]
  0x000001c009ac4800 JavaThread "Cache worker for cache directory md-rule (C:\Users\Erica\.gradle\caches\7.3.3\md-rule)" [_thread_blocked, id=18264, stack(0x00000006ec900000,0x00000006eca00000)]
  0x000001c009ac0800 JavaThread "Cache worker for execution history cache (C:\Users\Erica\.gradle\caches\7.3.3\executionHistory)" [_thread_blocked, id=16472, stack(0x00000006eca00000,0x00000006ecb00000)]
  0x000001c009ac6000 JavaThread "jar transforms" [_thread_blocked, id=3300, stack(0x00000006ecb00000,0x00000006ecc00000)]
  0x000001c009ac1000 JavaThread "Cache worker for file content cache (C:\Users\Erica\.gradle\caches\7.3.3\fileContent)" [_thread_blocked, id=16480, stack(0x00000006ecc00000,0x00000006ecd00000)]
  0x000001c009ac2000 JavaThread "jar transforms Thread 2" [_thread_blocked, id=12728, stack(0x00000006ecd00000,0x00000006ece00000)]
  0x000001c009acb000 JavaThread "Cache worker for dependencies-accessors (C:\Users\Erica\AndroidStudioProjects\WSAP_appExtension\.gradle\7.3.3\dependencies-accessors)" [_thread_blocked, id=9404, stack(0x00000006ece00000,0x00000006ecf00000)]
  0x000001c009acc000 JavaThread "jar transforms Thread 3" [_thread_blocked, id=10200, stack(0x00000006ecf00000,0x00000006ed000000)]
  0x000001c009ace800 JavaThread "Cache worker for Build Output Cleanup Cache (C:\Users\Erica\AndroidStudioProjects\WSAP_appExtension\.gradle\buildOutputCleanup)" [_thread_blocked, id=16460, stack(0x00000006ed000000,0x00000006ed100000)]
  0x000001c009ac8800 JavaThread "Unconstrained build operations" [_thread_blocked, id=17820, stack(0x00000006ed100000,0x00000006ed200000)]
  0x000001c009acc800 JavaThread "Unconstrained build operations Thread 2" [_thread_blocked, id=16820, stack(0x00000006ed200000,0x00000006ed300000)]
  0x000001c009acd800 JavaThread "Unconstrained build operations Thread 3" [_thread_blocked, id=17292, stack(0x00000006ed300000,0x00000006ed400000)]
  0x000001c009ac9800 JavaThread "Unconstrained build operations Thread 4" [_thread_blocked, id=16912, stack(0x00000006ed400000,0x00000006ed500000)]
  0x000001c009acf000 JavaThread "Unconstrained build operations Thread 5" [_thread_blocked, id=5476, stack(0x00000006ed500000,0x00000006ed600000)]
  0x000001c009aca000 JavaThread "Unconstrained build operations Thread 6" [_thread_blocked, id=17876, stack(0x00000006ed600000,0x00000006ed700000)]
  0x000001c00bb3e000 JavaThread "Unconstrained build operations Thread 7" [_thread_blocked, id=7136, stack(0x00000006ed700000,0x00000006ed800000)]
  0x000001c00bb3c800 JavaThread "Unconstrained build operations Thread 8" [_thread_blocked, id=3168, stack(0x00000006ed800000,0x00000006ed900000)]
  0x000001c00bb3f000 JavaThread "Unconstrained build operations Thread 9" [_thread_blocked, id=16636, stack(0x00000006ed900000,0x00000006eda00000)]
  0x000001c00bb42000 JavaThread "Unconstrained build operations Thread 10" [_thread_blocked, id=6484, stack(0x00000006eda00000,0x00000006edb00000)]
  0x000001c00bb3f800 JavaThread "Unconstrained build operations Thread 11" [_thread_blocked, id=8820, stack(0x00000006edb00000,0x00000006edc00000)]
  0x000001c00bb41800 JavaThread "Unconstrained build operations Thread 12" [_thread_blocked, id=17060, stack(0x00000006edc00000,0x00000006edd00000)]
  0x000001c00bb40800 JavaThread "Unconstrained build operations Thread 13" [_thread_blocked, id=6108, stack(0x00000006edd00000,0x00000006ede00000)]
  0x000001c00bb43000 JavaThread "Unconstrained build operations Thread 14" [_thread_blocked, id=7912, stack(0x00000006ede00000,0x00000006edf00000)]
  0x000001c00bb3d000 JavaThread "Unconstrained build operations Thread 15" [_thread_blocked, id=12340, stack(0x00000006edf00000,0x00000006ee000000)]
  0x000001c00bb48800 JavaThread "Unconstrained build operations Thread 16" [_thread_blocked, id=14156, stack(0x00000006ee000000,0x00000006ee100000)]
  0x000001c00bb44800 JavaThread "Unconstrained build operations Thread 17" [_thread_blocked, id=16732, stack(0x00000006ee100000,0x00000006ee200000)]
  0x000001c00bb45800 JavaThread "Unconstrained build operations Thread 18" [_thread_blocked, id=15036, stack(0x00000006ee200000,0x00000006ee300000)]
  0x000001c00bb49800 JavaThread "Unconstrained build operations Thread 19" [_thread_blocked, id=8968, stack(0x00000006ee300000,0x00000006ee400000)]
  0x000001c00bb44000 JavaThread "Unconstrained build operations Thread 20" [_thread_blocked, id=11748, stack(0x00000006ee400000,0x00000006ee500000)]
  0x000001c00bb4a800 JavaThread "Unconstrained build operations Thread 21" [_thread_blocked, id=2200, stack(0x00000006ee500000,0x00000006ee600000)]
  0x000001c00bb47000 JavaThread "Unconstrained build operations Thread 22" [_thread_blocked, id=10012, stack(0x00000006ee600000,0x00000006ee700000)]
  0x000001c00bb4b000 JavaThread "Unconstrained build operations Thread 23" [_thread_blocked, id=17368, stack(0x00000006ee700000,0x00000006ee800000)]
  0x000001c00bb46000 JavaThread "Unconstrained build operations Thread 24" [_thread_blocked, id=10032, stack(0x00000006ee800000,0x00000006ee900000)]
  0x000001c00bb48000 JavaThread "Unconstrained build operations Thread 25" [_thread_blocked, id=15916, stack(0x00000006ee900000,0x00000006eea00000)]
  0x000001c00a01d000 JavaThread "Unconstrained build operations Thread 26" [_thread_blocked, id=15560, stack(0x00000006eea00000,0x00000006eeb00000)]
  0x000001c00a01e800 JavaThread "Unconstrained build operations Thread 27" [_thread_blocked, id=16348, stack(0x00000006eeb00000,0x00000006eec00000)]
  0x000001c00a01b800 JavaThread "Unconstrained build operations Thread 28" [_thread_blocked, id=10256, stack(0x00000006eec00000,0x00000006eed00000)]
  0x000001c00a01f800 JavaThread "Unconstrained build operations Thread 29" [_thread_blocked, id=16632, stack(0x00000006eed00000,0x00000006eee00000)]
  0x000001c00a020000 JavaThread "Unconstrained build operations Thread 30" [_thread_blocked, id=2260, stack(0x00000006eee00000,0x00000006eef00000)]
  0x000001c00a01d800 JavaThread "Unconstrained build operations Thread 31" [_thread_blocked, id=18192, stack(0x00000006eef00000,0x00000006ef000000)]
  0x000001c00a022000 JavaThread "Unconstrained build operations Thread 32" [_thread_blocked, id=16748, stack(0x00000006ef000000,0x00000006ef100000)]
  0x000001c00a01c000 JavaThread "Unconstrained build operations Thread 33" [_thread_blocked, id=13748, stack(0x00000006ef100000,0x00000006ef200000)]
  0x000001c00a024800 JavaThread "Unconstrained build operations Thread 34" [_thread_blocked, id=1496, stack(0x00000006ef200000,0x00000006ef300000)]
  0x000001c00a025000 JavaThread "Unconstrained build operations Thread 35" [_thread_blocked, id=1772, stack(0x00000006ef300000,0x00000006ef400000)]
  0x000001c00a022800 JavaThread "Unconstrained build operations Thread 36" [_thread_blocked, id=7044, stack(0x00000006ef400000,0x00000006ef500000)]
  0x000001c00a026000 JavaThread "Unconstrained build operations Thread 37" [_thread_blocked, id=15212, stack(0x00000006ef500000,0x00000006ef600000)]
  0x000001c00a026800 JavaThread "Unconstrained build operations Thread 38" [_thread_blocked, id=5520, stack(0x00000006ef600000,0x00000006ef700000)]
  0x000001c00a021000 JavaThread "Unconstrained build operations Thread 39" [_thread_blocked, id=2232, stack(0x00000006ef700000,0x00000006ef800000)]
  0x000001c00a027800 JavaThread "Unconstrained build operations Thread 40" [_thread_blocked, id=18348, stack(0x00000006ef800000,0x00000006ef900000)]
  0x000001c00a023800 JavaThread "Unconstrained build operations Thread 41" [_thread_blocked, id=1068, stack(0x00000006ef900000,0x00000006efa00000)]
  0x000001c00a028800 JavaThread "Unconstrained build operations Thread 42" [_thread_blocked, id=18012, stack(0x00000006efa00000,0x00000006efb00000)]
  0x000001c00a029000 JavaThread "Unconstrained build operations Thread 43" [_thread_blocked, id=5568, stack(0x00000006efb00000,0x00000006efc00000)]
  0x000001c00a02a000 JavaThread "Unconstrained build operations Thread 44" [_thread_blocked, id=3392, stack(0x00000006efc00000,0x00000006efd00000)]
  0x000001c00a40d000 JavaThread "Unconstrained build operations Thread 45" [_thread_blocked, id=17764, stack(0x00000006efd00000,0x00000006efe00000)]
  0x000001c00a40e000 JavaThread "Unconstrained build operations Thread 46" [_thread_blocked, id=3252, stack(0x00000006efe00000,0x00000006eff00000)]
  0x000001c00a413000 JavaThread "Unconstrained build operations Thread 47" [_thread_blocked, id=16712, stack(0x00000006eff00000,0x00000006f0000000)]
  0x000001c00a40f000 JavaThread "Unconstrained build operations Thread 48" [_thread_blocked, id=15868, stack(0x00000006f0000000,0x00000006f0100000)]
  0x000001c00a413800 JavaThread "Unconstrained build operations Thread 49" [_thread_blocked, id=17392, stack(0x00000006f0100000,0x00000006f0200000)]
  0x000001c00a412000 JavaThread "Unconstrained build operations Thread 50" [_thread_blocked, id=2600, stack(0x00000006f0200000,0x00000006f0300000)]
  0x000001c00a415800 JavaThread "Unconstrained build operations Thread 51" [_thread_blocked, id=16824, stack(0x00000006f0300000,0x00000006f0400000)]
  0x000001c00a40f800 JavaThread "Unconstrained build operations Thread 52" [_thread_blocked, id=13968, stack(0x00000006f0400000,0x00000006f0500000)]
  0x000001c00a414800 JavaThread "Unconstrained build operations Thread 53" [_thread_blocked, id=9448, stack(0x00000006f0500000,0x00000006f0600000)]
  0x000001c00a416000 JavaThread "Unconstrained build operations Thread 54" [_thread_blocked, id=4260, stack(0x00000006f0600000,0x00000006f0700000)]
  0x000001c00a411800 JavaThread "Unconstrained build operations Thread 55" [_thread_blocked, id=18296, stack(0x00000006f0700000,0x00000006f0800000)]
  0x000001c00a410800 JavaThread "Unconstrained build operations Thread 56" [_thread_blocked, id=14700, stack(0x00000006f0800000,0x00000006f0900000)]
  0x000001c00a418000 JavaThread "Unconstrained build operations Thread 57" [_thread_blocked, id=14664, stack(0x00000006f0900000,0x00000006f0a00000)]
  0x000001c00a418800 JavaThread "Unconstrained build operations Thread 58" [_thread_blocked, id=10548, stack(0x00000006f0a00000,0x00000006f0b00000)]
  0x000001c00a417000 JavaThread "Unconstrained build operations Thread 59" [_thread_blocked, id=9112, stack(0x00000006f0b00000,0x00000006f0c00000)]
  0x000001c00a419800 JavaThread "Unconstrained build operations Thread 60" [_thread_blocked, id=9144, stack(0x00000006f0c00000,0x00000006f0d00000)]
  0x000001c00a41a000 JavaThread "Unconstrained build operations Thread 61" [_thread_blocked, id=5084, stack(0x00000006f0d00000,0x00000006f0e00000)]
  0x000001c00a41c000 JavaThread "Unconstrained build operations Thread 62" [_thread_blocked, id=564, stack(0x00000006f0e00000,0x00000006f0f00000)]
  0x000001c00a41b000 JavaThread "Unconstrained build operations Thread 63" [_thread_blocked, id=6540, stack(0x00000006f0f00000,0x00000006f1000000)]
  0x000001c00bb19800 JavaThread "Unconstrained build operations Thread 64" [_thread_blocked, id=15204, stack(0x00000006f1000000,0x00000006f1100000)]
  0x000001c00bb1c000 JavaThread "Unconstrained build operations Thread 65" [_thread_blocked, id=17192, stack(0x00000006f1100000,0x00000006f1200000)]
  0x000001c00bb20000 JavaThread "Unconstrained build operations Thread 66" [_thread_blocked, id=4776, stack(0x00000006f1200000,0x00000006f1300000)]
  0x000001c00bb1f000 JavaThread "Unconstrained build operations Thread 67" [_thread_blocked, id=16828, stack(0x00000006f1300000,0x00000006f1400000)]
  0x000001c00bb1a800 JavaThread "Unconstrained build operations Thread 68" [_thread_blocked, id=3116, stack(0x00000006f1400000,0x00000006f1500000)]
  0x000001c00bb1c800 JavaThread "Unconstrained build operations Thread 69" [_thread_blocked, id=3172, stack(0x00000006f1500000,0x00000006f1600000)]
  0x000001c00bb1d800 JavaThread "Unconstrained build operations Thread 70" [_thread_blocked, id=16988, stack(0x00000006f1600000,0x00000006f1700000)]
  0x000001c00bb1e800 JavaThread "Unconstrained build operations Thread 71" [_thread_blocked, id=18040, stack(0x00000006f1700000,0x00000006f1800000)]
  0x000001c00bb1b000 JavaThread "Unconstrained build operations Thread 72" [_thread_blocked, id=11452, stack(0x00000006f1800000,0x00000006f1900000)]
  0x000001c00bb25800 JavaThread "Unconstrained build operations Thread 73" [_thread_blocked, id=17592, stack(0x00000006f1900000,0x00000006f1a00000)]
  0x000001c00bb24000 JavaThread "Unconstrained build operations Thread 74" [_thread_blocked, id=8440, stack(0x00000006f1a00000,0x00000006f1b00000)]
  0x000001c00bb25000 JavaThread "Unconstrained build operations Thread 75" [_thread_blocked, id=17952, stack(0x00000006f1b00000,0x00000006f1c00000)]
  0x000001c00bb22800 JavaThread "Unconstrained build operations Thread 76" [_thread_blocked, id=7012, stack(0x00000006f1c00000,0x00000006f1d00000)]
  0x000001c00bb26800 JavaThread "Unconstrained build operations Thread 77" [_thread_blocked, id=1768, stack(0x00000006f1d00000,0x00000006f1e00000)]
  0x000001c00bb21800 JavaThread "Unconstrained build operations Thread 78" [_thread_blocked, id=14532, stack(0x00000006f1e00000,0x00000006f1f00000)]
  0x000001c00bb21000 JavaThread "Unconstrained build operations Thread 79" [_thread_blocked, id=7392, stack(0x00000006f1f00000,0x00000006f2000000)]
  0x000001c00bb23800 JavaThread "Unconstrained build operations Thread 80" [_thread_blocked, id=6392, stack(0x00000006f2000000,0x00000006f2100000)]
  0x000001c00bb27800 JavaThread "jar transforms Thread 4" [_thread_blocked, id=12672, stack(0x00000006f2100000,0x00000006f2200000)]
  0x000001c00bb28000 JavaThread "jar transforms Thread 5" [_thread_blocked, id=14636, stack(0x00000006f2200000,0x00000006f2300000)]
  0x000001c00a205000 JavaThread "jar transforms Thread 6" [_thread_blocked, id=15984, stack(0x00000006f2300000,0x00000006f2400000)]
  0x000001c00a201000 JavaThread "jar transforms Thread 7" [_thread_blocked, id=18408, stack(0x00000006f2400000,0x00000006f2500000)]
  0x000001c00a202800 JavaThread "jar transforms Thread 8" [_thread_blocked, id=17812, stack(0x00000006f2500000,0x00000006f2600000)]
  0x000001c00a204000 JavaThread "Memory manager" [_thread_blocked, id=11700, stack(0x00000006f2600000,0x00000006f2700000)]
  0x000001c00a205800 JavaThread "build event listener" [_thread_blocked, id=16932, stack(0x00000006f2700000,0x00000006f2800000)]
  0x000001c00a203800 JavaThread "Execution worker for ':'" [_thread_blocked, id=17252, stack(0x00000006f2800000,0x00000006f2900000)]
  0x000001c00a206800 JavaThread "Execution worker for ':' Thread 2" [_thread_blocked, id=1220, stack(0x00000006f2900000,0x00000006f2a00000)]
  0x000001c00a207800 JavaThread "Execution worker for ':' Thread 3" [_thread_blocked, id=3016, stack(0x00000006f2a00000,0x00000006f2b00000)]
  0x000001c00a201800 JavaThread "Execution worker for ':' Thread 4" [_thread_blocked, id=4420, stack(0x00000006f2b00000,0x00000006f2c00000)]
  0x000001c00a20b800 JavaThread "Execution worker for ':' Thread 5" [_thread_blocked, id=18088, stack(0x00000006f2c00000,0x00000006f2d00000)]
  0x000001c00a209000 JavaThread "Execution worker for ':' Thread 6" [_thread_blocked, id=10480, stack(0x00000006f2d00000,0x00000006f2e00000)]
  0x000001c00a20c800 JavaThread "Execution worker for ':' Thread 7" [_thread_blocked, id=12948, stack(0x00000006f2e00000,0x00000006f2f00000)]
  0x000001c00a20e000 JavaThread "Cache worker for execution history cache (C:\Users\Erica\AndroidStudioProjects\WSAP_appExtension\.gradle\7.3.3\executionHistory)" [_thread_blocked, id=14040, stack(0x00000006f2f00000,0x00000006f3000000)]
  0x000001c00a208000 JavaThread "WorkerExecutor Queue" [_thread_blocked, id=16412, stack(0x00000006f3000000,0x00000006f3100000)]
  0x000001c00a20e800 JavaThread "WorkerExecutor Queue Thread 3" [_thread_blocked, id=17780, stack(0x00000006f3200000,0x00000006f3300000)]
  0x000001c00a20f800 JavaThread "WorkerExecutor Queue Thread 4" [_thread_blocked, id=8740, stack(0x00000006f3300000,0x00000006f3400000)]
  0x000001c00a20a000 JavaThread "WorkerExecutor Queue Thread 5" [_thread_blocked, id=9048, stack(0x00000006f3400000,0x00000006f3500000)]
  0x000001c00a20a800 JavaThread "WorkerExecutor Queue Thread 6" [_thread_blocked, id=17464, stack(0x00000006f3500000,0x00000006f3600000)]
  0x000001c00e5ad800 JavaThread "WorkerExecutor Queue Thread 7" [_thread_blocked, id=8532, stack(0x00000006f3600000,0x00000006f3700000)]
  0x000001c00e5a8000 JavaThread "WorkerExecutor Queue Thread 8" [_thread_blocked, id=1520, stack(0x00000006f3700000,0x00000006f3800000)]
  0x000001c00e5a9800 JavaThread "WorkerExecutor Queue Thread 9" [_thread_blocked, id=7128, stack(0x00000006f3100000,0x00000006f3200000)]

Other Threads:
=>0x000001c06ad5e800 VMThread "VM Thread" [stack: 0x00000006ea400000,0x00000006ea500000] [id=2124]
  0x000001c07fbe8000 WatcherThread [stack: 0x00000006eae00000,0x00000006eaf00000] [id=14364]
  0x000001c068b8e800 GCTaskThread "GC Thread#0" [stack: 0x00000006e9f00000,0x00000006ea000000] [id=12660]
  0x000001c0066ba800 GCTaskThread "GC Thread#1" [stack: 0x00000006eaf00000,0x00000006eb000000] [id=14528]
  0x000001c007b22000 GCTaskThread "GC Thread#2" [stack: 0x00000006eba00000,0x00000006ebb00000] [id=15884]
  0x000001c007f4c000 GCTaskThread "GC Thread#3" [stack: 0x00000006ebb00000,0x00000006ebc00000] [id=18172]
  0x000001c007ea5800 GCTaskThread "GC Thread#4" [stack: 0x00000006ebc00000,0x00000006ebd00000] [id=14692]
  0x000001c007ebb000 GCTaskThread "GC Thread#5" [stack: 0x00000006ebd00000,0x00000006ebe00000] [id=12852]
  0x000001c007f6a800 GCTaskThread "GC Thread#6" [stack: 0x00000006ebe00000,0x00000006ebf00000] [id=4256]
  0x000001c007cf7800 GCTaskThread "GC Thread#7" [stack: 0x00000006ebf00000,0x00000006ec000000] [id=13268]
  0x000001c06acc9800 ConcurrentGCThread "G1 Main Marker" [stack: 0x00000006ea000000,0x00000006ea100000] [id=8844]
  0x000001c06accc000 ConcurrentGCThread "G1 Conc#0" [stack: 0x00000006ea100000,0x00000006ea200000] [id=9220]
  0x000001c007a73800 ConcurrentGCThread "G1 Conc#1" [stack: 0x00000006ec300000,0x00000006ec400000] [id=11788]
  0x000001c06ad39800 ConcurrentGCThread "G1 Refine#0" [stack: 0x00000006ea200000,0x00000006ea300000] [id=10696]
  0x000001c06ad3c800 ConcurrentGCThread "G1 Young RemSet Sampling" [stack: 0x00000006ea300000,0x00000006ea400000] [id=10864]

Threads with active compile tasks:
C2 CompilerThread0  40888 16475       4       com.android.tools.r8.internal.ID::a (278 bytes)
C1 CompilerThread0  40888 16561 %     3       com.android.tools.r8.internal.Ql::a @ 1893 (3110 bytes)

VM state:at safepoint (normal execution)

VM Mutex/Monitor currently owned by a thread:  ([mutex/lock_event])
[0x000001c06ac7eb90] Threads_lock - owner thread: 0x000001c06ad5e800
[0x000001c06ac7f010] Heap_lock - owner thread: 0x000001c00a01f800

Heap address: 0x0000000080000000, size: 2048 MB, Compressed Oops mode: 32-bit
Narrow klass base: 0x0000000000000000, Narrow klass shift: 3
Compressed class space size: 1073741824 Address: 0x0000000100000000

Heap:
 garbage-first heap   total 351232K, used 128000K [0x0000000080000000, 0x0000000100000000)
  region size 1024K, 4 young (4096K), 4 survivors (4096K)
 Metaspace       used 114646K, capacity 117331K, committed 117504K, reserved 1150976K
  class space    used 14552K, capacity 15587K, committed 15616K, reserved 1048576K
Heap Regions: E=young(eden), S=young(survivor), O=old, HS=humongous(starts), HC=humongous(continues), CS=collection set, F=free, A=archive, TAMS=top-at-mark-start (previous, next)
|   0|0x0000000080000000, 0x0000000080100000, 0x0000000080100000|100%| O|  |TAMS 0x0000000080100000, 0x0000000080000000| Untracked 
|   1|0x0000000080100000, 0x0000000080200000, 0x0000000080200000|100%| O|  |TAMS 0x0000000080200000, 0x0000000080100000| Untracked 
|   2|0x0000000080200000, 0x0000000080300000, 0x0000000080300000|100%| O|  |TAMS 0x0000000080300000, 0x0000000080200000| Untracked 
|   3|0x0000000080300000, 0x0000000080400000, 0x0000000080400000|100%|HS|  |TAMS 0x0000000080400000, 0x0000000080300000| Complete 
|   4|0x0000000080400000, 0x0000000080500000, 0x0000000080500000|100%|HC|  |TAMS 0x0000000080500000, 0x0000000080400000| Complete 
|   5|0x0000000080500000, 0x0000000080600000, 0x0000000080600000|100%|HC|  |TAMS 0x0000000080600000, 0x0000000080500000| Complete 
|   6|0x0000000080600000, 0x0000000080700000, 0x0000000080700000|100%| O|  |TAMS 0x0000000080700000, 0x0000000080600000| Untracked 
|   7|0x0000000080700000, 0x0000000080800000, 0x0000000080800000|100%| O|  |TAMS 0x0000000080800000, 0x0000000080700000| Untracked 
|   8|0x0000000080800000, 0x0000000080900000, 0x0000000080900000|100%| O|  |TAMS 0x0000000080900000, 0x0000000080800000| Untracked 
|   9|0x0000000080900000, 0x0000000080a00000, 0x0000000080a00000|100%| O|  |TAMS 0x0000000080a00000, 0x0000000080900000| Untracked 
|  10|0x0000000080a00000, 0x0000000080b00000, 0x0000000080b00000|100%| O|  |TAMS 0x0000000080b00000, 0x0000000080a00000| Untracked 
|  11|0x0000000080b00000, 0x0000000080c00000, 0x0000000080c00000|100%| O|  |TAMS 0x0000000080c00000, 0x0000000080b00000| Untracked 
|  12|0x0000000080c00000, 0x0000000080d00000, 0x0000000080d00000|100%| O|  |TAMS 0x0000000080d00000, 0x0000000080c00000| Untracked 
|  13|0x0000000080d00000, 0x0000000080e00000, 0x0000000080e00000|100%| O|  |TAMS 0x0000000080e00000, 0x0000000080d00000| Untracked 
|  14|0x0000000080e00000, 0x0000000080f00000, 0x0000000080f00000|100%| O|  |TAMS 0x0000000080f00000, 0x0000000080e00000| Untracked 
|  15|0x0000000080f00000, 0x0000000081000000, 0x0000000081000000|100%| O|  |TAMS 0x0000000081000000, 0x0000000080f00000| Untracked 
|  16|0x0000000081000000, 0x0000000081100000, 0x0000000081100000|100%| O|  |TAMS 0x0000000081100000, 0x0000000081000000| Untracked 
|  17|0x0000000081100000, 0x0000000081200000, 0x0000000081200000|100%| O|  |TAMS 0x0000000081200000, 0x0000000081100000| Untracked 
|  18|0x0000000081200000, 0x0000000081300000, 0x0000000081300000|100%| O|  |TAMS 0x0000000081300000, 0x0000000081200000| Untracked 
|  19|0x0000000081300000, 0x0000000081400000, 0x0000000081400000|100%| O|  |TAMS 0x0000000081400000, 0x0000000081300000| Untracked 
|  20|0x0000000081400000, 0x0000000081500000, 0x0000000081500000|100%| O|  |TAMS 0x0000000081500000, 0x0000000081400000| Untracked 
|  21|0x0000000081500000, 0x0000000081600000, 0x0000000081600000|100%| O|  |TAMS 0x0000000081600000, 0x0000000081500000| Untracked 
|  22|0x0000000081600000, 0x0000000081700000, 0x0000000081700000|100%| O|  |TAMS 0x0000000081700000, 0x0000000081600000| Untracked 
|  23|0x0000000081700000, 0x0000000081800000, 0x0000000081800000|100%| O|  |TAMS 0x0000000081800000, 0x0000000081700000| Untracked 
|  24|0x0000000081800000, 0x0000000081900000, 0x0000000081900000|100%| O|  |TAMS 0x0000000081900000, 0x0000000081800000| Untracked 
|  25|0x0000000081900000, 0x0000000081a00000, 0x0000000081a00000|100%| O|  |TAMS 0x0000000081a00000, 0x0000000081900000| Untracked 
|  26|0x0000000081a00000, 0x0000000081b00000, 0x0000000081b00000|100%| O|  |TAMS 0x0000000081b00000, 0x0000000081a00000| Untracked 
|  27|0x0000000081b00000, 0x0000000081c00000, 0x0000000081c00000|100%| O|  |TAMS 0x0000000081c00000, 0x0000000081b00000| Untracked 
|  28|0x0000000081c00000, 0x0000000081d00000, 0x0000000081d00000|100%| O|  |TAMS 0x0000000081d00000, 0x0000000081c00000| Untracked 
|  29|0x0000000081d00000, 0x0000000081e00000, 0x0000000081e00000|100%|HS|  |TAMS 0x0000000081e00000, 0x0000000081d00000| Complete 
|  30|0x0000000081e00000, 0x0000000081f00000, 0x0000000081f00000|100%|HS|  |TAMS 0x0000000081f00000, 0x0000000081e00000| Complete 
|  31|0x0000000081f00000, 0x0000000082000000, 0x0000000082000000|100%| O|  |TAMS 0x0000000082000000, 0x0000000081f00000| Untracked 
|  32|0x0000000082000000, 0x0000000082100000, 0x0000000082100000|100%| O|  |TAMS 0x0000000082100000, 0x0000000082000000| Untracked 
|  33|0x0000000082100000, 0x0000000082200000, 0x0000000082200000|100%| O|  |TAMS 0x0000000082200000, 0x0000000082100000| Untracked 
|  34|0x0000000082200000, 0x0000000082300000, 0x0000000082300000|100%|HS|  |TAMS 0x0000000082300000, 0x0000000082200000| Complete 
|  35|0x0000000082300000, 0x0000000082400000, 0x0000000082400000|100%|HC|  |TAMS 0x0000000082400000, 0x0000000082300000| Complete 
|  36|0x0000000082400000, 0x0000000082500000, 0x0000000082500000|100%| O|  |TAMS 0x0000000082500000, 0x0000000082400000| Untracked 
|  37|0x0000000082500000, 0x0000000082600000, 0x0000000082600000|100%| O|  |TAMS 0x0000000082600000, 0x0000000082500000| Untracked 
|  38|0x0000000082600000, 0x0000000082700000, 0x0000000082700000|100%| O|  |TAMS 0x0000000082700000, 0x0000000082600000| Untracked 
|  39|0x0000000082700000, 0x0000000082800000, 0x0000000082800000|100%| O|  |TAMS 0x0000000082800000, 0x0000000082700000| Untracked 
|  40|0x0000000082800000, 0x0000000082900000, 0x0000000082900000|100%| O|  |TAMS 0x0000000082900000, 0x0000000082800000| Untracked 
|  41|0x0000000082900000, 0x0000000082a00000, 0x0000000082a00000|100%| O|  |TAMS 0x0000000082a00000, 0x0000000082900000| Untracked 
|  42|0x0000000082a00000, 0x0000000082b00000, 0x0000000082b00000|100%| O|  |TAMS 0x0000000082b00000, 0x0000000082a00000| Untracked 
|  43|0x0000000082b00000, 0x0000000082c00000, 0x0000000082c00000|100%| O|  |TAMS 0x0000000082c00000, 0x0000000082b00000| Untracked 
|  44|0x0000000082c00000, 0x0000000082d00000, 0x0000000082d00000|100%| O|  |TAMS 0x0000000082d00000, 0x0000000082c00000| Untracked 
|  45|0x0000000082d00000, 0x0000000082e00000, 0x0000000082e00000|100%| O|  |TAMS 0x0000000082e00000, 0x0000000082d00000| Untracked 
|  46|0x0000000082e00000, 0x0000000082f00000, 0x0000000082f00000|100%| O|  |TAMS 0x0000000082f00000, 0x0000000082e00000| Untracked 
|  47|0x0000000082f00000, 0x0000000083000000, 0x0000000083000000|100%| O|  |TAMS 0x0000000083000000, 0x0000000082f00000| Untracked 
|  48|0x0000000083000000, 0x0000000083100000, 0x0000000083100000|100%| O|  |TAMS 0x0000000083100000, 0x0000000083000000| Untracked 
|  49|0x0000000083100000, 0x0000000083200000, 0x0000000083200000|100%| O|  |TAMS 0x0000000083200000, 0x0000000083100000| Untracked 
|  50|0x0000000083200000, 0x0000000083300000, 0x0000000083300000|100%| O|  |TAMS 0x0000000083300000, 0x0000000083200000| Untracked 
|  51|0x0000000083300000, 0x0000000083400000, 0x0000000083400000|100%| O|  |TAMS 0x0000000083400000, 0x0000000083300000| Untracked 
|  52|0x0000000083400000, 0x0000000083500000, 0x0000000083500000|100%| O|  |TAMS 0x0000000083500000, 0x0000000083400000| Untracked 
|  53|0x0000000083500000, 0x0000000083600000, 0x0000000083600000|100%| O|  |TAMS 0x0000000083600000, 0x0000000083500000| Untracked 
|  54|0x0000000083600000, 0x0000000083700000, 0x0000000083700000|100%| O|  |TAMS 0x0000000083700000, 0x0000000083600000| Untracked 
|  55|0x0000000083700000, 0x0000000083800000, 0x0000000083800000|100%| O|  |TAMS 0x0000000083800000, 0x0000000083700000| Untracked 
|  56|0x0000000083800000, 0x0000000083900000, 0x0000000083900000|100%| O|  |TAMS 0x0000000083900000, 0x0000000083800000| Untracked 
|  57|0x0000000083900000, 0x0000000083a00000, 0x0000000083a00000|100%| O|  |TAMS 0x0000000083a00000, 0x0000000083900000| Untracked 
|  58|0x0000000083a00000, 0x0000000083b00000, 0x0000000083b00000|100%| O|  |TAMS 0x0000000083b00000, 0x0000000083a00000| Untracked 
|  59|0x0000000083b00000, 0x0000000083c00000, 0x0000000083c00000|100%| O|  |TAMS 0x0000000083c00000, 0x0000000083b00000| Untracked 
|  60|0x0000000083c00000, 0x0000000083d00000, 0x0000000083d00000|100%| O|  |TAMS 0x0000000083d00000, 0x0000000083c00000| Untracked 
|  61|0x0000000083d00000, 0x0000000083e00000, 0x0000000083e00000|100%| O|  |TAMS 0x0000000083e00000, 0x0000000083d00000| Untracked 
|  62|0x0000000083e00000, 0x0000000083f00000, 0x0000000083f00000|100%| O|  |TAMS 0x0000000083f00000, 0x0000000083e00000| Untracked 
|  63|0x0000000083f00000, 0x0000000084000000, 0x0000000084000000|100%| O|  |TAMS 0x0000000084000000, 0x0000000083f00000| Untracked 
|  64|0x0000000084000000, 0x0000000084100000, 0x0000000084100000|100%| O|  |TAMS 0x0000000084100000, 0x0000000084000000| Untracked 
|  65|0x0000000084100000, 0x0000000084200000, 0x0000000084200000|100%| O|  |TAMS 0x0000000084200000, 0x0000000084100000| Untracked 
|  66|0x0000000084200000, 0x0000000084300000, 0x0000000084300000|100%| O|  |TAMS 0x0000000084300000, 0x0000000084200000| Untracked 
|  67|0x0000000084300000, 0x0000000084400000, 0x0000000084400000|100%| O|  |TAMS 0x0000000084400000, 0x0000000084300000| Untracked 
|  68|0x0000000084400000, 0x0000000084500000, 0x0000000084500000|100%| O|  |TAMS 0x0000000084500000, 0x0000000084400000| Untracked 
|  69|0x0000000084500000, 0x0000000084600000, 0x0000000084600000|100%| O|  |TAMS 0x0000000084500000, 0x0000000084500000| Untracked 
|  70|0x0000000084600000, 0x0000000084700000, 0x0000000084700000|100%| O|  |TAMS 0x0000000084600000, 0x0000000084600000| Untracked 
|  71|0x0000000084700000, 0x0000000084800000, 0x0000000084800000|100%| O|  |TAMS 0x0000000084700000, 0x0000000084700000| Untracked 
|  72|0x0000000084800000, 0x0000000084900000, 0x0000000084900000|100%| O|  |TAMS 0x0000000084800000, 0x0000000084800000| Untracked 
|  73|0x0000000084900000, 0x0000000084a00000, 0x0000000084a00000|100%|HS|  |TAMS 0x0000000084900000, 0x0000000084900000| Complete 
|  74|0x0000000084a00000, 0x0000000084b00000, 0x0000000084b00000|100%|HC|  |TAMS 0x0000000084a00000, 0x0000000084a00000| Complete 
|  75|0x0000000084b00000, 0x0000000084c00000, 0x0000000084c00000|100%| O|  |TAMS 0x0000000084c00000, 0x0000000084b00000| Untracked 
|  76|0x0000000084c00000, 0x0000000084d00000, 0x0000000084d00000|100%| O|  |TAMS 0x0000000084c00000, 0x0000000084c00000| Untracked 
|  77|0x0000000084d00000, 0x0000000084e00000, 0x0000000084e00000|100%| O|  |TAMS 0x0000000084d00000, 0x0000000084d00000| Untracked 
|  78|0x0000000084e00000, 0x0000000084f00000, 0x0000000084f00000|100%| O|  |TAMS 0x0000000084e00000, 0x0000000084e00000| Untracked 
|  79|0x0000000084f00000, 0x0000000085000000, 0x0000000085000000|100%| O|  |TAMS 0x0000000084f00000, 0x0000000084f00000| Untracked 
|  80|0x0000000085000000, 0x0000000085100000, 0x0000000085100000|100%| O|  |TAMS 0x0000000085100000, 0x0000000085000000| Untracked 
|  81|0x0000000085100000, 0x0000000085200000, 0x0000000085200000|100%| O|  |TAMS 0x0000000085200000, 0x0000000085100000| Untracked 
|  82|0x0000000085200000, 0x0000000085300000, 0x0000000085300000|100%| O|  |TAMS 0x0000000085300000, 0x0000000085200000| Untracked 
|  83|0x0000000085300000, 0x0000000085400000, 0x0000000085400000|100%| O|  |TAMS 0x0000000085400000, 0x0000000085300000| Untracked 
|  84|0x0000000085400000, 0x0000000085500000, 0x0000000085500000|100%| O|  |TAMS 0x0000000085500000, 0x0000000085400000| Untracked 
|  85|0x0000000085500000, 0x0000000085600000, 0x0000000085600000|100%| O|  |TAMS 0x0000000085500000, 0x0000000085500000| Untracked 
|  86|0x0000000085600000, 0x0000000085700000, 0x0000000085700000|100%| O|  |TAMS 0x0000000085600000, 0x0000000085600000| Untracked 
|  87|0x0000000085700000, 0x0000000085800000, 0x0000000085800000|100%| O|  |TAMS 0x0000000085700000, 0x0000000085700000| Untracked 
|  88|0x0000000085800000, 0x0000000085900000, 0x0000000085900000|100%| O|  |TAMS 0x0000000085800000, 0x0000000085800000| Untracked 
|  89|0x0000000085900000, 0x0000000085a00000, 0x0000000085a00000|100%| O|  |TAMS 0x0000000085900000, 0x0000000085900000| Untracked 
|  90|0x0000000085a00000, 0x0000000085b00000, 0x0000000085b00000|100%| O|  |TAMS 0x0000000085a00000, 0x0000000085a00000| Untracked 
|  91|0x0000000085b00000, 0x0000000085c00000, 0x0000000085c00000|100%| O|  |TAMS 0x0000000085b00000, 0x0000000085b00000| Untracked 
|  92|0x0000000085c00000, 0x0000000085d00000, 0x0000000085d00000|100%| O|  |TAMS 0x0000000085c00000, 0x0000000085c00000| Untracked 
|  93|0x0000000085d00000, 0x0000000085e00000, 0x0000000085e00000|100%| O|  |TAMS 0x0000000085d00000, 0x0000000085d00000| Untracked 
|  94|0x0000000085e00000, 0x0000000085f00000, 0x0000000085f00000|100%| O|  |TAMS 0x0000000085e00000, 0x0000000085e00000| Untracked 
|  95|0x0000000085f00000, 0x0000000086000000, 0x0000000086000000|100%| O|  |TAMS 0x0000000085f00000, 0x0000000085f00000| Untracked 
|  96|0x0000000086000000, 0x0000000086100000, 0x0000000086100000|100%| O|  |TAMS 0x0000000086000000, 0x0000000086000000| Untracked 
|  97|0x0000000086100000, 0x0000000086200000, 0x0000000086200000|100%| O|  |TAMS 0x0000000086100000, 0x0000000086100000| Untracked 
|  98|0x0000000086200000, 0x0000000086300000, 0x0000000086300000|100%| O|  |TAMS 0x0000000086200000, 0x0000000086200000| Untracked 
|  99|0x0000000086300000, 0x0000000086400000, 0x0000000086400000|100%| O|  |TAMS 0x0000000086300000, 0x0000000086300000| Untracked 
| 100|0x0000000086400000, 0x0000000086500000, 0x0000000086500000|100%| O|  |TAMS 0x0000000086500000, 0x0000000086400000| Untracked 
| 101|0x0000000086500000, 0x0000000086600000, 0x0000000086600000|100%| O|  |TAMS 0x0000000086600000, 0x0000000086500000| Untracked 
| 102|0x0000000086600000, 0x0000000086700000, 0x0000000086700000|100%| O|  |TAMS 0x0000000086700000, 0x0000000086600000| Untracked 
| 103|0x0000000086700000, 0x0000000086800000, 0x0000000086800000|100%| O|  |TAMS 0x0000000086700000, 0x0000000086700000| Untracked 
| 104|0x0000000086800000, 0x0000000086900000, 0x0000000086900000|100%| O|  |TAMS 0x0000000086800000, 0x0000000086800000| Untracked 
| 105|0x0000000086900000, 0x0000000086a00000, 0x0000000086a00000|100%| O|  |TAMS 0x0000000086a00000, 0x0000000086900000| Untracked 
| 106|0x0000000086a00000, 0x0000000086b00000, 0x0000000086b00000|100%| O|  |TAMS 0x0000000086b00000, 0x0000000086a00000| Untracked 
| 107|0x0000000086b00000, 0x0000000086c00000, 0x0000000086c00000|100%| O|  |TAMS 0x0000000086bd8600, 0x0000000086b00000| Untracked 
| 108|0x0000000086c00000, 0x0000000086d00000, 0x0000000086d00000|100%| O|  |TAMS 0x0000000086c00000, 0x0000000086c00000| Untracked 
| 109|0x0000000086d00000, 0x0000000086e00000, 0x0000000086e00000|100%| O|  |TAMS 0x0000000086d00000, 0x0000000086d00000| Untracked 
| 110|0x0000000086e00000, 0x0000000086f00000, 0x0000000086f00000|100%| O|  |TAMS 0x0000000086e00000, 0x0000000086e00000| Untracked 
| 111|0x0000000086f00000, 0x0000000087000000, 0x0000000087000000|100%| O|  |TAMS 0x0000000086f00000, 0x0000000086f00000| Untracked 
| 112|0x0000000087000000, 0x0000000087100000, 0x0000000087100000|100%| O|  |TAMS 0x0000000087000000, 0x0000000087000000| Untracked 
| 113|0x0000000087100000, 0x0000000087200000, 0x0000000087200000|100%| O|  |TAMS 0x0000000087100000, 0x0000000087100000| Untracked 
| 114|0x0000000087200000, 0x0000000087300000, 0x0000000087300000|100%| O|  |TAMS 0x0000000087200000, 0x0000000087200000| Untracked 
| 115|0x0000000087300000, 0x0000000087400000, 0x0000000087400000|100%| O|  |TAMS 0x0000000087300000, 0x0000000087300000| Untracked 
| 116|0x0000000087400000, 0x0000000087500000, 0x0000000087500000|100%| O|  |TAMS 0x0000000087400000, 0x0000000087400000| Untracked 
| 117|0x0000000087500000, 0x0000000087600000, 0x0000000087600000|100%| O|  |TAMS 0x0000000087600000, 0x0000000087500000| Untracked 
| 118|0x0000000087600000, 0x0000000087700000, 0x0000000087700000|100%| O|  |TAMS 0x0000000087700000, 0x0000000087600000| Untracked 
| 119|0x0000000087700000, 0x0000000087700000, 0x0000000087800000|  0%| F|  |TAMS 0x0000000087700000, 0x0000000087700000| Untracked 
| 120|0x0000000087800000, 0x0000000087800000, 0x0000000087900000|  0%| F|  |TAMS 0x0000000087800000, 0x0000000087800000| Untracked 
| 121|0x0000000087900000, 0x0000000087a00000, 0x0000000087a00000|100%| O|  |TAMS 0x0000000087a00000, 0x0000000087900000| Untracked 
| 122|0x0000000087a00000, 0x0000000087b00000, 0x0000000087b00000|100%| O|  |TAMS 0x0000000087b00000, 0x0000000087a00000| Untracked 
| 123|0x0000000087b00000, 0x0000000087b00000, 0x0000000087c00000|  0%| F|  |TAMS 0x0000000087b00000, 0x0000000087b00000| Untracked 
| 124|0x0000000087c00000, 0x0000000087c00000, 0x0000000087d00000|  0%| F|  |TAMS 0x0000000087c00000, 0x0000000087c00000| Untracked 
| 125|0x0000000087d00000, 0x0000000087d00000, 0x0000000087e00000|  0%| F|  |TAMS 0x0000000087d00000, 0x0000000087d00000| Untracked 
| 126|0x0000000087e00000, 0x0000000087e00000, 0x0000000087f00000|  0%| F|  |TAMS 0x0000000087e00000, 0x0000000087e00000| Untracked 
| 127|0x0000000087f00000, 0x0000000087f00000, 0x0000000088000000|  0%| F|  |TAMS 0x0000000087f00000, 0x0000000087f00000| Untracked 
| 128|0x0000000088000000, 0x0000000088000000, 0x0000000088100000|  0%| F|  |TAMS 0x0000000088000000, 0x0000000088000000| Untracked 
| 129|0x0000000088100000, 0x0000000088100000, 0x0000000088200000|  0%| F|  |TAMS 0x0000000088100000, 0x0000000088100000| Untracked 
| 130|0x0000000088200000, 0x0000000088200000, 0x0000000088300000|  0%| F|  |TAMS 0x0000000088200000, 0x0000000088200000| Untracked 
| 131|0x0000000088300000, 0x0000000088300000, 0x0000000088400000|  0%| F|  |TAMS 0x0000000088300000, 0x0000000088300000| Untracked 
| 132|0x0000000088400000, 0x0000000088400000, 0x0000000088500000|  0%| F|  |TAMS 0x0000000088400000, 0x0000000088400000| Untracked 
| 133|0x0000000088500000, 0x0000000088500000, 0x0000000088600000|  0%| F|  |TAMS 0x0000000088500000, 0x0000000088500000| Untracked 
| 134|0x0000000088600000, 0x0000000088600000, 0x0000000088700000|  0%| F|  |TAMS 0x0000000088600000, 0x0000000088600000| Untracked 
| 135|0x0000000088700000, 0x0000000088700000, 0x0000000088800000|  0%| F|  |TAMS 0x0000000088700000, 0x0000000088700000| Untracked 
| 136|0x0000000088800000, 0x0000000088800000, 0x0000000088900000|  0%| F|  |TAMS 0x0000000088800000, 0x0000000088800000| Untracked 
| 137|0x0000000088900000, 0x0000000088900000, 0x0000000088a00000|  0%| F|  |TAMS 0x0000000088900000, 0x0000000088900000| Untracked 
| 138|0x0000000088a00000, 0x0000000088a00000, 0x0000000088b00000|  0%| F|  |TAMS 0x0000000088a00000, 0x0000000088a00000| Untracked 
| 139|0x0000000088b00000, 0x0000000088b00000, 0x0000000088c00000|  0%| F|  |TAMS 0x0000000088b00000, 0x0000000088b00000| Untracked 
| 140|0x0000000088c00000, 0x0000000088c00000, 0x0000000088d00000|  0%| F|  |TAMS 0x0000000088c00000, 0x0000000088c00000| Untracked 
| 141|0x0000000088d00000, 0x0000000088d00000, 0x0000000088e00000|  0%| F|  |TAMS 0x0000000088d00000, 0x0000000088d00000| Untracked 
| 142|0x0000000088e00000, 0x0000000088e00000, 0x0000000088f00000|  0%| F|  |TAMS 0x0000000088e00000, 0x0000000088e00000| Untracked 
| 143|0x0000000088f00000, 0x0000000088f00000, 0x0000000089000000|  0%| F|  |TAMS 0x0000000088f00000, 0x0000000088f00000| Untracked 
| 144|0x0000000089000000, 0x0000000089000000, 0x0000000089100000|  0%| F|  |TAMS 0x0000000089000000, 0x0000000089000000| Untracked 
| 145|0x0000000089100000, 0x0000000089100000, 0x0000000089200000|  0%| F|  |TAMS 0x0000000089100000, 0x0000000089100000| Untracked 
| 146|0x0000000089200000, 0x0000000089200000, 0x0000000089300000|  0%| F|  |TAMS 0x0000000089200000, 0x0000000089200000| Untracked 
| 147|0x0000000089300000, 0x0000000089300000, 0x0000000089400000|  0%| F|  |TAMS 0x0000000089300000, 0x0000000089300000| Untracked 
| 148|0x0000000089400000, 0x0000000089400000, 0x0000000089500000|  0%| F|  |TAMS 0x0000000089400000, 0x0000000089400000| Untracked 
| 149|0x0000000089500000, 0x0000000089500000, 0x0000000089600000|  0%| F|  |TAMS 0x0000000089500000, 0x0000000089500000| Untracked 
| 150|0x0000000089600000, 0x0000000089600000, 0x0000000089700000|  0%| F|  |TAMS 0x0000000089600000, 0x0000000089600000| Untracked 
| 151|0x0000000089700000, 0x0000000089700000, 0x0000000089800000|  0%| F|  |TAMS 0x0000000089700000, 0x0000000089700000| Untracked 
| 152|0x0000000089800000, 0x0000000089800000, 0x0000000089900000|  0%| F|  |TAMS 0x0000000089800000, 0x0000000089800000| Untracked 
| 153|0x0000000089900000, 0x0000000089900000, 0x0000000089a00000|  0%| F|  |TAMS 0x0000000089900000, 0x0000000089900000| Untracked 
| 154|0x0000000089a00000, 0x0000000089a00000, 0x0000000089b00000|  0%| F|  |TAMS 0x0000000089a00000, 0x0000000089a00000| Untracked 
| 155|0x0000000089b00000, 0x0000000089b00000, 0x0000000089c00000|  0%| F|  |TAMS 0x0000000089b00000, 0x0000000089b00000| Untracked 
| 156|0x0000000089c00000, 0x0000000089c00000, 0x0000000089d00000|  0%| F|  |TAMS 0x0000000089c00000, 0x0000000089c00000| Untracked 
| 157|0x0000000089d00000, 0x0000000089d00000, 0x0000000089e00000|  0%| F|  |TAMS 0x0000000089d00000, 0x0000000089d00000| Untracked 
| 158|0x0000000089e00000, 0x0000000089e00000, 0x0000000089f00000|  0%| F|  |TAMS 0x0000000089e00000, 0x0000000089e00000| Untracked 
| 159|0x0000000089f00000, 0x0000000089f00000, 0x000000008a000000|  0%| F|  |TAMS 0x0000000089f00000, 0x0000000089f00000| Untracked 
| 160|0x000000008a000000, 0x000000008a000000, 0x000000008a100000|  0%| F|  |TAMS 0x000000008a000000, 0x000000008a000000| Untracked 
| 161|0x000000008a100000, 0x000000008a100000, 0x000000008a200000|  0%| F|  |TAMS 0x000000008a100000, 0x000000008a100000| Untracked 
| 162|0x000000008a200000, 0x000000008a200000, 0x000000008a300000|  0%| F|  |TAMS 0x000000008a200000, 0x000000008a200000| Untracked 
| 163|0x000000008a300000, 0x000000008a300000, 0x000000008a400000|  0%| F|  |TAMS 0x000000008a300000, 0x000000008a300000| Untracked 
| 164|0x000000008a400000, 0x000000008a400000, 0x000000008a500000|  0%| F|  |TAMS 0x000000008a400000, 0x000000008a400000| Untracked 
| 165|0x000000008a500000, 0x000000008a500000, 0x000000008a600000|  0%| F|  |TAMS 0x000000008a500000, 0x000000008a500000| Untracked 
| 166|0x000000008a600000, 0x000000008a600000, 0x000000008a700000|  0%| F|  |TAMS 0x000000008a600000, 0x000000008a600000| Untracked 
| 167|0x000000008a700000, 0x000000008a700000, 0x000000008a800000|  0%| F|  |TAMS 0x000000008a700000, 0x000000008a700000| Untracked 
| 168|0x000000008a800000, 0x000000008a800000, 0x000000008a900000|  0%| F|  |TAMS 0x000000008a800000, 0x000000008a800000| Untracked 
| 169|0x000000008a900000, 0x000000008a900000, 0x000000008aa00000|  0%| F|  |TAMS 0x000000008a900000, 0x000000008a900000| Untracked 
| 170|0x000000008aa00000, 0x000000008aa00000, 0x000000008ab00000|  0%| F|  |TAMS 0x000000008aa00000, 0x000000008aa00000| Untracked 
| 171|0x000000008ab00000, 0x000000008ab00000, 0x000000008ac00000|  0%| F|  |TAMS 0x000000008ab00000, 0x000000008ab00000| Untracked 
| 172|0x000000008ac00000, 0x000000008ac00000, 0x000000008ad00000|  0%| F|  |TAMS 0x000000008ac00000, 0x000000008ac00000| Untracked 
| 173|0x000000008ad00000, 0x000000008ad00000, 0x000000008ae00000|  0%| F|  |TAMS 0x000000008ad00000, 0x000000008ad00000| Untracked 
| 174|0x000000008ae00000, 0x000000008ae00000, 0x000000008af00000|  0%| F|  |TAMS 0x000000008ae00000, 0x000000008ae00000| Untracked 
| 175|0x000000008af00000, 0x000000008af00000, 0x000000008b000000|  0%| F|  |TAMS 0x000000008af00000, 0x000000008af00000| Untracked 
| 176|0x000000008b000000, 0x000000008b100000, 0x000000008b100000|100%| S|CS|TAMS 0x000000008b000000, 0x000000008b000000| Complete 
| 177|0x000000008b100000, 0x000000008b200000, 0x000000008b200000|100%| S|CS|TAMS 0x000000008b100000, 0x000000008b100000| Complete 
| 178|0x000000008b200000, 0x000000008b300000, 0x000000008b300000|100%| S|CS|TAMS 0x000000008b200000, 0x000000008b200000| Complete 
| 179|0x000000008b300000, 0x000000008b400000, 0x000000008b400000|100%| S|CS|TAMS 0x000000008b300000, 0x000000008b300000| Complete 
| 180|0x000000008b400000, 0x000000008b400000, 0x000000008b500000|  0%| F|  |TAMS 0x000000008b400000, 0x000000008b400000| Untracked 
| 181|0x000000008b500000, 0x000000008b500000, 0x000000008b600000|  0%| F|  |TAMS 0x000000008b500000, 0x000000008b500000| Untracked 
| 182|0x000000008b600000, 0x000000008b600000, 0x000000008b700000|  0%| F|  |TAMS 0x000000008b600000, 0x000000008b600000| Untracked 
| 183|0x000000008b700000, 0x000000008b700000, 0x000000008b800000|  0%| F|  |TAMS 0x000000008b700000, 0x000000008b700000| Untracked 
| 184|0x000000008b800000, 0x000000008b800000, 0x000000008b900000|  0%| F|  |TAMS 0x000000008b800000, 0x000000008b800000| Untracked 
| 185|0x000000008b900000, 0x000000008b900000, 0x000000008ba00000|  0%| F|  |TAMS 0x000000008b900000, 0x000000008b900000| Untracked 
| 186|0x000000008ba00000, 0x000000008ba00000, 0x000000008bb00000|  0%| F|  |TAMS 0x000000008ba00000, 0x000000008ba00000| Untracked 
| 187|0x000000008bb00000, 0x000000008bb00000, 0x000000008bc00000|  0%| F|  |TAMS 0x000000008bb00000, 0x000000008bb00000| Untracked 
| 188|0x000000008bc00000, 0x000000008bc00000, 0x000000008bd00000|  0%| F|  |TAMS 0x000000008bc00000, 0x000000008bc00000| Untracked 
| 189|0x000000008bd00000, 0x000000008bd00000, 0x000000008be00000|  0%| F|  |TAMS 0x000000008bd00000, 0x000000008bd00000| Untracked 
| 190|0x000000008be00000, 0x000000008be00000, 0x000000008bf00000|  0%| F|  |TAMS 0x000000008be00000, 0x000000008be00000| Untracked 
| 191|0x000000008bf00000, 0x000000008bf00000, 0x000000008c000000|  0%| F|  |TAMS 0x000000008bf00000, 0x000000008bf00000| Untracked 
| 192|0x000000008c000000, 0x000000008c000000, 0x000000008c100000|  0%| F|  |TAMS 0x000000008c000000, 0x000000008c000000| Untracked 
| 193|0x000000008c100000, 0x000000008c100000, 0x000000008c200000|  0%| F|  |TAMS 0x000000008c100000, 0x000000008c100000| Untracked 
| 194|0x000000008c200000, 0x000000008c200000, 0x000000008c300000|  0%| F|  |TAMS 0x000000008c200000, 0x000000008c200000| Untracked 
| 195|0x000000008c300000, 0x000000008c300000, 0x000000008c400000|  0%| F|  |TAMS 0x000000008c300000, 0x000000008c300000| Untracked 
| 196|0x000000008c400000, 0x000000008c400000, 0x000000008c500000|  0%| F|  |TAMS 0x000000008c400000, 0x000000008c400000| Untracked 
| 197|0x000000008c500000, 0x000000008c500000, 0x000000008c600000|  0%| F|  |TAMS 0x000000008c500000, 0x000000008c500000| Untracked 
| 198|0x000000008c600000, 0x000000008c600000, 0x000000008c700000|  0%| F|  |TAMS 0x000000008c600000, 0x000000008c600000| Untracked 
| 199|0x000000008c700000, 0x000000008c700000, 0x000000008c800000|  0%| F|  |TAMS 0x000000008c700000, 0x000000008c700000| Untracked 
| 200|0x000000008c800000, 0x000000008c800000, 0x000000008c900000|  0%| F|  |TAMS 0x000000008c800000, 0x000000008c800000| Untracked 
| 201|0x000000008c900000, 0x000000008c900000, 0x000000008ca00000|  0%| F|  |TAMS 0x000000008c900000, 0x000000008c900000| Untracked 
| 202|0x000000008ca00000, 0x000000008ca00000, 0x000000008cb00000|  0%| F|  |TAMS 0x000000008ca00000, 0x000000008ca00000| Untracked 
| 203|0x000000008cb00000, 0x000000008cb00000, 0x000000008cc00000|  0%| F|  |TAMS 0x000000008cb00000, 0x000000008cb00000| Untracked 
| 204|0x000000008cc00000, 0x000000008cc00000, 0x000000008cd00000|  0%| F|  |TAMS 0x000000008cc00000, 0x000000008cc00000| Untracked 
| 205|0x000000008cd00000, 0x000000008cd00000, 0x000000008ce00000|  0%| F|  |TAMS 0x000000008cd00000, 0x000000008cd00000| Untracked 
| 206|0x000000008ce00000, 0x000000008ce00000, 0x000000008cf00000|  0%| F|  |TAMS 0x000000008ce00000, 0x000000008ce00000| Untracked 
| 207|0x000000008cf00000, 0x000000008cf00000, 0x000000008d000000|  0%| F|  |TAMS 0x000000008cf00000, 0x000000008cf00000| Untracked 
| 208|0x000000008d000000, 0x000000008d000000, 0x000000008d100000|  0%| F|  |TAMS 0x000000008d000000, 0x000000008d000000| Untracked 
| 209|0x000000008d100000, 0x000000008d100000, 0x000000008d200000|  0%| F|  |TAMS 0x000000008d100000, 0x000000008d100000| Untracked 
| 210|0x000000008d200000, 0x000000008d200000, 0x000000008d300000|  0%| F|  |TAMS 0x000000008d200000, 0x000000008d200000| Untracked 
| 211|0x000000008d300000, 0x000000008d300000, 0x000000008d400000|  0%| F|  |TAMS 0x000000008d300000, 0x000000008d300000| Untracked 
| 212|0x000000008d400000, 0x000000008d400000, 0x000000008d500000|  0%| F|  |TAMS 0x000000008d400000, 0x000000008d400000| Untracked 
| 213|0x000000008d500000, 0x000000008d500000, 0x000000008d600000|  0%| F|  |TAMS 0x000000008d500000, 0x000000008d500000| Untracked 
| 214|0x000000008d600000, 0x000000008d600000, 0x000000008d700000|  0%| F|  |TAMS 0x000000008d600000, 0x000000008d600000| Untracked 
| 215|0x000000008d700000, 0x000000008d700000, 0x000000008d800000|  0%| F|  |TAMS 0x000000008d700000, 0x000000008d700000| Untracked 
| 216|0x000000008d800000, 0x000000008d800000, 0x000000008d900000|  0%| F|  |TAMS 0x000000008d800000, 0x000000008d800000| Untracked 
| 217|0x000000008d900000, 0x000000008d900000, 0x000000008da00000|  0%| F|  |TAMS 0x000000008d900000, 0x000000008d900000| Untracked 
| 218|0x000000008da00000, 0x000000008da00000, 0x000000008db00000|  0%| F|  |TAMS 0x000000008da00000, 0x000000008da00000| Untracked 
| 219|0x000000008db00000, 0x000000008db00000, 0x000000008dc00000|  0%| F|  |TAMS 0x000000008db00000, 0x000000008db00000| Untracked 
| 220|0x000000008dc00000, 0x000000008dc00000, 0x000000008dd00000|  0%| F|  |TAMS 0x000000008dc00000, 0x000000008dc00000| Untracked 
| 221|0x000000008dd00000, 0x000000008dd00000, 0x000000008de00000|  0%| F|  |TAMS 0x000000008dd00000, 0x000000008dd00000| Untracked 
| 222|0x000000008de00000, 0x000000008de00000, 0x000000008df00000|  0%| F|  |TAMS 0x000000008de00000, 0x000000008de00000| Untracked 
| 223|0x000000008df00000, 0x000000008df00000, 0x000000008e000000|  0%| F|  |TAMS 0x000000008df00000, 0x000000008df00000| Untracked 
| 224|0x000000008e000000, 0x000000008e000000, 0x000000008e100000|  0%| F|  |TAMS 0x000000008e000000, 0x000000008e000000| Untracked 
| 225|0x000000008e100000, 0x000000008e100000, 0x000000008e200000|  0%| F|  |TAMS 0x000000008e100000, 0x000000008e100000| Untracked 
| 226|0x000000008e200000, 0x000000008e200000, 0x000000008e300000|  0%| F|  |TAMS 0x000000008e200000, 0x000000008e200000| Untracked 
| 227|0x000000008e300000, 0x000000008e300000, 0x000000008e400000|  0%| F|  |TAMS 0x000000008e300000, 0x000000008e300000| Untracked 
| 228|0x000000008e400000, 0x000000008e400000, 0x000000008e500000|  0%| F|  |TAMS 0x000000008e400000, 0x000000008e400000| Untracked 
| 229|0x000000008e500000, 0x000000008e500000, 0x000000008e600000|  0%| F|  |TAMS 0x000000008e500000, 0x000000008e500000| Untracked 
| 230|0x000000008e600000, 0x000000008e600000, 0x000000008e700000|  0%| F|  |TAMS 0x000000008e600000, 0x000000008e600000| Untracked 
| 231|0x000000008e700000, 0x000000008e700000, 0x000000008e800000|  0%| F|  |TAMS 0x000000008e700000, 0x000000008e700000| Untracked 
| 232|0x000000008e800000, 0x000000008e800000, 0x000000008e900000|  0%| F|  |TAMS 0x000000008e800000, 0x000000008e800000| Untracked 
| 233|0x000000008e900000, 0x000000008e900000, 0x000000008ea00000|  0%| F|  |TAMS 0x000000008e900000, 0x000000008e900000| Untracked 
| 234|0x000000008ea00000, 0x000000008ea00000, 0x000000008eb00000|  0%| F|  |TAMS 0x000000008ea00000, 0x000000008ea00000| Untracked 
| 235|0x000000008eb00000, 0x000000008eb00000, 0x000000008ec00000|  0%| F|  |TAMS 0x000000008eb00000, 0x000000008eb00000| Untracked 
| 236|0x000000008ec00000, 0x000000008ec00000, 0x000000008ed00000|  0%| F|  |TAMS 0x000000008ec00000, 0x000000008ec00000| Untracked 
| 237|0x000000008ed00000, 0x000000008ed00000, 0x000000008ee00000|  0%| F|  |TAMS 0x000000008ed00000, 0x000000008ed00000| Untracked 
| 238|0x000000008ee00000, 0x000000008ee00000, 0x000000008ef00000|  0%| F|  |TAMS 0x000000008ee00000, 0x000000008ee00000| Untracked 
| 239|0x000000008ef00000, 0x000000008ef00000, 0x000000008f000000|  0%| F|  |TAMS 0x000000008ef00000, 0x000000008ef00000| Untracked 
| 240|0x000000008f000000, 0x000000008f000000, 0x000000008f100000|  0%| F|  |TAMS 0x000000008f000000, 0x000000008f000000| Untracked 
| 241|0x000000008f100000, 0x000000008f100000, 0x000000008f200000|  0%| F|  |TAMS 0x000000008f100000, 0x000000008f100000| Untracked 
| 242|0x000000008f200000, 0x000000008f200000, 0x000000008f300000|  0%| F|  |TAMS 0x000000008f200000, 0x000000008f200000| Untracked 
| 243|0x000000008f300000, 0x000000008f300000, 0x000000008f400000|  0%| F|  |TAMS 0x000000008f300000, 0x000000008f300000| Untracked 
| 244|0x000000008f400000, 0x000000008f400000, 0x000000008f500000|  0%| F|  |TAMS 0x000000008f400000, 0x000000008f400000| Untracked 
| 245|0x000000008f500000, 0x000000008f500000, 0x000000008f600000|  0%| F|  |TAMS 0x000000008f500000, 0x000000008f500000| Untracked 
| 246|0x000000008f600000, 0x000000008f600000, 0x000000008f700000|  0%| F|  |TAMS 0x000000008f600000, 0x000000008f600000| Untracked 
| 247|0x000000008f700000, 0x000000008f700000, 0x000000008f800000|  0%| F|  |TAMS 0x000000008f700000, 0x000000008f700000| Untracked 
| 248|0x000000008f800000, 0x000000008f800000, 0x000000008f900000|  0%| F|  |TAMS 0x000000008f800000, 0x000000008f800000| Untracked 
| 249|0x000000008f900000, 0x000000008f900000, 0x000000008fa00000|  0%| F|  |TAMS 0x000000008f900000, 0x000000008f900000| Untracked 
| 250|0x000000008fa00000, 0x000000008fa00000, 0x000000008fb00000|  0%| F|  |TAMS 0x000000008fa00000, 0x000000008fa00000| Untracked 

Card table byte_map: [0x000001c07ded0000,0x000001c07e2d0000] _byte_map_base: 0x000001c07dad0000

Marking Bits (Prev, Next): (CMBitMap*) 0x000001c06acc0e80, (CMBitMap*) 0x000001c06acc0e48
 Prev Bits: [0x000001c002000000, 0x000001c004000000)
 Next Bits: [0x000001c000000000, 0x000001c002000000)

Polling page: 0x000001c06a460000

Metaspace:

Usage:
  Non-class:     99.36 MB capacity,    97.75 MB ( 98%) used,     1.28 MB (  1%) free+waste,   336.56 KB ( <1%) overhead. 
      Class:     15.22 MB capacity,    14.21 MB ( 93%) used,   883.38 KB (  6%) free+waste,   150.88 KB ( <1%) overhead. 
       Both:    114.58 MB capacity,   111.96 MB ( 98%) used,     2.15 MB (  2%) free+waste,   487.44 KB ( <1%) overhead. 

Virtual space:
  Non-class space:      100.00 MB reserved,      99.50 MB (>99%) committed 
      Class space:        1.00 GB reserved,      15.25 MB (  1%) committed 
             Both:        1.10 GB reserved,     114.75 MB ( 10%) committed 

Chunk freelists:
   Non-Class:  16.00 KB
       Class:  29.00 KB
        Both:  45.00 KB

MaxMetaspaceSize: 17179869184.00 GB
CompressedClassSpaceSize: 1.00 GB
Initial GC threshold: 20.80 MB
Current GC threshold: 158.75 MB
CDS: off

CodeHeap 'non-profiled nmethods': size=120000Kb used=7453Kb max_used=7453Kb free=112546Kb
 bounds [0x000001c076260000, 0x000001c0769b0000, 0x000001c07d790000]
CodeHeap 'profiled nmethods': size=120000Kb used=33791Kb max_used=33791Kb free=86208Kb
 bounds [0x000001c06ed30000, 0x000001c070e30000, 0x000001c076260000]
CodeHeap 'non-nmethods': size=5760Kb used=2434Kb max_used=2477Kb free=3325Kb
 bounds [0x000001c06e790000, 0x000001c06ea00000, 0x000001c06ed30000]
 total_blobs=16965 nmethods=16004 adapters=872
 compilation: enabled
              stopped_count=0, restarted_count=0
 full_count=0

Compilation events (20 events):
Event: 40.716 Thread 0x000001c07f11b000 nmethod 16531 0x000001c070e02510 code [0x000001c070e026e0, 0x000001c070e02968]
Event: 40.716 Thread 0x000001c07f11b000 16532       2       java.util.HashMap$Values::contains (9 bytes)
Event: 40.716 Thread 0x000001c07f11b000 nmethod 16532 0x000001c070e02b10 code [0x000001c070e02cc0, 0x000001c070e02de8]
Event: 40.717 Thread 0x000001c07f11b000 16533       2       com.android.tools.r8.internal.Ol::hashCode (10 bytes)
Event: 40.717 Thread 0x000001c07f11b000 nmethod 16533 0x000001c070e02e90 code [0x000001c070e03060, 0x000001c070e03258]
Event: 40.717 Thread 0x000001c07f11b000 16534       2       com.android.tools.r8.internal.k4::i (51 bytes)
Event: 40.718 Thread 0x000001c07f11b000 nmethod 16534 0x000001c070e03390 code [0x000001c070e035a0, 0x000001c070e038a8]
Event: 40.718 Thread 0x000001c07f11b000 16535       2       com.android.tools.r8.internal.Ko::a (156 bytes)
Event: 40.718 Thread 0x000001c07f11b000 nmethod 16535 0x000001c070e03a90 code [0x000001c070e03c60, 0x000001c070e03e18]
Event: 40.718 Thread 0x000001c07f11b000 16537       2       com.android.tools.r8.internal.sT::a (19 bytes)
Event: 40.718 Thread 0x000001c07f11b000 nmethod 16537 0x000001c070e03f90 code [0x000001c070e04140, 0x000001c070e042a8]
Event: 40.718 Thread 0x000001c07f11b000 16538       2       com.android.tools.r8.internal.sT::a (142 bytes)
Event: 40.719 Thread 0x000001c07f11b000 nmethod 16538 0x000001c070e04410 code [0x000001c070e046c0, 0x000001c070e05058]
Event: 40.719 Thread 0x000001c07f11b000 16542       2       com.android.tools.r8.internal.hO::c (1431 bytes)
Event: 40.728 Thread 0x000001c07f11b000 nmethod 16542 0x000001c070e05710 code [0x000001c070e060c0, 0x000001c070e0a2c8]
Event: 40.728 Thread 0x000001c07f11b000 16548 %     3       com.android.tools.r8.ir.regalloc.b::a @ 78 (957 bytes)
Event: 40.734 Thread 0x000001c07f11b000 nmethod 16548% 0x000001c070e0cd10 code [0x000001c070e0d940, 0x000001c070e168e8]
Event: 40.734 Thread 0x000001c07f11b000 16552 %     3       com.android.tools.r8.ir.regalloc.b::a @ 16 (1832 bytes)
Event: 40.765 Thread 0x000001c07f11b000 nmethod 16552% 0x000001c070e19710 code [0x000001c070e1ad80, 0x000001c070e2a8f8]
Event: 40.765 Thread 0x000001c07f11b000 16561 %     3       com.android.tools.r8.internal.Ql::a @ 1893 (3110 bytes)

GC Heap History (20 events):
Event: 27.212 GC heap after
{Heap after GC invocations=41 (full 0):
 garbage-first heap   total 214016K, used 104295K [0x0000000080000000, 0x0000000100000000)
  region size 1024K, 2 young (2048K), 2 survivors (2048K)
 Metaspace       used 90442K, capacity 92674K, committed 92800K, reserved 1130496K
  class space    used 11805K, capacity 12637K, committed 12672K, reserved 1048576K
}
Event: 29.172 GC heap before
{Heap before GC invocations=42 (full 0):
 garbage-first heap   total 214016K, used 139111K [0x0000000080000000, 0x0000000100000000)
  region size 1024K, 34 young (34816K), 2 survivors (2048K)
 Metaspace       used 90541K, capacity 92669K, committed 93056K, reserved 1130496K
  class space    used 11789K, capacity 12591K, committed 12672K, reserved 1048576K
}
Event: 29.191 GC heap after
{Heap after GC invocations=43 (full 0):
 garbage-first heap   total 214016K, used 110587K [0x0000000080000000, 0x0000000100000000)
  region size 1024K, 6 young (6144K), 6 survivors (6144K)
 Metaspace       used 90541K, capacity 92669K, committed 93056K, reserved 1130496K
  class space    used 11789K, capacity 12591K, committed 12672K, reserved 1048576K
}
Event: 30.043 GC heap before
{Heap before GC invocations=44 (full 0):
 garbage-first heap   total 214016K, used 164859K [0x0000000080000000, 0x0000000100000000)
  region size 1024K, 44 young (45056K), 6 survivors (6144K)
 Metaspace       used 93187K, capacity 95412K, committed 95616K, reserved 1132544K
  class space    used 11987K, capacity 12801K, committed 12928K, reserved 1048576K
}
Event: 30.074 GC heap after
{Heap after GC invocations=45 (full 0):
 garbage-first heap   total 214016K, used 116616K [0x0000000080000000, 0x0000000100000000)
  region size 1024K, 6 young (6144K), 6 survivors (6144K)
 Metaspace       used 93187K, capacity 95412K, committed 95616K, reserved 1132544K
  class space    used 11987K, capacity 12801K, committed 12928K, reserved 1048576K
}
Event: 30.521 GC heap before
{Heap before GC invocations=45 (full 0):
 garbage-first heap   total 214016K, used 154504K [0x0000000080000000, 0x0000000100000000)
  region size 1024K, 44 young (45056K), 6 survivors (6144K)
 Metaspace       used 94910K, capacity 97140K, committed 97536K, reserved 1134592K
  class space    used 12112K, capacity 12929K, committed 13056K, reserved 1048576K
}
Event: 30.542 GC heap after
{Heap after GC invocations=46 (full 0):
 garbage-first heap   total 214016K, used 122721K [0x0000000080000000, 0x0000000100000000)
  region size 1024K, 6 young (6144K), 6 survivors (6144K)
 Metaspace       used 94910K, capacity 97140K, committed 97536K, reserved 1134592K
  class space    used 12112K, capacity 12929K, committed 13056K, reserved 1048576K
}
Event: 31.478 GC heap before
{Heap before GC invocations=47 (full 0):
 garbage-first heap   total 214016K, used 144225K [0x0000000080000000, 0x0000000100000000)
  region size 1024K, 43 young (44032K), 6 survivors (6144K)
 Metaspace       used 95796K, capacity 98050K, committed 98304K, reserved 1134592K
  class space    used 12190K, capacity 13014K, committed 13056K, reserved 1048576K
}
Event: 31.489 GC heap after
{Heap after GC invocations=48 (full 0):
 garbage-first heap   total 257024K, used 103424K [0x0000000080000000, 0x0000000100000000)
  region size 1024K, 1 young (1024K), 1 survivors (1024K)
 Metaspace       used 95796K, capacity 98050K, committed 98304K, reserved 1134592K
  class space    used 12190K, capacity 13014K, committed 13056K, reserved 1048576K
}
Event: 31.732 GC heap before
{Heap before GC invocations=48 (full 0):
 garbage-first heap   total 257024K, used 113664K [0x0000000080000000, 0x0000000100000000)
  region size 1024K, 12 young (12288K), 1 survivors (1024K)
 Metaspace       used 96347K, capacity 98582K, committed 98688K, reserved 1134592K
  class space    used 12247K, capacity 13081K, committed 13184K, reserved 1048576K
}
Event: 31.757 GC heap after
{Heap after GC invocations=49 (full 0):
 garbage-first heap   total 257024K, used 90931K [0x0000000080000000, 0x0000000100000000)
  region size 1024K, 2 young (2048K), 2 survivors (2048K)
 Metaspace       used 96347K, capacity 98582K, committed 98688K, reserved 1134592K
  class space    used 12247K, capacity 13081K, committed 13184K, reserved 1048576K
}
Event: 33.745 GC heap before
{Heap before GC invocations=49 (full 0):
 garbage-first heap   total 257024K, used 157491K [0x0000000080000000, 0x0000000100000000)
  region size 1024K, 67 young (68608K), 2 survivors (2048K)
 Metaspace       used 100711K, capacity 102895K, committed 103040K, reserved 1138688K
  class space    used 12806K, capacity 13641K, committed 13696K, reserved 1048576K
}
Event: 33.812 GC heap after
{Heap after GC invocations=50 (full 0):
 garbage-first heap   total 257024K, used 91556K [0x0000000080000000, 0x0000000100000000)
  region size 1024K, 2 young (2048K), 2 survivors (2048K)
 Metaspace       used 100711K, capacity 102895K, committed 103040K, reserved 1138688K
  class space    used 12806K, capacity 13641K, committed 13696K, reserved 1048576K
}
Event: 36.172 GC heap before
{Heap before GC invocations=50 (full 0):
 garbage-first heap   total 257024K, used 185764K [0x0000000080000000, 0x0000000100000000)
  region size 1024K, 93 young (95232K), 2 survivors (2048K)
 Metaspace       used 103425K, capacity 105696K, committed 105984K, reserved 1140736K
  class space    used 13114K, capacity 13994K, committed 14080K, reserved 1048576K
}
Event: 36.208 GC heap after
{Heap after GC invocations=51 (full 0):
 garbage-first heap   total 257024K, used 103985K [0x0000000080000000, 0x0000000100000000)
  region size 1024K, 12 young (12288K), 12 survivors (12288K)
 Metaspace       used 103425K, capacity 105696K, committed 105984K, reserved 1140736K
  class space    used 13114K, capacity 13994K, committed 14080K, reserved 1048576K
}
Event: 37.893 GC heap before
{Heap before GC invocations=51 (full 0):
 garbage-first heap   total 257024K, used 187953K [0x0000000080000000, 0x0000000100000000)
  region size 1024K, 95 young (97280K), 12 survivors (12288K)
 Metaspace       used 107976K, capacity 110375K, committed 110720K, reserved 1144832K
  class space    used 13694K, capacity 14609K, committed 14720K, reserved 1048576K
}
Event: 37.995 GC heap after
{Heap after GC invocations=52 (full 0):
 garbage-first heap   total 257024K, used 113862K [0x0000000080000000, 0x0000000100000000)
  region size 1024K, 12 young (12288K), 12 survivors (12288K)
 Metaspace       used 107976K, capacity 110375K, committed 110720K, reserved 1144832K
  class space    used 13694K, capacity 14609K, committed 14720K, reserved 1048576K
}
Event: 39.231 GC heap before
{Heap before GC invocations=52 (full 0):
 garbage-first heap   total 257024K, used 192710K [0x0000000080000000, 0x0000000100000000)
  region size 1024K, 89 young (91136K), 12 survivors (12288K)
 Metaspace       used 110890K, capacity 113498K, committed 113792K, reserved 1148928K
  class space    used 14116K, capacity 15118K, committed 15232K, reserved 1048576K
}
Event: 39.276 GC heap after
{Heap after GC invocations=53 (full 0):
 garbage-first heap   total 257024K, used 123904K [0x0000000080000000, 0x0000000100000000)
  region size 1024K, 12 young (12288K), 12 survivors (12288K)
 Metaspace       used 110890K, capacity 113498K, committed 113792K, reserved 1148928K
  class space    used 14116K, capacity 15118K, committed 15232K, reserved 1048576K
}
Event: 40.768 GC heap before
{Heap before GC invocations=53 (full 0):
 garbage-first heap   total 257024K, used 196608K [0x0000000080000000, 0x0000000100000000)
  region size 1024K, 83 young (84992K), 12 survivors (12288K)
 Metaspace       used 114646K, capacity 117331K, committed 117504K, reserved 1150976K
  class space    used 14552K, capacity 15587K, committed 15616K, reserved 1048576K
}

Deoptimization events (20 events):
Event: 40.625 Thread 0x000001c00a01f800 Uncommon trap: trap_request=0xffffff7e fr.pc=0x000001c0768e0964 relative=0x0000000000000244
Event: 40.625 Thread 0x000001c00a01f800 Uncommon trap: reason=predicate action=maybe_recompile pc=0x000001c0768e0964 method=com.android.tools.r8.graph.d1.a([C)I @ 8 c2
Event: 40.625 Thread 0x000001c00a01f800 DEOPT PACKING pc=0x000001c0768e0964 sp=0x00000006eedf9720
Event: 40.625 Thread 0x000001c00a01f800 DEOPT UNPACKING pc=0x000001c06e7da1af sp=0x00000006eedf96a8 mode 2
Event: 40.637 Thread 0x000001c00a01f800 DEOPT PACKING pc=0x000001c070c7bbe0 sp=0x00000006eedf9140
Event: 40.637 Thread 0x000001c00a01f800 DEOPT UNPACKING pc=0x000001c06e7da95e sp=0x00000006eedf89c8 mode 0
Event: 40.689 Thread 0x000001c00a01f800 DEOPT PACKING pc=0x000001c070c2261f sp=0x00000006eedf8920
Event: 40.689 Thread 0x000001c00a01f800 DEOPT UNPACKING pc=0x000001c06e7da95e sp=0x00000006eedf7db0 mode 0
Event: 40.712 Thread 0x000001c00a01f800 DEOPT PACKING pc=0x000001c070c2261f sp=0x00000006eedf8aa0
Event: 40.712 Thread 0x000001c00a01f800 DEOPT UNPACKING pc=0x000001c06e7da95e sp=0x00000006eedf7f30 mode 0
Event: 40.714 Thread 0x000001c00a01f800 DEOPT PACKING pc=0x000001c070c2261f sp=0x00000006eedf8aa0
Event: 40.714 Thread 0x000001c00a01f800 DEOPT UNPACKING pc=0x000001c06e7da95e sp=0x00000006eedf7f30 mode 0
Event: 40.716 Thread 0x000001c00a01f800 DEOPT PACKING pc=0x000001c070c2261f sp=0x00000006eedf59e0
Event: 40.716 Thread 0x000001c00a01f800 DEOPT UNPACKING pc=0x000001c06e7da95e sp=0x00000006eedf4e70 mode 0
Event: 40.717 Thread 0x000001c00a01f800 DEOPT PACKING pc=0x000001c070c2261f sp=0x00000006eedf63a0
Event: 40.717 Thread 0x000001c00a01f800 DEOPT UNPACKING pc=0x000001c06e7da95e sp=0x00000006eedf5830 mode 0
Event: 40.717 Thread 0x000001c00a01f800 DEOPT PACKING pc=0x000001c070c2261f sp=0x00000006eedf7240
Event: 40.717 Thread 0x000001c00a01f800 DEOPT UNPACKING pc=0x000001c06e7da95e sp=0x00000006eedf66d0 mode 0
Event: 40.747 Thread 0x000001c00a01f800 DEOPT PACKING pc=0x000001c070c2261f sp=0x00000006eedf9110
Event: 40.747 Thread 0x000001c00a01f800 DEOPT UNPACKING pc=0x000001c06e7da95e sp=0x00000006eedf85a0 mode 0

Classes redefined (0 events):
No events

Internal exceptions (20 events):
Event: 31.199 Thread 0x000001c00a209000 Exception <a 'sun/nio/fs/WindowsException'{0x000000008b18a928}> (0x000000008b18a928) thrown at [./src/hotspot/share/prims/jni.cpp, line 615]
Event: 31.201 Thread 0x000001c00a209000 Exception <a 'sun/nio/fs/WindowsException'{0x000000008b1aa628}> (0x000000008b1aa628) thrown at [./src/hotspot/share/prims/jni.cpp, line 615]
Event: 31.203 Thread 0x000001c00a209000 Exception <a 'sun/nio/fs/WindowsException'{0x000000008b1abaa0}> (0x000000008b1abaa0) thrown at [./src/hotspot/share/prims/jni.cpp, line 615]
Event: 31.205 Thread 0x000001c00a209000 Exception <a 'sun/nio/fs/WindowsException'{0x000000008b1be428}> (0x000000008b1be428) thrown at [./src/hotspot/share/prims/jni.cpp, line 615]
Event: 31.208 Thread 0x000001c00a209000 Exception <a 'sun/nio/fs/WindowsException'{0x000000008b1bf868}> (0x000000008b1bf868) thrown at [./src/hotspot/share/prims/jni.cpp, line 615]
Event: 31.280 Thread 0x000001c00a209000 Exception <a 'java/lang/NoSuchMethodError'{0x000000008ae34190}: 'java.lang.Object java.lang.invoke.DirectMethodHandle$Holder.newInvokeSpecial(java.lang.Object, java.lang.Object, java.lang.Object, java.lang.Object)'> (0x000000008ae34190) thrown at [./src/hotspot/share/interpreter/linkResolver.cpp, line 773]
Event: 34.739 Thread 0x000001c00a209000 Exception <a 'java/lang/NoSuchMethodError'{0x000000008df90118}: 'int java.lang.invoke.DirectMethodHandle$Holder.invokeSpecial(java.lang.Object, java.lang.Object, java.lang.Object, java.lang.Object, java.lang.Object)'> (0x000000008df90118) thrown at [./src/hotspot/share/interpreter/linkResolver.cpp, line 773]
Event: 36.158 Thread 0x000001c00a20a800 Exception <a 'java/lang/NoSuchMethodError'{0x0000000089f88368}: 'java.lang.Object java.lang.invoke.DirectMethodHandle$Holder.invokeVirtual(java.lang.Object, java.lang.Object, int)'> (0x0000000089f88368) thrown at [./src/hotspot/share/interpreter/linkResolver.cpp, line 773]
Event: 36.384 Thread 0x000001c00a01f800 Exception <a 'sun/nio/fs/WindowsException'{0x000000008daf6bf8}> (0x000000008daf6bf8) thrown at [./src/hotspot/share/prims/jni.cpp, line 615]
Event: 36.768 Thread 0x000001c00a01f800 Exception <a 'java/lang/NoSuchMethodError'{0x000000008d1a7748}: 'java.lang.Object java.lang.invoke.DirectMethodHandle$Holder.invokeStaticInit(java.lang.Object, java.lang.Object, java.lang.Object, java.lang.Object, java.lang.Object, java.lang.Object, java.lang.Object, java.lang.Object, java.lang.Object, java.lang.Object, java.lang.Object, java.lang.Object, java.lang.Object, java.lang.Object, java.lang.Object, java.lang.Object, java.lang.Object, java.lang.Object, int, java.lang.Object, java.lang.Object)'> (0
Event: 36.815 Thread 0x000001c00a01f800 Exception <a 'java/lang/IncompatibleClassChangeError'{0x000000008d0c2668}: Found class java.lang.Object, but interface was expected> (0x000000008d0c2668) thrown at [./src/hotspot/share/interpreter/linkResolver.cpp, line 839]
Event: 36.923 Thread 0x000001c00a01f800 Exception <a 'java/lang/NoSuchMethodError'{0x000000008cd99130}: 'java.lang.Object java.lang.invoke.DirectMethodHandle$Holder.invokeStatic(java.lang.Object, long)'> (0x000000008cd99130) thrown at [./src/hotspot/share/interpreter/linkResolver.cpp, line 773]
Event: 37.560 Thread 0x000001c00a01f800 Exception <a 'java/lang/NoSuchMethodError'{0x000000008b0a7908}: 'long java.lang.invoke.DirectMethodHandle$Holder.invokeStatic(java.lang.Object, java.lang.Object)'> (0x000000008b0a7908) thrown at [./src/hotspot/share/interpreter/linkResolver.cpp, line 773]
Event: 37.650 Thread 0x000001c00a01f800 Exception <a 'java/lang/IncompatibleClassChangeError'{0x000000008ab35e00}: Found class java.lang.Object, but interface was expected> (0x000000008ab35e00) thrown at [./src/hotspot/share/interpreter/linkResolver.cpp, line 839]
Event: 37.653 Thread 0x000001c00a01f800 Exception <a 'java/lang/NoSuchMethodError'{0x000000008ab3e9f8}: 'java.lang.Object java.lang.invoke.DirectMethodHandle$Holder.newInvokeSpecial(java.lang.Object, int)'> (0x000000008ab3e9f8) thrown at [./src/hotspot/share/interpreter/linkResolver.cpp, line 773]
Event: 37.669 Thread 0x000001c00a01f800 Exception <a 'java/lang/IncompatibleClassChangeError'{0x000000008ab4ac58}: Found class java.lang.Object, but interface was expected> (0x000000008ab4ac58) thrown at [./src/hotspot/share/interpreter/linkResolver.cpp, line 839]
Event: 37.672 Thread 0x000001c00a01f800 Exception <a 'java/lang/IncompatibleClassChangeError'{0x000000008ab53060}: Found class java.lang.Object, but interface was expected> (0x000000008ab53060) thrown at [./src/hotspot/share/interpreter/linkResolver.cpp, line 839]
Event: 37.739 Thread 0x000001c00a01f800 Exception <a 'java/lang/IncompatibleClassChangeError'{0x000000008a90d220}: Found class java.lang.Object, but interface was expected> (0x000000008a90d220) thrown at [./src/hotspot/share/interpreter/linkResolver.cpp, line 839]
Event: 38.553 Thread 0x000001c00a01f800 Exception <a 'java/lang/NoSuchMethodError'{0x000000008d2a6da8}: 'java.lang.Object java.lang.invoke.DirectMethodHandle$Holder.invokeStatic(java.lang.Object, int, java.lang.Object, java.lang.Object)'> (0x000000008d2a6da8) thrown at [./src/hotspot/share/interpreter/linkResolver.cpp, line 773]
Event: 39.299 Thread 0x000001c00a01f800 Exception <a 'java/lang/NoSuchMethodError'{0x000000008fa6c860}: 'void java.lang.invoke.DirectMethodHandle$Holder.invokeSpecial(java.lang.Object, java.lang.Object, int, java.lang.Object)'> (0x000000008fa6c860) thrown at [./src/hotspot/share/interpreter/linkResolver.cpp, line 773]

Events (20 events):
Event: 40.577 Executing VM operation: ICBufferFull done
Event: 40.663 loading class com/android/tools/r8/code/E2
Event: 40.663 loading class com/android/tools/r8/code/E2 done
Event: 40.664 loading class com/android/tools/r8/code/F2
Event: 40.664 loading class com/android/tools/r8/code/F2 done
Event: 40.665 loading class com/android/tools/r8/code/H2
Event: 40.665 loading class com/android/tools/r8/code/H2 done
Event: 40.665 loading class com/android/tools/r8/code/G2
Event: 40.665 loading class com/android/tools/r8/code/G2 done
Event: 40.668 loading class com/android/tools/r8/internal/mE
Event: 40.668 loading class com/android/tools/r8/internal/mE done
Event: 40.678 loading class com/android/tools/r8/internal/Aq
Event: 40.678 loading class com/android/tools/r8/internal/Aq done
Event: 40.687 Executing VM operation: ICBufferFull
Event: 40.687 Executing VM operation: ICBufferFull done
Event: 40.715 loading class com/android/tools/r8/code/E
Event: 40.715 loading class com/android/tools/r8/code/E done
Event: 40.731 loading class com/android/tools/r8/internal/BA
Event: 40.731 loading class com/android/tools/r8/internal/BA done
Event: 40.768 Executing VM operation: G1CollectForAllocation


Dynamic libraries:
0x00007ff658230000 - 0x00007ff65823a000 	C:\Program Files\Android\Android Studio\jre\bin\java.exe
0x00007fff95040000 - 0x00007fff95249000 	C:\WINDOWS\SYSTEM32\ntdll.dll
0x00007fff944b0000 - 0x00007fff9456d000 	C:\WINDOWS\System32\KERNEL32.DLL
0x00007fff92b50000 - 0x00007fff92ecd000 	C:\WINDOWS\System32\KERNELBASE.dll
0x00007fff92a30000 - 0x00007fff92b41000 	C:\WINDOWS\System32\ucrtbase.dll
0x00007fff7e100000 - 0x00007fff7e117000 	C:\Program Files\Android\Android Studio\jre\bin\VCRUNTIME140.dll
0x00007fff7d4e0000 - 0x00007fff7d4f9000 	C:\Program Files\Android\Android Studio\jre\bin\jli.dll
0x00007fff93080000 - 0x00007fff9322d000 	C:\WINDOWS\System32\USER32.dll
0x00007fff92610000 - 0x00007fff92636000 	C:\WINDOWS\System32\win32u.dll
0x00007fff94dd0000 - 0x00007fff94df9000 	C:\WINDOWS\System32\GDI32.dll
0x00007fff92640000 - 0x00007fff92758000 	C:\WINDOWS\System32\gdi32full.dll
0x00007fff92820000 - 0x00007fff928bd000 	C:\WINDOWS\System32\msvcp_win.dll
0x00007fff7b9a0000 - 0x00007fff7bc45000 	C:\WINDOWS\WinSxS\amd64_microsoft.windows.common-controls_6595b64144ccf1df_6.0.22000.120_none_9d947278b86cc467\COMCTL32.dll
0x00007fff949c0000 - 0x00007fff94a63000 	C:\WINDOWS\System32\msvcrt.dll
0x00007fff94e00000 - 0x00007fff94e31000 	C:\WINDOWS\System32\IMM32.DLL
0x00007fff67da0000 - 0x00007fff67e3d000 	C:\Program Files\Android\Android Studio\jre\bin\msvcp140.dll
0x00007fff29060000 - 0x00007fff29b45000 	C:\Program Files\Android\Android Studio\jre\bin\server\jvm.dll
0x00007fff93240000 - 0x00007fff932ee000 	C:\WINDOWS\System32\ADVAPI32.dll
0x00007fff943b0000 - 0x00007fff9444e000 	C:\WINDOWS\System32\sechost.dll
0x00007fff941c0000 - 0x00007fff942e0000 	C:\WINDOWS\System32\RPCRT4.dll
0x00007fff94db0000 - 0x00007fff94db8000 	C:\WINDOWS\System32\PSAPI.DLL
0x00007fff8ea40000 - 0x00007fff8ea49000 	C:\WINDOWS\SYSTEM32\WSOCK32.dll
0x00007fff8d150000 - 0x00007fff8d183000 	C:\WINDOWS\SYSTEM32\WINMM.dll
0x00007fff8c3d0000 - 0x00007fff8c3da000 	C:\WINDOWS\SYSTEM32\VERSION.dll
0x00007fff942e0000 - 0x00007fff9434f000 	C:\WINDOWS\System32\WS2_32.dll
0x00007fff91690000 - 0x00007fff916a8000 	C:\WINDOWS\SYSTEM32\kernel.appcore.dll
0x00007fff8e900000 - 0x00007fff8e911000 	C:\Program Files\Android\Android Studio\jre\bin\verify.dll
0x00007fff8ff30000 - 0x00007fff90151000 	C:\WINDOWS\SYSTEM32\DBGHELP.DLL
0x00007fff7a7e0000 - 0x00007fff7a811000 	C:\WINDOWS\SYSTEM32\dbgcore.DLL
0x00007fff92520000 - 0x00007fff9259f000 	C:\WINDOWS\System32\bcryptPrimitives.dll
0x00007fff81d60000 - 0x00007fff81d89000 	C:\Program Files\Android\Android Studio\jre\bin\java.dll
0x00007fff8e9d0000 - 0x00007fff8e9db000 	C:\Program Files\Android\Android Studio\jre\bin\jimage.dll
0x00007fff80950000 - 0x00007fff80968000 	C:\Program Files\Android\Android Studio\jre\bin\zip.dll
0x00007fff93490000 - 0x00007fff93c48000 	C:\WINDOWS\System32\SHELL32.dll
0x00007fff90690000 - 0x00007fff90ef8000 	C:\WINDOWS\SYSTEM32\windows.storage.dll
0x00007fff94590000 - 0x00007fff94909000 	C:\WINDOWS\System32\combase.dll
0x00007fff90520000 - 0x00007fff90686000 	C:\WINDOWS\SYSTEM32\wintypes.dll
0x00007fff94a70000 - 0x00007fff94b5a000 	C:\WINDOWS\System32\SHCORE.dll
0x00007fff94350000 - 0x00007fff943ad000 	C:\WINDOWS\System32\shlwapi.dll
0x00007fff92450000 - 0x00007fff92471000 	C:\WINDOWS\SYSTEM32\profapi.dll
0x00007fff80420000 - 0x00007fff8043a000 	C:\Program Files\Android\Android Studio\jre\bin\net.dll
0x00007fff8c0e0000 - 0x00007fff8c1ec000 	C:\WINDOWS\SYSTEM32\WINHTTP.dll
0x00007fff91b40000 - 0x00007fff91ba7000 	C:\WINDOWS\system32\mswsock.dll
0x00007fff80400000 - 0x00007fff80414000 	C:\Program Files\Android\Android Studio\jre\bin\nio.dll
0x00007fff7dfb0000 - 0x00007fff7dfd7000 	C:\Users\Erica\.gradle\native\e1d6ef7f7dcc3fd88c89a11ec53ec762bb8ba0a96d01ffa2cd45eb1d1d8dd5c5\windows-amd64\native-platform.dll
0x00007fff53600000 - 0x00007fff53744000 	C:\Users\Erica\.gradle\native\5664cfc778a61ccfe75a443a1ab52a65af34e5dc3c78e0209fed803814484fcb\windows-amd64\native-platform-file-events.dll
0x00007fff8d350000 - 0x00007fff8d35a000 	C:\Program Files\Android\Android Studio\jre\bin\management.dll
0x00007fff88110000 - 0x00007fff8811d000 	C:\Program Files\Android\Android Studio\jre\bin\management_ext.dll
0x00007fff91d80000 - 0x00007fff91d98000 	C:\WINDOWS\SYSTEM32\CRYPTSP.dll
0x00007fff915f0000 - 0x00007fff91625000 	C:\WINDOWS\system32\rsaenh.dll
0x00007fff91c30000 - 0x00007fff91c59000 	C:\WINDOWS\SYSTEM32\USERENV.dll
0x00007fff91f00000 - 0x00007fff91f27000 	C:\WINDOWS\SYSTEM32\bcrypt.dll
0x00007fff91da0000 - 0x00007fff91dac000 	C:\WINDOWS\SYSTEM32\CRYPTBASE.dll
0x00007fff91150000 - 0x00007fff9117d000 	C:\WINDOWS\SYSTEM32\IPHLPAPI.DLL
0x00007fff93c50000 - 0x00007fff93c59000 	C:\WINDOWS\System32\NSI.dll
0x00007fff8c0c0000 - 0x00007fff8c0d9000 	C:\WINDOWS\SYSTEM32\dhcpcsvc6.DLL
0x00007fff8ccc0000 - 0x00007fff8ccde000 	C:\WINDOWS\SYSTEM32\dhcpcsvc.DLL
0x00007fff911c0000 - 0x00007fff912a8000 	C:\WINDOWS\SYSTEM32\DNSAPI.dll
0x00007fff8f9d0000 - 0x00007fff8fa04000 	C:\WINDOWS\SYSTEM32\ntmarta.dll

dbghelp: loaded successfully - version: 4.0.5 - missing functions: none
symbol engine: initialized successfully - sym options: 0x614 - pdb path: .;C:\Program Files\Android\Android Studio\jre\bin;C:\WINDOWS\SYSTEM32;C:\WINDOWS\WinSxS\amd64_microsoft.windows.common-controls_6595b64144ccf1df_6.0.22000.120_none_9d947278b86cc467;C:\Program Files\Android\Android Studio\jre\bin\server;C:\Users\Erica\.gradle\native\e1d6ef7f7dcc3fd88c89a11ec53ec762bb8ba0a96d01ffa2cd45eb1d1d8dd5c5\windows-amd64;C:\Users\Erica\.gradle\native\5664cfc778a61ccfe75a443a1ab52a65af34e5dc3c78e0209fed803814484fcb\windows-amd64

VM Arguments:
jvm_args: --add-opens=java.base/java.util=ALL-UNNAMED --add-opens=java.base/java.lang=ALL-UNNAMED --add-opens=java.base/java.lang.invoke=ALL-UNNAMED --add-opens=java.base/java.util=ALL-UNNAMED --add-opens=java.prefs/java.util.prefs=ALL-UNNAMED --add-opens=java.prefs/java.util.prefs=ALL-UNNAMED --add-opens=java.base/java.nio.charset=ALL-UNNAMED --add-opens=java.base/java.net=ALL-UNNAMED --add-opens=java.base/java.util.concurrent.atomic=ALL-UNNAMED -Xmx2048m -Dfile.encoding=UTF-8 -Duser.country=US -Duser.language=en -Duser.variant 
java_command: org.gradle.launcher.daemon.bootstrap.GradleDaemon 7.3.3
java_class_path (initial): C:\Users\Erica\.gradle\wrapper\dists\gradle-7.3.3-bin\6a41zxkdtcxs8rphpq6y0069z\gradle-7.3.3\lib\gradle-launcher-7.3.3.jar
Launcher Type: SUN_STANDARD

[Global flags]
     intx CICompilerCount                          = 4                                         {product} {ergonomic}
     uint ConcGCThreads                            = 2                                         {product} {ergonomic}
     uint G1ConcRefinementThreads                  = 8                                         {product} {ergonomic}
   size_t G1HeapRegionSize                         = 1048576                                   {product} {ergonomic}
    uintx GCDrainStackTargetSize                   = 64                                        {product} {ergonomic}
   size_t InitialHeapSize                          = 65011712                                  {product} {ergonomic}
   size_t MarkStackSize                            = 4194304                                   {product} {ergonomic}
   size_t MaxHeapSize                              = 2147483648                                {product} {command line}
   size_t MaxNewSize                               = 1287651328                                {product} {ergonomic}
   size_t MinHeapDeltaBytes                        = 1048576                                   {product} {ergonomic}
    uintx NonNMethodCodeHeapSize                   = 5836300                                {pd product} {ergonomic}
    uintx NonProfiledCodeHeapSize                  = 122910970                              {pd product} {ergonomic}
    uintx ProfiledCodeHeapSize                     = 122910970                              {pd product} {ergonomic}
    uintx ReservedCodeCacheSize                    = 251658240                              {pd product} {ergonomic}
     bool SegmentedCodeCache                       = true                                      {product} {ergonomic}
     bool UseCompressedClassPointers               = true                                 {lp64_product} {ergonomic}
     bool UseCompressedOops                        = true                                 {lp64_product} {ergonomic}
     bool UseG1GC                                  = true                                      {product} {ergonomic}
     bool UseLargePagesIndividualAllocation        = false                                  {pd product} {ergonomic}

Logging:
Log output configuration:
 #0: stdout all=warning uptime,level,tags
 #1: stderr all=off uptime,level,tags

Environment Variables:
JAVA_HOME=C:\Program Files\Java\jdk1.8.0_333
PATH=C:\Program Files (x86)\Common Files\Oracle\Java\javapath;C:\Windows\system32;C:\Windows;C:\Windows\System32\Wbem;C:\Windows\System32\WindowsPowerShell\v1.0\;C:\Windows\System32\OpenSSH\;C:\Program Files (x86)\NVIDIA Corporation\PhysX\Common;C:\Program Files\dotnet\;C:\WINDOWS\system32;C:\WINDOWS;C:\WINDOWS\System32\Wbem;C:\WINDOWS\System32\WindowsPowerShell\v1.0\;C:\WINDOWS\System32\OpenSSH\;C:\Program Files\LOVE;C:\Program Files\Java\jdk-16.0.1\bin;C:\Program Files\Git\cmd;C:\Program Files\nodejs\;C:\Users\Erica\AppData\Local\Android\Sdk\emulator;C:\Users\Erica\AppData\Local\Android\Sdk\gradle\bin;C:\Users\Erica\AppData\Local\Android\Sdk\platform-tools;C:\Users\Erica\AppData\Local\Android\Sdk\tools\bin;C:\Users\Erica\AppData\Local\Microsoft\WindowsApps;C:\Users\Erica\AppData\Local\Programs\Microsoft VS Code\bin;C:\Program Files\Lua;C:\Users\Erica\.dotnet\tools;C:\Users\Erica\AppData\Local\Microsoft\WindowsApps;;C:\modeltech64_10.7\win64;C:\Users\Erica\AppData\Roaming\npm
USERNAME=ocio
OS=Windows_NT
PROCESSOR_IDENTIFIER=Intel64 Family 6 Model 142 Stepping 12, GenuineIntel



---------------  S Y S T E M  ---------------

OS: Windows 10 , 64 bit Build 22000 (10.0.22000.708)
OS uptime: 0 days 20:17 hours

CPU:total 8 (initial active 8) (4 cores per cpu, 2 threads per core) family 6 model 142 stepping 12 microcode 0xde, cmov, cx8, fxsr, mmx, sse, sse2, sse3, ssse3, sse4.1, sse4.2, popcnt, avx, avx2, aes, clmul, erms, 3dnowpref, lzcnt, ht, tsc, tscinvbit, bmi1, bmi2, adx, fma

Memory: 4k page, system-wide physical 3947M (54M free)
TotalPageFile size 16235M (AvailPageFile size 62M)
current process WorkingSet (physical memory assigned to process): 249M, peak: 335M
current process commit charge ("private bytes"): 611M, peak: 703M

vm_info: OpenJDK 64-Bit Server VM (11.0.12+7-b1504.28-7817840) for windows-amd64 JRE (11.0.12+7-b1504.28-7817840), built on Oct 13 2021 22:12:33 by "builder" with MS VC++ 14.0 (VS2015)

END.
