#
# There is insufficient memory for the Java Runtime Environment to continue.
# Native memory allocation (mmap) failed to map 60817408 bytes for Failed to commit area from 0x0000000092100000 to 0x0000000095b00000 of length 60817408.
# Possible reasons:
#   The system is out of physical RAM or swap space
#   The process is running with CompressedOops enabled, and the Java Heap may be blocking the growth of the native heap
# Possible solutions:
#   Reduce memory load on the system
#   Increase physical memory or swap space
#   Check if swap backing store is full
#   Decrease Java heap size (-Xmx/-Xms)
#   Decrease number of Java threads
#   Decrease Java thread stack sizes (-Xss)
#   Set larger code cache with -XX:ReservedCodeCacheSize=
#   JVM is running with Unscaled Compressed Oops mode in which the Java heap is
#     placed in the first 4GB address space. The Java Heap base address is the
#     maximum limit for the native heap growth. Please use -XX:HeapBaseMinAddress
#     to set the Java Heap base and to place the Java Heap above 4GB virtual address.
# This output file may be truncated or incomplete.
#
#  Out of Memory Error (./src/hotspot/os/windows/os_windows.cpp:3521), pid=13208, tid=17232
#
# JRE version: OpenJDK Runtime Environment (11.0.12+7) (build 11.0.12+7-b1504.28-7817840)
# Java VM: OpenJDK 64-Bit Server VM (11.0.12+7-b1504.28-7817840, mixed mode, tiered, compressed oops, g1 gc, windows-amd64)
# No core dump will be written. Minidumps are not enabled by default on client versions of Windows
#

---------------  S U M M A R Y ------------

Command Line: --add-opens=java.base/java.util=ALL-UNNAMED --add-opens=java.base/java.lang=ALL-UNNAMED --add-opens=java.base/java.lang.invoke=ALL-UNNAMED --add-opens=java.base/java.util=ALL-UNNAMED --add-opens=java.prefs/java.util.prefs=ALL-UNNAMED --add-opens=java.prefs/java.util.prefs=ALL-UNNAMED --add-opens=java.base/java.nio.charset=ALL-UNNAMED --add-opens=java.base/java.net=ALL-UNNAMED --add-opens=java.base/java.util.concurrent.atomic=ALL-UNNAMED -Xmx2048m -Dfile.encoding=UTF-8 -Duser.country=US -Duser.language=en -Duser.variant org.gradle.launcher.daemon.bootstrap.GradleDaemon 7.3.3

Host: Intel(R) Core(TM) i5-8265U CPU @ 1.60GHz, 8 cores, 3G,  Windows 10 , 64 bit Build 22000 (10.0.22000.708)
Time: Tue Aug 23 16:29:42 2022 Malay Peninsula Standard Time elapsed time: 28.328331 seconds (0d 0h 0m 28s)

---------------  T H R E A D  ---------------

Current thread (0x000001deffbfe800):  VMThread "VM Thread" [stack: 0x000000c134100000,0x000000c134200000] [id=17232]

Stack: [0x000000c134100000,0x000000c134200000]
[error occurred during error reporting (printing stack bounds), id 0xc0000005, EXCEPTION_ACCESS_VIOLATION (0xc0000005) at pc=0x000001de83a3112d]

Native frames: (J=compiled Java code, j=interpreted, Vv=VM code, C=native code)
V  [jvm.dll+0x5fbcea]
V  [jvm.dll+0x731905]
V  [jvm.dll+0x732f1d]
V  [jvm.dll+0x733535]
V  [jvm.dll+0x7334eb]
V  [jvm.dll+0x5fb080]
V  [jvm.dll+0x5fb818]
C  [ntdll.dll+0xa8fcf]
C  [ntdll.dll+0x35e9a]
C  [ntdll.dll+0xa7fde]
C  0x000001de83a3112d

VM_Operation (0x000000c1373f8980): G1CollectForAllocation, mode: safepoint, requested by thread 0x000001de9d967000


---------------  P R O C E S S  ---------------

Threads class SMR info:
_java_thread_list=0x000001de9b492ae0, length=132, elements={
0x000001deffb1f800, 0x000001de9a7cb800, 0x000001de9a7cf000, 0x000001de9b182800,
0x000001de9a7ee000, 0x000001de9a7ef000, 0x000001de9a7f1800, 0x000001de9a7f4000,
0x000001de9a7f9800, 0x000001de9b2a8000, 0x000001de9c051800, 0x000001de9cc96800,
0x000001de9c6e4000, 0x000001de9ccc7800, 0x000001de9d4ad000, 0x000001de9cf8c000,
0x000001de9d0d2000, 0x000001de9d09a000, 0x000001de9d0a1800, 0x000001de9cff3000,
0x000001de9cfed800, 0x000001de9cfef800, 0x000001de9cff4000, 0x000001de9cfef000,
0x000001de9cff2000, 0x000001de9cff1800, 0x000001de9cfee000, 0x000001de9cff0800,
0x000001de9d963000, 0x000001de9d964800, 0x000001de9d962000, 0x000001de9d961800,
0x000001de9d966000, 0x000001de9d960800, 0x000001de9d968800, 0x000001de9d969800,
0x000001de9d96c000, 0x000001de9d968000, 0x000001de9d96a800, 0x000001de9d96b000,
0x000001de9d96d000, 0x000001de9d967000, 0x000001de9d96d800, 0x000001de9d96e800,
0x000001de9f795800, 0x000001de9f796000, 0x000001de9f791000, 0x000001de9f790800,
0x000001de9f797800, 0x000001de9f793000, 0x000001de9f792000, 0x000001de9f797000,
0x000001de9f798800, 0x000001de9f794800, 0x000001de9f799800, 0x000001de9f793800,
0x000001de9f79a000, 0x000001de9f79b000, 0x000001de9f79d800, 0x000001de9f79c000,
0x000001de9f79f000, 0x000001de9f79c800, 0x000001de9f79e800, 0x000001de9fba6000,
0x000001de9fba1000, 0x000001de9fba5000, 0x000001de9fba4800, 0x000001de9fba7000,
0x000001de9fba7800, 0x000001de9fba2000, 0x000001de9fba8800, 0x000001de9fba2800,
0x000001de9fba9800, 0x000001de9fba3800, 0x000001de9fbae000, 0x000001de9fbad800,
0x000001de9fbab800, 0x000001de9fbaa000, 0x000001de9fbaf000, 0x000001de9fbab000,
0x000001de9fbb0000, 0x000001de9fbac800, 0x000001dea0f1b800, 0x000001dea0f1b000,
0x000001dea0f1c800, 0x000001dea0f1d000, 0x000001dea0f19000, 0x000001dea0f1a000,
0x000001dea0f18800, 0x000001dea0f1e000, 0x000001dea0f1f000, 0x000001de9f7f5800,
0x000001de9f7fa800, 0x000001de9f7f7800, 0x000001de9f7f6800, 0x000001de9f7fa000,
0x000001de9f7fc000, 0x000001de9f7fb800, 0x000001de9f7fd000, 0x000001de9f7fe000,
0x000001de9f7f8000, 0x000001de9f7f9000, 0x000001de9f802800, 0x000001de9f7fe800,
0x000001de9f803800, 0x000001de9f804800, 0x000001de9f800800, 0x000001de9f7ff800,
0x000001de9f801000, 0x000001de9f802000, 0x000001dea10f3000, 0x000001dea10f2800,
0x000001dea10f0800, 0x000001dea10f1800, 0x000001dea10f0000, 0x000001dea10f4000,
0x000001dea10ee800, 0x000001dea10f5000, 0x000001dea10ef000, 0x000001dea10f9000,
0x000001dea10f5800, 0x000001dea10f7800, 0x000001dea10fb800, 0x000001dea10fc000,
0x000001dea10f9800, 0x000001dea10fa800, 0x000001dea10f6800, 0x000001dea10f8000,
0x000001dea10fd000, 0x000001dea2fb9800, 0x000001dea2fbb800, 0x000001dea2fb7800
}

Java Threads: ( => current thread )
  0x000001deffb1f800 JavaThread "main" [_thread_blocked, id=15928, stack(0x000000c133b00000,0x000000c133c00000)]
  0x000001de9a7cb800 JavaThread "Reference Handler" daemon [_thread_blocked, id=4816, stack(0x000000c134200000,0x000000c134300000)]
  0x000001de9a7cf000 JavaThread "Finalizer" daemon [_thread_blocked, id=17792, stack(0x000000c134300000,0x000000c134400000)]
  0x000001de9b182800 JavaThread "Signal Dispatcher" daemon [_thread_blocked, id=13400, stack(0x000000c134400000,0x000000c134500000)]
  0x000001de9a7ee000 JavaThread "Attach Listener" daemon [_thread_blocked, id=10264, stack(0x000000c134500000,0x000000c134600000)]
  0x000001de9a7ef000 JavaThread "Service Thread" daemon [_thread_blocked, id=13660, stack(0x000000c134600000,0x000000c134700000)]
  0x000001de9a7f1800 JavaThread "C2 CompilerThread0" daemon [_thread_blocked, id=14860, stack(0x000000c134700000,0x000000c134800000)]
  0x000001de9a7f4000 JavaThread "C1 CompilerThread0" daemon [_thread_blocked, id=18388, stack(0x000000c134800000,0x000000c134900000)]
  0x000001de9a7f9800 JavaThread "Sweeper thread" daemon [_thread_blocked, id=7756, stack(0x000000c134900000,0x000000c134a00000)]
  0x000001de9b2a8000 JavaThread "Common-Cleaner" daemon [_thread_blocked, id=10348, stack(0x000000c134a00000,0x000000c134b00000)]
  0x000001de9c051800 JavaThread "Daemon health stats" [_thread_blocked, id=15160, stack(0x000000c134d00000,0x000000c134e00000)]
  0x000001de9cc96800 JavaThread "Incoming local TCP Connector on port 55152" [_thread_in_native, id=10868, stack(0x000000c134e00000,0x000000c134f00000)]
  0x000001de9c6e4000 JavaThread "Daemon periodic checks" [_thread_blocked, id=12196, stack(0x000000c134f00000,0x000000c135000000)]
  0x000001de9ccc7800 JavaThread "Daemon" [_thread_blocked, id=11036, stack(0x000000c135000000,0x000000c135100000)]
  0x000001de9d4ad000 JavaThread "Handler for socket connection from /127.0.0.1:55152 to /127.0.0.1:55153" [_thread_in_native, id=1628, stack(0x000000c135100000,0x000000c135200000)]
  0x000001de9cf8c000 JavaThread "Cancel handler" [_thread_blocked, id=4896, stack(0x000000c135200000,0x000000c135300000)]
  0x000001de9d0d2000 JavaThread "Daemon worker" [_thread_blocked, id=10904, stack(0x000000c135300000,0x000000c135400000)]
  0x000001de9d09a000 JavaThread "Asynchronous log dispatcher for DefaultDaemonConnection: socket connection from /127.0.0.1:55152 to /127.0.0.1:55153" [_thread_blocked, id=17600, stack(0x000000c135400000,0x000000c135500000)]
  0x000001de9d0a1800 JavaThread "Stdin handler" [_thread_blocked, id=4912, stack(0x000000c135500000,0x000000c135600000)]
  0x000001de9cff3000 JavaThread "Daemon client event forwarder" [_thread_blocked, id=2640, stack(0x000000c135600000,0x000000c135700000)]
  0x000001de9cfed800 JavaThread "Cache worker for journal cache (C:\Users\Erica\.gradle\caches\journal-1)" [_thread_blocked, id=16088, stack(0x000000c135d00000,0x000000c135e00000)]
  0x000001de9cfef800 JavaThread "File lock request listener" [_thread_in_native, id=18064, stack(0x000000c135e00000,0x000000c135f00000)]
  0x000001de9cff4000 JavaThread "Cache worker for file hash cache (C:\Users\Erica\.gradle\caches\7.3.3\fileHashes)" [_thread_blocked, id=10076, stack(0x000000c135f00000,0x000000c136000000)]
  0x000001de9cfef000 JavaThread "Cache worker for file hash cache (C:\Users\Erica\AndroidStudioProjects\WSAP_appExtension\.gradle\7.3.3\fileHashes)" [_thread_blocked, id=9300, stack(0x000000c136100000,0x000000c136200000)]
  0x000001de9cff2000 JavaThread "File watcher server" daemon [_thread_blocked, id=512, stack(0x000000c136200000,0x000000c136300000)]
  0x000001de9cff1800 JavaThread "File watcher consumer" daemon [_thread_blocked, id=9068, stack(0x000000c136300000,0x000000c136400000)]
  0x000001de9cfee000 JavaThread "Cache worker for checksums cache (C:\Users\Erica\AndroidStudioProjects\WSAP_appExtension\.gradle\7.3.3\checksums)" [_thread_blocked, id=17724, stack(0x000000c136400000,0x000000c136500000)]
  0x000001de9cff0800 JavaThread "Cache worker for cache directory md-supplier (C:\Users\Erica\.gradle\caches\7.3.3\md-supplier)" [_thread_blocked, id=9384, stack(0x000000c136500000,0x000000c136600000)]
  0x000001de9d963000 JavaThread "Cache worker for cache directory md-rule (C:\Users\Erica\.gradle\caches\7.3.3\md-rule)" [_thread_blocked, id=14668, stack(0x000000c136600000,0x000000c136700000)]
  0x000001de9d964800 JavaThread "Cache worker for execution history cache (C:\Users\Erica\.gradle\caches\7.3.3\executionHistory)" [_thread_blocked, id=14568, stack(0x000000c136700000,0x000000c136800000)]
  0x000001de9d962000 JavaThread "jar transforms" [_thread_blocked, id=13912, stack(0x000000c136800000,0x000000c136900000)]
  0x000001de9d961800 JavaThread "Cache worker for file content cache (C:\Users\Erica\.gradle\caches\7.3.3\fileContent)" [_thread_blocked, id=3356, stack(0x000000c136900000,0x000000c136a00000)]
  0x000001de9d966000 JavaThread "jar transforms Thread 2" [_thread_blocked, id=17596, stack(0x000000c136a00000,0x000000c136b00000)]
  0x000001de9d960800 JavaThread "Cache worker for dependencies-accessors (C:\Users\Erica\AndroidStudioProjects\WSAP_appExtension\.gradle\7.3.3\dependencies-accessors)" [_thread_blocked, id=4748, stack(0x000000c136b00000,0x000000c136c00000)]
  0x000001de9d968800 JavaThread "jar transforms Thread 3" [_thread_blocked, id=7480, stack(0x000000c136c00000,0x000000c136d00000)]
  0x000001de9d969800 JavaThread "Cache worker for Build Output Cleanup Cache (C:\Users\Erica\AndroidStudioProjects\WSAP_appExtension\.gradle\buildOutputCleanup)" [_thread_blocked, id=6288, stack(0x000000c136d00000,0x000000c136e00000)]
  0x000001de9d96c000 JavaThread "Unconstrained build operations" [_thread_blocked, id=16916, stack(0x000000c136e00000,0x000000c136f00000)]
  0x000001de9d968000 JavaThread "Unconstrained build operations Thread 2" [_thread_blocked, id=12532, stack(0x000000c136f00000,0x000000c137000000)]
  0x000001de9d96a800 JavaThread "Unconstrained build operations Thread 3" [_thread_blocked, id=9788, stack(0x000000c137000000,0x000000c137100000)]
  0x000001de9d96b000 JavaThread "Unconstrained build operations Thread 4" [_thread_blocked, id=17868, stack(0x000000c137100000,0x000000c137200000)]
  0x000001de9d96d000 JavaThread "Unconstrained build operations Thread 5" [_thread_blocked, id=17436, stack(0x000000c137200000,0x000000c137300000)]
  0x000001de9d967000 JavaThread "Unconstrained build operations Thread 6" [_thread_blocked, id=10860, stack(0x000000c137300000,0x000000c137400000)]
  0x000001de9d96d800 JavaThread "Unconstrained build operations Thread 7" [_thread_blocked, id=6436, stack(0x000000c137400000,0x000000c137500000)]
  0x000001de9d96e800 JavaThread "Unconstrained build operations Thread 8" [_thread_blocked, id=18356, stack(0x000000c137500000,0x000000c137600000)]
  0x000001de9f795800 JavaThread "Unconstrained build operations Thread 9" [_thread_blocked, id=992, stack(0x000000c137600000,0x000000c137700000)]
  0x000001de9f796000 JavaThread "Unconstrained build operations Thread 10" [_thread_blocked, id=11464, stack(0x000000c137700000,0x000000c137800000)]
  0x000001de9f791000 JavaThread "Unconstrained build operations Thread 11" [_thread_blocked, id=2184, stack(0x000000c137800000,0x000000c137900000)]
  0x000001de9f790800 JavaThread "Unconstrained build operations Thread 12" [_thread_blocked, id=18196, stack(0x000000c137900000,0x000000c137a00000)]
  0x000001de9f797800 JavaThread "Unconstrained build operations Thread 13" [_thread_blocked, id=16200, stack(0x000000c137a00000,0x000000c137b00000)]
  0x000001de9f793000 JavaThread "Unconstrained build operations Thread 14" [_thread_blocked, id=4032, stack(0x000000c137b00000,0x000000c137c00000)]
  0x000001de9f792000 JavaThread "Unconstrained build operations Thread 15" [_thread_blocked, id=3048, stack(0x000000c137c00000,0x000000c137d00000)]
  0x000001de9f797000 JavaThread "Unconstrained build operations Thread 16" [_thread_blocked, id=14356, stack(0x000000c137d00000,0x000000c137e00000)]
  0x000001de9f798800 JavaThread "Unconstrained build operations Thread 17" [_thread_blocked, id=17608, stack(0x000000c137e00000,0x000000c137f00000)]
  0x000001de9f794800 JavaThread "Unconstrained build operations Thread 18" [_thread_blocked, id=10128, stack(0x000000c137f00000,0x000000c138000000)]
  0x000001de9f799800 JavaThread "Unconstrained build operations Thread 19" [_thread_blocked, id=13868, stack(0x000000c138000000,0x000000c138100000)]
  0x000001de9f793800 JavaThread "Unconstrained build operations Thread 20" [_thread_blocked, id=12208, stack(0x000000c138100000,0x000000c138200000)]
  0x000001de9f79a000 JavaThread "Unconstrained build operations Thread 21" [_thread_blocked, id=1552, stack(0x000000c138200000,0x000000c138300000)]
  0x000001de9f79b000 JavaThread "Unconstrained build operations Thread 22" [_thread_blocked, id=5764, stack(0x000000c138300000,0x000000c138400000)]
  0x000001de9f79d800 JavaThread "Unconstrained build operations Thread 23" [_thread_blocked, id=10404, stack(0x000000c138400000,0x000000c138500000)]
  0x000001de9f79c000 JavaThread "Unconstrained build operations Thread 24" [_thread_blocked, id=7768, stack(0x000000c138500000,0x000000c138600000)]
  0x000001de9f79f000 JavaThread "Unconstrained build operations Thread 25" [_thread_blocked, id=10172, stack(0x000000c138600000,0x000000c138700000)]
  0x000001de9f79c800 JavaThread "Unconstrained build operations Thread 26" [_thread_blocked, id=16976, stack(0x000000c138700000,0x000000c138800000)]
  0x000001de9f79e800 JavaThread "Unconstrained build operations Thread 27" [_thread_blocked, id=9192, stack(0x000000c138800000,0x000000c138900000)]
  0x000001de9fba6000 JavaThread "Unconstrained build operations Thread 28" [_thread_blocked, id=11236, stack(0x000000c138900000,0x000000c138a00000)]
  0x000001de9fba1000 JavaThread "Unconstrained build operations Thread 29" [_thread_blocked, id=4064, stack(0x000000c138a00000,0x000000c138b00000)]
  0x000001de9fba5000 JavaThread "Unconstrained build operations Thread 30" [_thread_blocked, id=5012, stack(0x000000c138b00000,0x000000c138c00000)]
  0x000001de9fba4800 JavaThread "Unconstrained build operations Thread 31" [_thread_blocked, id=2104, stack(0x000000c138c00000,0x000000c138d00000)]
  0x000001de9fba7000 JavaThread "Unconstrained build operations Thread 32" [_thread_blocked, id=11080, stack(0x000000c138d00000,0x000000c138e00000)]
  0x000001de9fba7800 JavaThread "Unconstrained build operations Thread 33" [_thread_blocked, id=15452, stack(0x000000c138e00000,0x000000c138f00000)]
  0x000001de9fba2000 JavaThread "Unconstrained build operations Thread 34" [_thread_blocked, id=16004, stack(0x000000c138f00000,0x000000c139000000)]
  0x000001de9fba8800 JavaThread "Unconstrained build operations Thread 35" [_thread_blocked, id=11860, stack(0x000000c139000000,0x000000c139100000)]
  0x000001de9fba2800 JavaThread "Unconstrained build operations Thread 36" [_thread_blocked, id=9584, stack(0x000000c139100000,0x000000c139200000)]
  0x000001de9fba9800 JavaThread "Unconstrained build operations Thread 37" [_thread_blocked, id=12412, stack(0x000000c139200000,0x000000c139300000)]
  0x000001de9fba3800 JavaThread "Unconstrained build operations Thread 38" [_thread_blocked, id=3576, stack(0x000000c139300000,0x000000c139400000)]
  0x000001de9fbae000 JavaThread "Unconstrained build operations Thread 39" [_thread_blocked, id=16276, stack(0x000000c139400000,0x000000c139500000)]
  0x000001de9fbad800 JavaThread "Unconstrained build operations Thread 40" [_thread_blocked, id=12300, stack(0x000000c139500000,0x000000c139600000)]
  0x000001de9fbab800 JavaThread "Unconstrained build operations Thread 41" [_thread_blocked, id=3248, stack(0x000000c139600000,0x000000c139700000)]
  0x000001de9fbaa000 JavaThread "Unconstrained build operations Thread 42" [_thread_blocked, id=10080, stack(0x000000c139700000,0x000000c139800000)]
  0x000001de9fbaf000 JavaThread "Unconstrained build operations Thread 43" [_thread_blocked, id=13852, stack(0x000000c139800000,0x000000c139900000)]
  0x000001de9fbab000 JavaThread "Unconstrained build operations Thread 44" [_thread_blocked, id=6504, stack(0x000000c139900000,0x000000c139a00000)]
  0x000001de9fbb0000 JavaThread "Unconstrained build operations Thread 45" [_thread_blocked, id=12112, stack(0x000000c139a00000,0x000000c139b00000)]
  0x000001de9fbac800 JavaThread "Unconstrained build operations Thread 46" [_thread_blocked, id=4520, stack(0x000000c139b00000,0x000000c139c00000)]
  0x000001dea0f1b800 JavaThread "Unconstrained build operations Thread 47" [_thread_blocked, id=17788, stack(0x000000c139c00000,0x000000c139d00000)]
  0x000001dea0f1b000 JavaThread "Unconstrained build operations Thread 48" [_thread_blocked, id=1952, stack(0x000000c139d00000,0x000000c139e00000)]
  0x000001dea0f1c800 JavaThread "Unconstrained build operations Thread 49" [_thread_blocked, id=16948, stack(0x000000c139e00000,0x000000c139f00000)]
  0x000001dea0f1d000 JavaThread "Unconstrained build operations Thread 50" [_thread_blocked, id=7640, stack(0x000000c139f00000,0x000000c13a000000)]
  0x000001dea0f19000 JavaThread "Unconstrained build operations Thread 51" [_thread_blocked, id=15288, stack(0x000000c13a000000,0x000000c13a100000)]
  0x000001dea0f1a000 JavaThread "Unconstrained build operations Thread 52" [_thread_blocked, id=16900, stack(0x000000c13a100000,0x000000c13a200000)]
  0x000001dea0f18800 JavaThread "Unconstrained build operations Thread 53" [_thread_blocked, id=2008, stack(0x000000c13a200000,0x000000c13a300000)]
  0x000001dea0f1e000 JavaThread "Unconstrained build operations Thread 54" [_thread_blocked, id=2440, stack(0x000000c13a300000,0x000000c13a400000)]
  0x000001dea0f1f000 JavaThread "Unconstrained build operations Thread 55" [_thread_blocked, id=12952, stack(0x000000c13a400000,0x000000c13a500000)]
  0x000001de9f7f5800 JavaThread "Unconstrained build operations Thread 56" [_thread_blocked, id=17648, stack(0x000000c13a500000,0x000000c13a600000)]
  0x000001de9f7fa800 JavaThread "Unconstrained build operations Thread 57" [_thread_blocked, id=320, stack(0x000000c13a600000,0x000000c13a700000)]
  0x000001de9f7f7800 JavaThread "Unconstrained build operations Thread 58" [_thread_blocked, id=17964, stack(0x000000c13a700000,0x000000c13a800000)]
  0x000001de9f7f6800 JavaThread "Unconstrained build operations Thread 59" [_thread_blocked, id=16696, stack(0x000000c13a800000,0x000000c13a900000)]
  0x000001de9f7fa000 JavaThread "Unconstrained build operations Thread 60" [_thread_blocked, id=14980, stack(0x000000c13a900000,0x000000c13aa00000)]
  0x000001de9f7fc000 JavaThread "Unconstrained build operations Thread 61" [_thread_blocked, id=4648, stack(0x000000c13aa00000,0x000000c13ab00000)]
  0x000001de9f7fb800 JavaThread "Unconstrained build operations Thread 62" [_thread_blocked, id=18396, stack(0x000000c13ab00000,0x000000c13ac00000)]
  0x000001de9f7fd000 JavaThread "Unconstrained build operations Thread 63" [_thread_blocked, id=16008, stack(0x000000c13ac00000,0x000000c13ad00000)]
  0x000001de9f7fe000 JavaThread "Unconstrained build operations Thread 64" [_thread_blocked, id=17208, stack(0x000000c13ad00000,0x000000c13ae00000)]
  0x000001de9f7f8000 JavaThread "Unconstrained build operations Thread 65" [_thread_blocked, id=1512, stack(0x000000c13ae00000,0x000000c13af00000)]
  0x000001de9f7f9000 JavaThread "Unconstrained build operations Thread 66" [_thread_blocked, id=6472, stack(0x000000c13af00000,0x000000c13b000000)]
  0x000001de9f802800 JavaThread "Unconstrained build operations Thread 67" [_thread_blocked, id=13332, stack(0x000000c13b000000,0x000000c13b100000)]
  0x000001de9f7fe800 JavaThread "Unconstrained build operations Thread 68" [_thread_blocked, id=2468, stack(0x000000c13b100000,0x000000c13b200000)]
  0x000001de9f803800 JavaThread "Unconstrained build operations Thread 69" [_thread_blocked, id=15256, stack(0x000000c13b200000,0x000000c13b300000)]
  0x000001de9f804800 JavaThread "Unconstrained build operations Thread 70" [_thread_blocked, id=16456, stack(0x000000c13b300000,0x000000c13b400000)]
  0x000001de9f800800 JavaThread "Unconstrained build operations Thread 71" [_thread_blocked, id=16520, stack(0x000000c13b400000,0x000000c13b500000)]
  0x000001de9f7ff800 JavaThread "Unconstrained build operations Thread 72" [_thread_blocked, id=12240, stack(0x000000c13b500000,0x000000c13b600000)]
  0x000001de9f801000 JavaThread "Unconstrained build operations Thread 73" [_thread_blocked, id=17980, stack(0x000000c13b600000,0x000000c13b700000)]
  0x000001de9f802000 JavaThread "Unconstrained build operations Thread 74" [_thread_blocked, id=7788, stack(0x000000c13b700000,0x000000c13b800000)]
  0x000001dea10f3000 JavaThread "Unconstrained build operations Thread 75" [_thread_blocked, id=17240, stack(0x000000c13b800000,0x000000c13b900000)]
  0x000001dea10f2800 JavaThread "Unconstrained build operations Thread 76" [_thread_blocked, id=16936, stack(0x000000c13b900000,0x000000c13ba00000)]
  0x000001dea10f0800 JavaThread "Unconstrained build operations Thread 77" [_thread_blocked, id=13516, stack(0x000000c13ba00000,0x000000c13bb00000)]
  0x000001dea10f1800 JavaThread "Unconstrained build operations Thread 78" [_thread_blocked, id=16688, stack(0x000000c13bb00000,0x000000c13bc00000)]
  0x000001dea10f0000 JavaThread "Unconstrained build operations Thread 79" [_thread_blocked, id=10928, stack(0x000000c13bc00000,0x000000c13bd00000)]
  0x000001dea10f4000 JavaThread "Unconstrained build operations Thread 80" [_thread_blocked, id=15552, stack(0x000000c13bd00000,0x000000c13be00000)]
  0x000001dea10ee800 JavaThread "jar transforms Thread 4" [_thread_blocked, id=14596, stack(0x000000c13be00000,0x000000c13bf00000)]
  0x000001dea10f5000 JavaThread "jar transforms Thread 5" [_thread_blocked, id=15808, stack(0x000000c13bf00000,0x000000c13c000000)]
  0x000001dea10ef000 JavaThread "jar transforms Thread 6" [_thread_blocked, id=17856, stack(0x000000c13c000000,0x000000c13c100000)]
  0x000001dea10f9000 JavaThread "jar transforms Thread 7" [_thread_blocked, id=13960, stack(0x000000c13c100000,0x000000c13c200000)]
  0x000001dea10f5800 JavaThread "jar transforms Thread 8" [_thread_blocked, id=2304, stack(0x000000c13c200000,0x000000c13c300000)]
  0x000001dea10f7800 JavaThread "Memory manager" [_thread_blocked, id=13760, stack(0x000000c13c300000,0x000000c13c400000)]
  0x000001dea10fb800 JavaThread "build event listener" [_thread_blocked, id=7272, stack(0x000000c13c400000,0x000000c13c500000)]
  0x000001dea10fc000 JavaThread "Execution worker for ':'" [_thread_blocked, id=4448, stack(0x000000c13c500000,0x000000c13c600000)]
  0x000001dea10f9800 JavaThread "Execution worker for ':' Thread 2" [_thread_blocked, id=18368, stack(0x000000c13c600000,0x000000c13c700000)]
  0x000001dea10fa800 JavaThread "Execution worker for ':' Thread 3" [_thread_blocked, id=16804, stack(0x000000c13c700000,0x000000c13c800000)]
  0x000001dea10f6800 JavaThread "Execution worker for ':' Thread 4" [_thread_blocked, id=7576, stack(0x000000c13c800000,0x000000c13c900000)]
  0x000001dea10f8000 JavaThread "Execution worker for ':' Thread 5" [_thread_blocked, id=8368, stack(0x000000c13c900000,0x000000c13ca00000)]
  0x000001dea10fd000 JavaThread "Execution worker for ':' Thread 6" [_thread_blocked, id=2688, stack(0x000000c13ca00000,0x000000c13cb00000)]
  0x000001dea2fb9800 JavaThread "Execution worker for ':' Thread 7" [_thread_blocked, id=15168, stack(0x000000c13cb00000,0x000000c13cc00000)]
  0x000001dea2fbb800 JavaThread "Cache worker for execution history cache (C:\Users\Erica\AndroidStudioProjects\WSAP_appExtension\.gradle\7.3.3\executionHistory)" [_thread_blocked, id=6524, stack(0x000000c13cc00000,0x000000c13cd00000)]
  0x000001dea2fb7800 JavaThread "WorkerExecutor Queue" [_thread_blocked, id=11208, stack(0x000000c13cd00000,0x000000c13ce00000)]

Other Threads:
=>0x000001deffbfe800 VMThread "VM Thread" [stack: 0x000000c134100000,0x000000c134200000] [id=17232]
  0x000001de9b2af800 WatcherThread [stack: 0x000000c134b00000,0x000000c134c00000] [id=12376]
  0x000001deffb39800 GCTaskThread "GC Thread#0" [stack: 0x000000c133c00000,0x000000c133d00000] [id=3364]
  0x000001de9bd99800 GCTaskThread "GC Thread#1" [stack: 0x000000c134c00000,0x000000c134d00000] [id=10844]
  0x000001de9d41b800 GCTaskThread "GC Thread#2" [stack: 0x000000c135700000,0x000000c135800000] [id=15364]
  0x000001de9d135800 GCTaskThread "GC Thread#3" [stack: 0x000000c135800000,0x000000c135900000] [id=13104]
  0x000001de9d136800 GCTaskThread "GC Thread#4" [stack: 0x000000c135900000,0x000000c135a00000] [id=14276]
  0x000001de9d08c800 GCTaskThread "GC Thread#5" [stack: 0x000000c135a00000,0x000000c135b00000] [id=10900]
  0x000001de9d08d000 GCTaskThread "GC Thread#6" [stack: 0x000000c135b00000,0x000000c135c00000] [id=11756]
  0x000001de9d08e000 GCTaskThread "GC Thread#7" [stack: 0x000000c135c00000,0x000000c135d00000] [id=16580]
  0x000001deffb6b800 ConcurrentGCThread "G1 Main Marker" [stack: 0x000000c133d00000,0x000000c133e00000] [id=1072]
  0x000001deffb6d800 ConcurrentGCThread "G1 Conc#0" [stack: 0x000000c133e00000,0x000000c133f00000] [id=14548]
  0x000001de9d51e800 ConcurrentGCThread "G1 Conc#1" [stack: 0x000000c136000000,0x000000c136100000] [id=17108]
  0x000001deffbd8000 ConcurrentGCThread "G1 Refine#0" [stack: 0x000000c133f00000,0x000000c134000000] [id=12828]
  0x000001deffbdb000 ConcurrentGCThread "G1 Young RemSet Sampling" [stack: 0x000000c134000000,0x000000c134100000] [id=8896]

Threads with active compile tasks:
C2 CompilerThread0  28376 13842       4       com.android.tools.r8.internal.mn::a (75 bytes)

VM state:at safepoint (normal execution)

VM Mutex/Monitor currently owned by a thread:  ([mutex/lock_event])
[0x000001deffb1b530] Threads_lock - owner thread: 0x000001deffbfe800
[0x000001deffb1c970] Heap_lock - owner thread: 0x000001de9d967000

Heap address: 0x0000000080000000, size: 2048 MB, Compressed Oops mode: 32-bit
Narrow klass base: 0x0000000000000000, Narrow klass shift: 3
Compressed class space size: 1073741824 Address: 0x0000000100000000

Heap:
 garbage-first heap   total 355328K, used 115412K [0x0000000080000000, 0x0000000100000000)
  region size 1024K, 11 young (11264K), 11 survivors (11264K)
 Metaspace       used 99750K, capacity 102234K, committed 102444K, reserved 1138688K
  class space    used 12926K, capacity 13885K, committed 13952K, reserved 1048576K
Heap Regions: E=young(eden), S=young(survivor), O=old, HS=humongous(starts), HC=humongous(continues), CS=collection set, F=free, A=archive, TAMS=top-at-mark-start (previous, next)
|   0|0x0000000080000000, 0x0000000080100000, 0x0000000080100000|100%| O|  |TAMS 0x0000000080100000, 0x0000000080000000| Untracked 
|   1|0x0000000080100000, 0x0000000080200000, 0x0000000080200000|100%| O|  |TAMS 0x0000000080200000, 0x0000000080100000| Untracked 
|   2|0x0000000080200000, 0x0000000080300000, 0x0000000080300000|100%| O|  |TAMS 0x0000000080300000, 0x0000000080200000| Untracked 
|   3|0x0000000080300000, 0x0000000080400000, 0x0000000080400000|100%|HS|  |TAMS 0x0000000080400000, 0x0000000080300000| Complete 
|   4|0x0000000080400000, 0x0000000080500000, 0x0000000080500000|100%|HC|  |TAMS 0x0000000080500000, 0x0000000080400000| Complete 
|   5|0x0000000080500000, 0x0000000080600000, 0x0000000080600000|100%|HC|  |TAMS 0x0000000080600000, 0x0000000080500000| Complete 
|   6|0x0000000080600000, 0x0000000080700000, 0x0000000080700000|100%| O|  |TAMS 0x0000000080700000, 0x0000000080600000| Untracked 
|   7|0x0000000080700000, 0x0000000080800000, 0x0000000080800000|100%| O|  |TAMS 0x0000000080800000, 0x0000000080700000| Untracked 
|   8|0x0000000080800000, 0x0000000080900000, 0x0000000080900000|100%| O|  |TAMS 0x0000000080900000, 0x0000000080800000| Untracked 
|   9|0x0000000080900000, 0x0000000080a00000, 0x0000000080a00000|100%| O|  |TAMS 0x0000000080a00000, 0x0000000080900000| Untracked 
|  10|0x0000000080a00000, 0x0000000080b00000, 0x0000000080b00000|100%| O|  |TAMS 0x0000000080b00000, 0x0000000080a00000| Untracked 
|  11|0x0000000080b00000, 0x0000000080c00000, 0x0000000080c00000|100%| O|  |TAMS 0x0000000080c00000, 0x0000000080b00000| Untracked 
|  12|0x0000000080c00000, 0x0000000080d00000, 0x0000000080d00000|100%| O|  |TAMS 0x0000000080d00000, 0x0000000080c00000| Untracked 
|  13|0x0000000080d00000, 0x0000000080e00000, 0x0000000080e00000|100%| O|  |TAMS 0x0000000080e00000, 0x0000000080d00000| Untracked 
|  14|0x0000000080e00000, 0x0000000080f00000, 0x0000000080f00000|100%| O|  |TAMS 0x0000000080f00000, 0x0000000080e00000| Untracked 
|  15|0x0000000080f00000, 0x0000000081000000, 0x0000000081000000|100%| O|  |TAMS 0x0000000081000000, 0x0000000080f00000| Untracked 
|  16|0x0000000081000000, 0x0000000081100000, 0x0000000081100000|100%| O|  |TAMS 0x0000000081100000, 0x0000000081000000| Untracked 
|  17|0x0000000081100000, 0x0000000081200000, 0x0000000081200000|100%| O|  |TAMS 0x0000000081200000, 0x0000000081100000| Untracked 
|  18|0x0000000081200000, 0x0000000081300000, 0x0000000081300000|100%| O|  |TAMS 0x0000000081300000, 0x0000000081200000| Untracked 
|  19|0x0000000081300000, 0x0000000081400000, 0x0000000081400000|100%| O|  |TAMS 0x0000000081400000, 0x0000000081300000| Untracked 
|  20|0x0000000081400000, 0x0000000081500000, 0x0000000081500000|100%| O|  |TAMS 0x0000000081500000, 0x0000000081400000| Untracked 
|  21|0x0000000081500000, 0x0000000081600000, 0x0000000081600000|100%| O|  |TAMS 0x0000000081600000, 0x0000000081500000| Untracked 
|  22|0x0000000081600000, 0x0000000081700000, 0x0000000081700000|100%|HS|  |TAMS 0x0000000081700000, 0x0000000081600000| Complete 
|  23|0x0000000081700000, 0x0000000081800000, 0x0000000081800000|100%| O|  |TAMS 0x0000000081800000, 0x0000000081700000| Untracked 
|  24|0x0000000081800000, 0x0000000081900000, 0x0000000081900000|100%| O|  |TAMS 0x0000000081900000, 0x0000000081800000| Untracked 
|  25|0x0000000081900000, 0x0000000081a00000, 0x0000000081a00000|100%| O|  |TAMS 0x0000000081a00000, 0x0000000081900000| Untracked 
|  26|0x0000000081a00000, 0x0000000081b00000, 0x0000000081b00000|100%| O|  |TAMS 0x0000000081b00000, 0x0000000081a00000| Untracked 
|  27|0x0000000081b00000, 0x0000000081c00000, 0x0000000081c00000|100%| O|  |TAMS 0x0000000081c00000, 0x0000000081b00000| Untracked 
|  28|0x0000000081c00000, 0x0000000081d00000, 0x0000000081d00000|100%|HS|  |TAMS 0x0000000081d00000, 0x0000000081c00000| Complete 
|  29|0x0000000081d00000, 0x0000000081e00000, 0x0000000081e00000|100%| O|  |TAMS 0x0000000081e00000, 0x0000000081d00000| Untracked 
|  30|0x0000000081e00000, 0x0000000081f00000, 0x0000000081f00000|100%| O|  |TAMS 0x0000000081f00000, 0x0000000081e00000| Untracked 
|  31|0x0000000081f00000, 0x0000000082000000, 0x0000000082000000|100%| O|  |TAMS 0x0000000082000000, 0x0000000081f00000| Untracked 
|  32|0x0000000082000000, 0x0000000082100000, 0x0000000082100000|100%|HS|  |TAMS 0x0000000082100000, 0x0000000082000000| Complete 
|  33|0x0000000082100000, 0x0000000082200000, 0x0000000082200000|100%|HC|  |TAMS 0x0000000082200000, 0x0000000082100000| Complete 
|  34|0x0000000082200000, 0x0000000082300000, 0x0000000082300000|100%| O|  |TAMS 0x0000000082300000, 0x0000000082200000| Untracked 
|  35|0x0000000082300000, 0x0000000082400000, 0x0000000082400000|100%| O|  |TAMS 0x0000000082400000, 0x0000000082300000| Untracked 
|  36|0x0000000082400000, 0x0000000082500000, 0x0000000082500000|100%| O|  |TAMS 0x0000000082500000, 0x0000000082400000| Untracked 
|  37|0x0000000082500000, 0x0000000082600000, 0x0000000082600000|100%| O|  |TAMS 0x0000000082600000, 0x0000000082500000| Untracked 
|  38|0x0000000082600000, 0x0000000082700000, 0x0000000082700000|100%| O|  |TAMS 0x0000000082700000, 0x0000000082600000| Untracked 
|  39|0x0000000082700000, 0x0000000082800000, 0x0000000082800000|100%| O|  |TAMS 0x0000000082800000, 0x0000000082700000| Untracked 
|  40|0x0000000082800000, 0x0000000082900000, 0x0000000082900000|100%| O|  |TAMS 0x0000000082900000, 0x0000000082800000| Untracked 
|  41|0x0000000082900000, 0x0000000082a00000, 0x0000000082a00000|100%| O|  |TAMS 0x0000000082a00000, 0x0000000082900000| Untracked 
|  42|0x0000000082a00000, 0x0000000082b00000, 0x0000000082b00000|100%| O|  |TAMS 0x0000000082b00000, 0x0000000082a00000| Untracked 
|  43|0x0000000082b00000, 0x0000000082c00000, 0x0000000082c00000|100%| O|  |TAMS 0x0000000082c00000, 0x0000000082b00000| Untracked 
|  44|0x0000000082c00000, 0x0000000082d00000, 0x0000000082d00000|100%| O|  |TAMS 0x0000000082d00000, 0x0000000082c00000| Untracked 
|  45|0x0000000082d00000, 0x0000000082e00000, 0x0000000082e00000|100%| O|  |TAMS 0x0000000082e00000, 0x0000000082d00000| Untracked 
|  46|0x0000000082e00000, 0x0000000082f00000, 0x0000000082f00000|100%| O|  |TAMS 0x0000000082f00000, 0x0000000082e00000| Untracked 
|  47|0x0000000082f00000, 0x0000000083000000, 0x0000000083000000|100%| O|  |TAMS 0x0000000083000000, 0x0000000082f00000| Untracked 
|  48|0x0000000083000000, 0x0000000083100000, 0x0000000083100000|100%| O|  |TAMS 0x0000000083100000, 0x0000000083000000| Untracked 
|  49|0x0000000083100000, 0x0000000083200000, 0x0000000083200000|100%| O|  |TAMS 0x0000000083200000, 0x0000000083100000| Untracked 
|  50|0x0000000083200000, 0x0000000083300000, 0x0000000083300000|100%| O|  |TAMS 0x0000000083300000, 0x0000000083200000| Untracked 
|  51|0x0000000083300000, 0x0000000083400000, 0x0000000083400000|100%| O|  |TAMS 0x0000000083400000, 0x0000000083300000| Untracked 
|  52|0x0000000083400000, 0x0000000083500000, 0x0000000083500000|100%| O|  |TAMS 0x0000000083500000, 0x0000000083400000| Untracked 
|  53|0x0000000083500000, 0x0000000083600000, 0x0000000083600000|100%| O|  |TAMS 0x0000000083600000, 0x0000000083500000| Untracked 
|  54|0x0000000083600000, 0x0000000083700000, 0x0000000083700000|100%| O|  |TAMS 0x0000000083700000, 0x0000000083600000| Untracked 
|  55|0x0000000083700000, 0x0000000083800000, 0x0000000083800000|100%| O|  |TAMS 0x0000000083800000, 0x0000000083700000| Untracked 
|  56|0x0000000083800000, 0x0000000083900000, 0x0000000083900000|100%| O|  |TAMS 0x0000000083900000, 0x0000000083800000| Untracked 
|  57|0x0000000083900000, 0x0000000083a00000, 0x0000000083a00000|100%| O|  |TAMS 0x0000000083a00000, 0x0000000083900000| Untracked 
|  58|0x0000000083a00000, 0x0000000083b00000, 0x0000000083b00000|100%| O|  |TAMS 0x0000000083b00000, 0x0000000083a00000| Untracked 
|  59|0x0000000083b00000, 0x0000000083c00000, 0x0000000083c00000|100%| O|  |TAMS 0x0000000083c00000, 0x0000000083b00000| Untracked 
|  60|0x0000000083c00000, 0x0000000083d00000, 0x0000000083d00000|100%| O|  |TAMS 0x0000000083d00000, 0x0000000083c00000| Untracked 
|  61|0x0000000083d00000, 0x0000000083e00000, 0x0000000083e00000|100%| O|  |TAMS 0x0000000083e00000, 0x0000000083d00000| Untracked 
|  62|0x0000000083e00000, 0x0000000083f00000, 0x0000000083f00000|100%| O|  |TAMS 0x0000000083f00000, 0x0000000083e00000| Untracked 
|  63|0x0000000083f00000, 0x0000000084000000, 0x0000000084000000|100%| O|  |TAMS 0x0000000084000000, 0x0000000083f00000| Untracked 
|  64|0x0000000084000000, 0x0000000084100000, 0x0000000084100000|100%|HS|  |TAMS 0x0000000084100000, 0x0000000084000000| Complete 
|  65|0x0000000084100000, 0x0000000084200000, 0x0000000084200000|100%|HC|  |TAMS 0x0000000084200000, 0x0000000084100000| Complete 
|  66|0x0000000084200000, 0x0000000084300000, 0x0000000084300000|100%| O|  |TAMS 0x0000000084300000, 0x0000000084200000| Untracked 
|  67|0x0000000084300000, 0x0000000084400000, 0x0000000084400000|100%| O|  |TAMS 0x0000000084400000, 0x0000000084300000| Untracked 
|  68|0x0000000084400000, 0x0000000084500000, 0x0000000084500000|100%| O|  |TAMS 0x0000000084500000, 0x0000000084400000| Untracked 
|  69|0x0000000084500000, 0x0000000084600000, 0x0000000084600000|100%| O|  |TAMS 0x0000000084600000, 0x0000000084500000| Untracked 
|  70|0x0000000084600000, 0x0000000084700000, 0x0000000084700000|100%| O|  |TAMS 0x0000000084700000, 0x0000000084600000| Untracked 
|  71|0x0000000084700000, 0x0000000084800000, 0x0000000084800000|100%| O|  |TAMS 0x0000000084800000, 0x0000000084700000| Untracked 
|  72|0x0000000084800000, 0x0000000084900000, 0x0000000084900000|100%| O|  |TAMS 0x0000000084900000, 0x0000000084800000| Untracked 
|  73|0x0000000084900000, 0x0000000084a00000, 0x0000000084a00000|100%| O|  |TAMS 0x0000000084a00000, 0x0000000084900000| Untracked 
|  74|0x0000000084a00000, 0x0000000084b00000, 0x0000000084b00000|100%| O|  |TAMS 0x0000000084b00000, 0x0000000084a00000| Untracked 
|  75|0x0000000084b00000, 0x0000000084c00000, 0x0000000084c00000|100%| O|  |TAMS 0x0000000084c00000, 0x0000000084b00000| Untracked 
|  76|0x0000000084c00000, 0x0000000084d00000, 0x0000000084d00000|100%| O|  |TAMS 0x0000000084d00000, 0x0000000084c00000| Untracked 
|  77|0x0000000084d00000, 0x0000000084e00000, 0x0000000084e00000|100%| O|  |TAMS 0x0000000084e00000, 0x0000000084d00000| Untracked 
|  78|0x0000000084e00000, 0x0000000084f00000, 0x0000000084f00000|100%| O|  |TAMS 0x0000000084f00000, 0x0000000084e00000| Untracked 
|  79|0x0000000084f00000, 0x0000000085000000, 0x0000000085000000|100%| O|  |TAMS 0x0000000085000000, 0x0000000084f00000| Untracked 
|  80|0x0000000085000000, 0x0000000085100000, 0x0000000085100000|100%| O|  |TAMS 0x0000000085100000, 0x0000000085000000| Untracked 
|  81|0x0000000085100000, 0x0000000085200000, 0x0000000085200000|100%| O|  |TAMS 0x000000008517a800, 0x0000000085100000| Untracked 
|  82|0x0000000085200000, 0x0000000085300000, 0x0000000085300000|100%| O|  |TAMS 0x0000000085200000, 0x0000000085200000| Untracked 
|  83|0x0000000085300000, 0x0000000085400000, 0x0000000085400000|100%| O|  |TAMS 0x0000000085300000, 0x0000000085300000| Untracked 
|  84|0x0000000085400000, 0x0000000085500000, 0x0000000085500000|100%| O|  |TAMS 0x0000000085400000, 0x0000000085400000| Untracked 
|  85|0x0000000085500000, 0x0000000085600000, 0x0000000085600000|100%| O|  |TAMS 0x0000000085500000, 0x0000000085500000| Untracked 
|  86|0x0000000085600000, 0x0000000085700000, 0x0000000085700000|100%| O|  |TAMS 0x0000000085600000, 0x0000000085600000| Untracked 
|  87|0x0000000085700000, 0x0000000085800000, 0x0000000085800000|100%| O|  |TAMS 0x0000000085700000, 0x0000000085700000| Untracked 
|  88|0x0000000085800000, 0x0000000085900000, 0x0000000085900000|100%| O|  |TAMS 0x0000000085800000, 0x0000000085800000| Untracked 
|  89|0x0000000085900000, 0x0000000085a00000, 0x0000000085a00000|100%| O|  |TAMS 0x0000000085900000, 0x0000000085900000| Untracked 
|  90|0x0000000085a00000, 0x0000000085b00000, 0x0000000085b00000|100%| O|  |TAMS 0x0000000085a00000, 0x0000000085a00000| Untracked 
|  91|0x0000000085b00000, 0x0000000085c00000, 0x0000000085c00000|100%| O|  |TAMS 0x0000000085b00000, 0x0000000085b00000| Untracked 
|  92|0x0000000085c00000, 0x0000000085d00000, 0x0000000085d00000|100%| O|  |TAMS 0x0000000085c00000, 0x0000000085c00000| Untracked 
|  93|0x0000000085d00000, 0x0000000085e00000, 0x0000000085e00000|100%| O|  |TAMS 0x0000000085d00000, 0x0000000085d00000| Untracked 
|  94|0x0000000085e00000, 0x0000000085f00000, 0x0000000085f00000|100%| O|  |TAMS 0x0000000085e00000, 0x0000000085e00000| Untracked 
|  95|0x0000000085f00000, 0x0000000086000000, 0x0000000086000000|100%| O|  |TAMS 0x0000000085f00000, 0x0000000085f00000| Untracked 
|  96|0x0000000086000000, 0x0000000086100000, 0x0000000086100000|100%| O|  |TAMS 0x0000000086000000, 0x0000000086000000| Untracked 
|  97|0x0000000086100000, 0x0000000086200000, 0x0000000086200000|100%| O|  |TAMS 0x0000000086100000, 0x0000000086100000| Untracked 
|  98|0x0000000086200000, 0x0000000086300000, 0x0000000086300000|100%| O|  |TAMS 0x0000000086200000, 0x0000000086200000| Untracked 
|  99|0x0000000086300000, 0x0000000086400000, 0x0000000086400000|100%| O|  |TAMS 0x0000000086300000, 0x0000000086300000| Untracked 
| 100|0x0000000086400000, 0x0000000086500000, 0x0000000086500000|100%| O|  |TAMS 0x0000000086400000, 0x0000000086400000| Untracked 
| 101|0x0000000086500000, 0x0000000086600000, 0x0000000086600000|100%| O|  |TAMS 0x0000000086500000, 0x0000000086500000| Untracked 
| 102|0x0000000086600000, 0x000000008661da00, 0x0000000086700000| 11%| O|  |TAMS 0x0000000086600000, 0x0000000086600000| Untracked 
| 103|0x0000000086700000, 0x0000000086700000, 0x0000000086800000|  0%| F|  |TAMS 0x0000000086700000, 0x0000000086700000| Untracked 
| 104|0x0000000086800000, 0x0000000086800000, 0x0000000086900000|  0%| F|  |TAMS 0x0000000086800000, 0x0000000086800000| Untracked 
| 105|0x0000000086900000, 0x0000000086900000, 0x0000000086a00000|  0%| F|  |TAMS 0x0000000086900000, 0x0000000086900000| Untracked 
| 106|0x0000000086a00000, 0x0000000086a00000, 0x0000000086b00000|  0%| F|  |TAMS 0x0000000086a00000, 0x0000000086a00000| Untracked 
| 107|0x0000000086b00000, 0x0000000086b00000, 0x0000000086c00000|  0%| F|  |TAMS 0x0000000086b00000, 0x0000000086b00000| Untracked 
| 108|0x0000000086c00000, 0x0000000086c00000, 0x0000000086d00000|  0%| F|  |TAMS 0x0000000086c00000, 0x0000000086c00000| Untracked 
| 109|0x0000000086d00000, 0x0000000086d00000, 0x0000000086e00000|  0%| F|  |TAMS 0x0000000086d00000, 0x0000000086d00000| Untracked 
| 110|0x0000000086e00000, 0x0000000086e00000, 0x0000000086f00000|  0%| F|  |TAMS 0x0000000086e00000, 0x0000000086e00000| Untracked 
| 111|0x0000000086f00000, 0x0000000086f00000, 0x0000000087000000|  0%| F|  |TAMS 0x0000000086f00000, 0x0000000086f00000| Untracked 
| 112|0x0000000087000000, 0x0000000087000000, 0x0000000087100000|  0%| F|  |TAMS 0x0000000087000000, 0x0000000087000000| Untracked 
| 113|0x0000000087100000, 0x0000000087100000, 0x0000000087200000|  0%| F|  |TAMS 0x0000000087100000, 0x0000000087100000| Untracked 
| 114|0x0000000087200000, 0x0000000087200000, 0x0000000087300000|  0%| F|  |TAMS 0x0000000087200000, 0x0000000087200000| Untracked 
| 115|0x0000000087300000, 0x0000000087300000, 0x0000000087400000|  0%| F|  |TAMS 0x0000000087300000, 0x0000000087300000| Untracked 
| 116|0x0000000087400000, 0x0000000087400000, 0x0000000087500000|  0%| F|  |TAMS 0x0000000087400000, 0x0000000087400000| Untracked 
| 117|0x0000000087500000, 0x0000000087500000, 0x0000000087600000|  0%| F|  |TAMS 0x0000000087500000, 0x0000000087500000| Untracked 
| 118|0x0000000087600000, 0x0000000087600000, 0x0000000087700000|  0%| F|  |TAMS 0x0000000087600000, 0x0000000087600000| Untracked 
| 119|0x0000000087700000, 0x0000000087700000, 0x0000000087800000|  0%| F|  |TAMS 0x0000000087700000, 0x0000000087700000| Untracked 
| 120|0x0000000087800000, 0x0000000087800000, 0x0000000087900000|  0%| F|  |TAMS 0x0000000087800000, 0x0000000087800000| Untracked 
| 121|0x0000000087900000, 0x0000000087900000, 0x0000000087a00000|  0%| F|  |TAMS 0x0000000087900000, 0x0000000087900000| Untracked 
| 122|0x0000000087a00000, 0x0000000087a00000, 0x0000000087b00000|  0%| F|  |TAMS 0x0000000087a00000, 0x0000000087a00000| Untracked 
| 123|0x0000000087b00000, 0x0000000087b00000, 0x0000000087c00000|  0%| F|  |TAMS 0x0000000087b00000, 0x0000000087b00000| Untracked 
| 124|0x0000000087c00000, 0x0000000087c00000, 0x0000000087d00000|  0%| F|  |TAMS 0x0000000087c00000, 0x0000000087c00000| Untracked 
| 125|0x0000000087d00000, 0x0000000087d00000, 0x0000000087e00000|  0%| F|  |TAMS 0x0000000087d00000, 0x0000000087d00000| Untracked 
| 126|0x0000000087e00000, 0x0000000087e00000, 0x0000000087f00000|  0%| F|  |TAMS 0x0000000087e00000, 0x0000000087e00000| Untracked 
| 127|0x0000000087f00000, 0x0000000087f00000, 0x0000000088000000|  0%| F|  |TAMS 0x0000000087f00000, 0x0000000087f00000| Untracked 
| 128|0x0000000088000000, 0x0000000088000000, 0x0000000088100000|  0%| F|  |TAMS 0x0000000088000000, 0x0000000088000000| Untracked 
| 129|0x0000000088100000, 0x0000000088100000, 0x0000000088200000|  0%| F|  |TAMS 0x0000000088100000, 0x0000000088100000| Untracked 
| 130|0x0000000088200000, 0x0000000088200000, 0x0000000088300000|  0%| F|  |TAMS 0x0000000088200000, 0x0000000088200000| Untracked 
| 131|0x0000000088300000, 0x0000000088300000, 0x0000000088400000|  0%| F|  |TAMS 0x0000000088300000, 0x0000000088300000| Untracked 
| 132|0x0000000088400000, 0x0000000088400000, 0x0000000088500000|  0%| F|  |TAMS 0x0000000088400000, 0x0000000088400000| Untracked 
| 133|0x0000000088500000, 0x0000000088500000, 0x0000000088600000|  0%| F|  |TAMS 0x0000000088500000, 0x0000000088500000| Untracked 
| 134|0x0000000088600000, 0x0000000088600000, 0x0000000088700000|  0%| F|  |TAMS 0x0000000088600000, 0x0000000088600000| Untracked 
| 135|0x0000000088700000, 0x0000000088700000, 0x0000000088800000|  0%| F|  |TAMS 0x0000000088700000, 0x0000000088700000| Untracked 
| 136|0x0000000088800000, 0x0000000088800000, 0x0000000088900000|  0%| F|  |TAMS 0x0000000088800000, 0x0000000088800000| Untracked 
| 137|0x0000000088900000, 0x00000000889979f8, 0x0000000088a00000| 59%| S|CS|TAMS 0x0000000088900000, 0x0000000088900000| Complete 
| 138|0x0000000088a00000, 0x0000000088b00000, 0x0000000088b00000|100%| S|CS|TAMS 0x0000000088a00000, 0x0000000088a00000| Complete 
| 139|0x0000000088b00000, 0x0000000088c00000, 0x0000000088c00000|100%| S|CS|TAMS 0x0000000088b00000, 0x0000000088b00000| Complete 
| 140|0x0000000088c00000, 0x0000000088d00000, 0x0000000088d00000|100%| S|CS|TAMS 0x0000000088c00000, 0x0000000088c00000| Complete 
| 141|0x0000000088d00000, 0x0000000088e00000, 0x0000000088e00000|100%| S|CS|TAMS 0x0000000088d00000, 0x0000000088d00000| Complete 
| 142|0x0000000088e00000, 0x0000000088e00000, 0x0000000088f00000|  0%| F|  |TAMS 0x0000000088e00000, 0x0000000088e00000| Untracked 
| 143|0x0000000088f00000, 0x0000000088f00000, 0x0000000089000000|  0%| F|  |TAMS 0x0000000088f00000, 0x0000000088f00000| Untracked 
| 144|0x0000000089000000, 0x0000000089000000, 0x0000000089100000|  0%| F|  |TAMS 0x0000000089000000, 0x0000000089000000| Untracked 
| 145|0x0000000089100000, 0x0000000089100000, 0x0000000089200000|  0%| F|  |TAMS 0x0000000089100000, 0x0000000089100000| Untracked 
| 146|0x0000000089200000, 0x0000000089200000, 0x0000000089300000|  0%| F|  |TAMS 0x0000000089200000, 0x0000000089200000| Untracked 
| 147|0x0000000089300000, 0x0000000089300000, 0x0000000089400000|  0%| F|  |TAMS 0x0000000089300000, 0x0000000089300000| Untracked 
| 148|0x0000000089400000, 0x0000000089400000, 0x0000000089500000|  0%| F|  |TAMS 0x0000000089400000, 0x0000000089400000| Untracked 
| 149|0x0000000089500000, 0x0000000089500000, 0x0000000089600000|  0%| F|  |TAMS 0x0000000089500000, 0x0000000089500000| Untracked 
| 150|0x0000000089600000, 0x0000000089600000, 0x0000000089700000|  0%| F|  |TAMS 0x0000000089600000, 0x0000000089600000| Untracked 
| 151|0x0000000089700000, 0x0000000089700000, 0x0000000089800000|  0%| F|  |TAMS 0x0000000089700000, 0x0000000089700000| Untracked 
| 152|0x0000000089800000, 0x0000000089900000, 0x0000000089900000|100%| S|CS|TAMS 0x0000000089800000, 0x0000000089800000| Complete 
| 153|0x0000000089900000, 0x0000000089a00000, 0x0000000089a00000|100%| S|CS|TAMS 0x0000000089900000, 0x0000000089900000| Complete 
| 154|0x0000000089a00000, 0x0000000089b00000, 0x0000000089b00000|100%| S|CS|TAMS 0x0000000089a00000, 0x0000000089a00000| Complete 
| 155|0x0000000089b00000, 0x0000000089c00000, 0x0000000089c00000|100%| S|CS|TAMS 0x0000000089b00000, 0x0000000089b00000| Complete 
| 156|0x0000000089c00000, 0x0000000089d00000, 0x0000000089d00000|100%| S|CS|TAMS 0x0000000089c00000, 0x0000000089c00000| Complete 
| 157|0x0000000089d00000, 0x0000000089e00000, 0x0000000089e00000|100%| S|CS|TAMS 0x0000000089d00000, 0x0000000089d00000| Complete 
| 158|0x0000000089e00000, 0x0000000089e00000, 0x0000000089f00000|  0%| F|  |TAMS 0x0000000089e00000, 0x0000000089e00000| Untracked 
| 159|0x0000000089f00000, 0x0000000089f00000, 0x000000008a000000|  0%| F|  |TAMS 0x0000000089f00000, 0x0000000089f00000| Untracked 
| 160|0x000000008a000000, 0x000000008a000000, 0x000000008a100000|  0%| F|  |TAMS 0x000000008a000000, 0x000000008a000000| Untracked 
| 161|0x000000008a100000, 0x000000008a100000, 0x000000008a200000|  0%| F|  |TAMS 0x000000008a100000, 0x000000008a100000| Untracked 
| 162|0x000000008a200000, 0x000000008a200000, 0x000000008a300000|  0%| F|  |TAMS 0x000000008a200000, 0x000000008a200000| Untracked 
| 163|0x000000008a300000, 0x000000008a300000, 0x000000008a400000|  0%| F|  |TAMS 0x000000008a300000, 0x000000008a300000| Untracked 
| 164|0x000000008a400000, 0x000000008a400000, 0x000000008a500000|  0%| F|  |TAMS 0x000000008a400000, 0x000000008a400000| Untracked 
| 165|0x000000008a500000, 0x000000008a500000, 0x000000008a600000|  0%| F|  |TAMS 0x000000008a500000, 0x000000008a500000| Untracked 
| 166|0x000000008a600000, 0x000000008a600000, 0x000000008a700000|  0%| F|  |TAMS 0x000000008a600000, 0x000000008a600000| Untracked 
| 167|0x000000008a700000, 0x000000008a700000, 0x000000008a800000|  0%| F|  |TAMS 0x000000008a700000, 0x000000008a700000| Untracked 
| 168|0x000000008a800000, 0x000000008a800000, 0x000000008a900000|  0%| F|  |TAMS 0x000000008a800000, 0x000000008a800000| Untracked 
| 169|0x000000008a900000, 0x000000008a900000, 0x000000008aa00000|  0%| F|  |TAMS 0x000000008a900000, 0x000000008a900000| Untracked 
| 170|0x000000008aa00000, 0x000000008aa00000, 0x000000008ab00000|  0%| F|  |TAMS 0x000000008aa00000, 0x000000008aa00000| Untracked 
| 171|0x000000008ab00000, 0x000000008ab00000, 0x000000008ac00000|  0%| F|  |TAMS 0x000000008ab00000, 0x000000008ab00000| Untracked 
| 172|0x000000008ac00000, 0x000000008ac00000, 0x000000008ad00000|  0%| F|  |TAMS 0x000000008ac00000, 0x000000008ac00000| Untracked 
| 173|0x000000008ad00000, 0x000000008ad00000, 0x000000008ae00000|  0%| F|  |TAMS 0x000000008ad00000, 0x000000008ad00000| Untracked 
| 174|0x000000008ae00000, 0x000000008ae00000, 0x000000008af00000|  0%| F|  |TAMS 0x000000008ae00000, 0x000000008ae00000| Untracked 
| 175|0x000000008af00000, 0x000000008af00000, 0x000000008b000000|  0%| F|  |TAMS 0x000000008af00000, 0x000000008af00000| Untracked 
| 176|0x000000008b000000, 0x000000008b000000, 0x000000008b100000|  0%| F|  |TAMS 0x000000008b000000, 0x000000008b000000| Untracked 
| 177|0x000000008b100000, 0x000000008b100000, 0x000000008b200000|  0%| F|  |TAMS 0x000000008b100000, 0x000000008b100000| Untracked 
| 178|0x000000008b200000, 0x000000008b200000, 0x000000008b300000|  0%| F|  |TAMS 0x000000008b200000, 0x000000008b200000| Untracked 
| 179|0x000000008b300000, 0x000000008b300000, 0x000000008b400000|  0%| F|  |TAMS 0x000000008b300000, 0x000000008b300000| Untracked 
| 180|0x000000008b400000, 0x000000008b400000, 0x000000008b500000|  0%| F|  |TAMS 0x000000008b400000, 0x000000008b400000| Untracked 
| 181|0x000000008b500000, 0x000000008b500000, 0x000000008b600000|  0%| F|  |TAMS 0x000000008b500000, 0x000000008b500000| Untracked 
| 182|0x000000008b600000, 0x000000008b600000, 0x000000008b700000|  0%| F|  |TAMS 0x000000008b600000, 0x000000008b600000| Untracked 
| 183|0x000000008b700000, 0x000000008b700000, 0x000000008b800000|  0%| F|  |TAMS 0x000000008b700000, 0x000000008b700000| Untracked 
| 184|0x000000008b800000, 0x000000008b800000, 0x000000008b900000|  0%| F|  |TAMS 0x000000008b800000, 0x000000008b800000| Untracked 
| 185|0x000000008b900000, 0x000000008b900000, 0x000000008ba00000|  0%| F|  |TAMS 0x000000008b900000, 0x000000008b900000| Untracked 
| 186|0x000000008ba00000, 0x000000008ba00000, 0x000000008bb00000|  0%| F|  |TAMS 0x000000008ba00000, 0x000000008ba00000| Untracked 
| 187|0x000000008bb00000, 0x000000008bb00000, 0x000000008bc00000|  0%| F|  |TAMS 0x000000008bb00000, 0x000000008bb00000| Untracked 
| 188|0x000000008bc00000, 0x000000008bc00000, 0x000000008bd00000|  0%| F|  |TAMS 0x000000008bc00000, 0x000000008bc00000| Untracked 
| 189|0x000000008bd00000, 0x000000008bd00000, 0x000000008be00000|  0%| F|  |TAMS 0x000000008bd00000, 0x000000008bd00000| Untracked 
| 190|0x000000008be00000, 0x000000008be00000, 0x000000008bf00000|  0%| F|  |TAMS 0x000000008be00000, 0x000000008be00000| Untracked 
| 191|0x000000008bf00000, 0x000000008bf00000, 0x000000008c000000|  0%| F|  |TAMS 0x000000008bf00000, 0x000000008bf00000| Untracked 
| 192|0x000000008c000000, 0x000000008c000000, 0x000000008c100000|  0%| F|  |TAMS 0x000000008c000000, 0x000000008c000000| Untracked 
| 193|0x000000008c100000, 0x000000008c100000, 0x000000008c200000|  0%| F|  |TAMS 0x000000008c100000, 0x000000008c100000| Untracked 
| 194|0x000000008c200000, 0x000000008c200000, 0x000000008c300000|  0%| F|  |TAMS 0x000000008c200000, 0x000000008c200000| Untracked 
| 195|0x000000008c300000, 0x000000008c300000, 0x000000008c400000|  0%| F|  |TAMS 0x000000008c300000, 0x000000008c300000| Untracked 
| 196|0x000000008c400000, 0x000000008c400000, 0x000000008c500000|  0%| F|  |TAMS 0x000000008c400000, 0x000000008c400000| Untracked 
| 197|0x000000008c500000, 0x000000008c500000, 0x000000008c600000|  0%| F|  |TAMS 0x000000008c500000, 0x000000008c500000| Untracked 
| 198|0x000000008c600000, 0x000000008c600000, 0x000000008c700000|  0%| F|  |TAMS 0x000000008c600000, 0x000000008c600000| Untracked 
| 199|0x000000008c700000, 0x000000008c700000, 0x000000008c800000|  0%| F|  |TAMS 0x000000008c700000, 0x000000008c700000| Untracked 
| 200|0x000000008c800000, 0x000000008c800000, 0x000000008c900000|  0%| F|  |TAMS 0x000000008c800000, 0x000000008c800000| Untracked 
| 201|0x000000008c900000, 0x000000008c900000, 0x000000008ca00000|  0%| F|  |TAMS 0x000000008c900000, 0x000000008c900000| Untracked 
| 202|0x000000008ca00000, 0x000000008ca00000, 0x000000008cb00000|  0%| F|  |TAMS 0x000000008ca00000, 0x000000008ca00000| Untracked 
| 203|0x000000008cb00000, 0x000000008cb00000, 0x000000008cc00000|  0%| F|  |TAMS 0x000000008cb00000, 0x000000008cb00000| Untracked 
| 204|0x000000008cc00000, 0x000000008cc00000, 0x000000008cd00000|  0%| F|  |TAMS 0x000000008cc00000, 0x000000008cc00000| Untracked 
| 205|0x000000008cd00000, 0x000000008cd00000, 0x000000008ce00000|  0%| F|  |TAMS 0x000000008cd00000, 0x000000008cd00000| Untracked 
| 206|0x000000008ce00000, 0x000000008ce00000, 0x000000008cf00000|  0%| F|  |TAMS 0x000000008ce00000, 0x000000008ce00000| Untracked 
| 207|0x000000008cf00000, 0x000000008cf00000, 0x000000008d000000|  0%| F|  |TAMS 0x000000008cf00000, 0x000000008cf00000| Untracked 
| 208|0x000000008d000000, 0x000000008d000000, 0x000000008d100000|  0%| F|  |TAMS 0x000000008d000000, 0x000000008d000000| Untracked 
| 209|0x000000008d100000, 0x000000008d100000, 0x000000008d200000|  0%| F|  |TAMS 0x000000008d100000, 0x000000008d100000| Untracked 
| 210|0x000000008d200000, 0x000000008d200000, 0x000000008d300000|  0%| F|  |TAMS 0x000000008d200000, 0x000000008d200000| Untracked 
| 211|0x000000008d300000, 0x000000008d300000, 0x000000008d400000|  0%| F|  |TAMS 0x000000008d300000, 0x000000008d300000| Untracked 
| 212|0x000000008d400000, 0x000000008d400000, 0x000000008d500000|  0%| F|  |TAMS 0x000000008d400000, 0x000000008d400000| Untracked 
| 213|0x000000008d500000, 0x000000008d500000, 0x000000008d600000|  0%| F|  |TAMS 0x000000008d500000, 0x000000008d500000| Untracked 
| 214|0x000000008d600000, 0x000000008d600000, 0x000000008d700000|  0%| F|  |TAMS 0x000000008d600000, 0x000000008d600000| Untracked 
| 215|0x000000008d700000, 0x000000008d700000, 0x000000008d800000|  0%| F|  |TAMS 0x000000008d700000, 0x000000008d700000| Untracked 
| 216|0x000000008d800000, 0x000000008d800000, 0x000000008d900000|  0%| F|  |TAMS 0x000000008d800000, 0x000000008d800000| Untracked 
| 217|0x000000008d900000, 0x000000008d900000, 0x000000008da00000|  0%| F|  |TAMS 0x000000008d900000, 0x000000008d900000| Untracked 
| 218|0x000000008da00000, 0x000000008da00000, 0x000000008db00000|  0%| F|  |TAMS 0x000000008da00000, 0x000000008da00000| Untracked 
| 219|0x000000008db00000, 0x000000008db00000, 0x000000008dc00000|  0%| F|  |TAMS 0x000000008db00000, 0x000000008db00000| Untracked 
| 220|0x000000008dc00000, 0x000000008dc00000, 0x000000008dd00000|  0%| F|  |TAMS 0x000000008dc00000, 0x000000008dc00000| Untracked 
| 221|0x000000008dd00000, 0x000000008dd00000, 0x000000008de00000|  0%| F|  |TAMS 0x000000008dd00000, 0x000000008dd00000| Untracked 
| 222|0x000000008de00000, 0x000000008de00000, 0x000000008df00000|  0%| F|  |TAMS 0x000000008de00000, 0x000000008de00000| Untracked 
| 223|0x000000008df00000, 0x000000008df00000, 0x000000008e000000|  0%| F|  |TAMS 0x000000008df00000, 0x000000008df00000| Untracked 
| 224|0x000000008e000000, 0x000000008e000000, 0x000000008e100000|  0%| F|  |TAMS 0x000000008e000000, 0x000000008e000000| Untracked 
| 225|0x000000008e100000, 0x000000008e100000, 0x000000008e200000|  0%| F|  |TAMS 0x000000008e100000, 0x000000008e100000| Untracked 
| 226|0x000000008e200000, 0x000000008e200000, 0x000000008e300000|  0%| F|  |TAMS 0x000000008e200000, 0x000000008e200000| Untracked 
| 227|0x000000008e300000, 0x000000008e300000, 0x000000008e400000|  0%| F|  |TAMS 0x000000008e300000, 0x000000008e300000| Untracked 
| 228|0x000000008e400000, 0x000000008e400000, 0x000000008e500000|  0%| F|  |TAMS 0x000000008e400000, 0x000000008e400000| Untracked 
| 229|0x000000008e500000, 0x000000008e500000, 0x000000008e600000|  0%| F|  |TAMS 0x000000008e500000, 0x000000008e500000| Untracked 
| 230|0x000000008e600000, 0x000000008e600000, 0x000000008e700000|  0%| F|  |TAMS 0x000000008e600000, 0x000000008e600000| Untracked 
| 231|0x000000008e700000, 0x000000008e700000, 0x000000008e800000|  0%| F|  |TAMS 0x000000008e700000, 0x000000008e700000| Untracked 
| 232|0x000000008e800000, 0x000000008e800000, 0x000000008e900000|  0%| F|  |TAMS 0x000000008e800000, 0x000000008e800000| Untracked 
| 233|0x000000008e900000, 0x000000008e900000, 0x000000008ea00000|  0%| F|  |TAMS 0x000000008e900000, 0x000000008e900000| Untracked 
| 234|0x000000008ea00000, 0x000000008ea00000, 0x000000008eb00000|  0%| F|  |TAMS 0x000000008ea00000, 0x000000008ea00000| Untracked 
| 235|0x000000008eb00000, 0x000000008eb00000, 0x000000008ec00000|  0%| F|  |TAMS 0x000000008eb00000, 0x000000008eb00000| Untracked 
| 236|0x000000008ec00000, 0x000000008ec00000, 0x000000008ed00000|  0%| F|  |TAMS 0x000000008ec00000, 0x000000008ec00000| Untracked 
| 237|0x000000008ed00000, 0x000000008ed00000, 0x000000008ee00000|  0%| F|  |TAMS 0x000000008ed00000, 0x000000008ed00000| Untracked 
| 238|0x000000008ee00000, 0x000000008ee00000, 0x000000008ef00000|  0%| F|  |TAMS 0x000000008ee00000, 0x000000008ee00000| Untracked 
| 239|0x000000008ef00000, 0x000000008ef00000, 0x000000008f000000|  0%| F|  |TAMS 0x000000008ef00000, 0x000000008ef00000| Untracked 
| 240|0x000000008f000000, 0x000000008f000000, 0x000000008f100000|  0%| F|  |TAMS 0x000000008f000000, 0x000000008f000000| Untracked 
| 241|0x000000008f100000, 0x000000008f100000, 0x000000008f200000|  0%| F|  |TAMS 0x000000008f100000, 0x000000008f100000| Untracked 
| 242|0x000000008f200000, 0x000000008f200000, 0x000000008f300000|  0%| F|  |TAMS 0x000000008f200000, 0x000000008f200000| Untracked 
| 243|0x000000008f300000, 0x000000008f300000, 0x000000008f400000|  0%| F|  |TAMS 0x000000008f300000, 0x000000008f300000| Untracked 
| 244|0x000000008f400000, 0x000000008f400000, 0x000000008f500000|  0%| F|  |TAMS 0x000000008f400000, 0x000000008f400000| Untracked 
| 245|0x000000008f500000, 0x000000008f500000, 0x000000008f600000|  0%| F|  |TAMS 0x000000008f500000, 0x000000008f500000| Untracked 
| 246|0x000000008f600000, 0x000000008f600000, 0x000000008f700000|  0%| F|  |TAMS 0x000000008f600000, 0x000000008f600000| Untracked 
| 247|0x000000008f700000, 0x000000008f700000, 0x000000008f800000|  0%| F|  |TAMS 0x000000008f700000, 0x000000008f700000| Untracked 
| 248|0x000000008f800000, 0x000000008f800000, 0x000000008f900000|  0%| F|  |TAMS 0x000000008f800000, 0x000000008f800000| Untracked 
| 249|0x000000008f900000, 0x000000008f900000, 0x000000008fa00000|  0%| F|  |TAMS 0x000000008f900000, 0x000000008f900000| Untracked 
| 250|0x000000008fa00000, 0x000000008fa00000, 0x000000008fb00000|  0%| F|  |TAMS 0x000000008fa00000, 0x000000008fa00000| Untracked 
| 251|0x000000008fb00000, 0x000000008fb00000, 0x000000008fc00000|  0%| F|  |TAMS 0x000000008fb00000, 0x000000008fb00000| Untracked 
| 252|0x000000008fc00000, 0x000000008fc00000, 0x000000008fd00000|  0%| F|  |TAMS 0x000000008fc00000, 0x000000008fc00000| Untracked 
| 253|0x000000008fd00000, 0x000000008fd00000, 0x000000008fe00000|  0%| F|  |TAMS 0x000000008fd00000, 0x000000008fd00000| Untracked 
| 254|0x000000008fe00000, 0x000000008fe00000, 0x000000008ff00000|  0%| F|  |TAMS 0x000000008fe00000, 0x000000008fe00000| Untracked 
| 255|0x000000008ff00000, 0x000000008ff00000, 0x0000000090000000|  0%| F|  |TAMS 0x000000008ff00000, 0x000000008ff00000| Untracked 
| 256|0x0000000090000000, 0x0000000090000000, 0x0000000090100000|  0%| F|  |TAMS 0x0000000090000000, 0x0000000090000000| Untracked 
| 257|0x0000000090100000, 0x0000000090100000, 0x0000000090200000|  0%| F|  |TAMS 0x0000000090100000, 0x0000000090100000| Untracked 
| 258|0x0000000090200000, 0x0000000090200000, 0x0000000090300000|  0%| F|  |TAMS 0x0000000090200000, 0x0000000090200000| Untracked 
| 259|0x0000000090300000, 0x0000000090300000, 0x0000000090400000|  0%| F|  |TAMS 0x0000000090300000, 0x0000000090300000| Untracked 
| 260|0x0000000090400000, 0x0000000090400000, 0x0000000090500000|  0%| F|  |TAMS 0x0000000090400000, 0x0000000090400000| Untracked 
| 261|0x0000000090500000, 0x0000000090500000, 0x0000000090600000|  0%| F|  |TAMS 0x0000000090500000, 0x0000000090500000| Untracked 
| 262|0x0000000090600000, 0x0000000090600000, 0x0000000090700000|  0%| F|  |TAMS 0x0000000090600000, 0x0000000090600000| Untracked 
| 263|0x0000000090700000, 0x0000000090700000, 0x0000000090800000|  0%| F|  |TAMS 0x0000000090700000, 0x0000000090700000| Untracked 
| 264|0x0000000090800000, 0x0000000090800000, 0x0000000090900000|  0%| F|  |TAMS 0x0000000090800000, 0x0000000090800000| Untracked 
| 265|0x0000000090900000, 0x0000000090900000, 0x0000000090a00000|  0%| F|  |TAMS 0x0000000090900000, 0x0000000090900000| Untracked 
| 266|0x0000000090a00000, 0x0000000090a00000, 0x0000000090b00000|  0%| F|  |TAMS 0x0000000090a00000, 0x0000000090a00000| Untracked 
| 267|0x0000000090b00000, 0x0000000090b00000, 0x0000000090c00000|  0%| F|  |TAMS 0x0000000090b00000, 0x0000000090b00000| Untracked 
| 268|0x0000000090c00000, 0x0000000090c00000, 0x0000000090d00000|  0%| F|  |TAMS 0x0000000090c00000, 0x0000000090c00000| Untracked 
| 269|0x0000000090d00000, 0x0000000090d00000, 0x0000000090e00000|  0%| F|  |TAMS 0x0000000090d00000, 0x0000000090d00000| Untracked 
| 270|0x0000000090e00000, 0x0000000090e00000, 0x0000000090f00000|  0%| F|  |TAMS 0x0000000090e00000, 0x0000000090e00000| Untracked 
| 271|0x0000000090f00000, 0x0000000090f00000, 0x0000000091000000|  0%| F|  |TAMS 0x0000000090f00000, 0x0000000090f00000| Untracked 
| 272|0x0000000091000000, 0x0000000091000000, 0x0000000091100000|  0%| F|  |TAMS 0x0000000091000000, 0x0000000091000000| Untracked 
| 273|0x0000000091100000, 0x0000000091100000, 0x0000000091200000|  0%| F|  |TAMS 0x0000000091100000, 0x0000000091100000| Untracked 
| 274|0x0000000091200000, 0x0000000091200000, 0x0000000091300000|  0%| F|  |TAMS 0x0000000091200000, 0x0000000091200000| Untracked 
| 275|0x0000000091300000, 0x0000000091300000, 0x0000000091400000|  0%| F|  |TAMS 0x0000000091300000, 0x0000000091300000| Untracked 
| 276|0x0000000091400000, 0x0000000091400000, 0x0000000091500000|  0%| F|  |TAMS 0x0000000091400000, 0x0000000091400000| Untracked 
| 277|0x0000000091500000, 0x0000000091500000, 0x0000000091600000|  0%| F|  |TAMS 0x0000000091500000, 0x0000000091500000| Untracked 
| 278|0x0000000091600000, 0x0000000091600000, 0x0000000091700000|  0%| F|  |TAMS 0x0000000091600000, 0x0000000091600000| Untracked 
| 279|0x0000000091700000, 0x0000000091700000, 0x0000000091800000|  0%| F|  |TAMS 0x0000000091700000, 0x0000000091700000| Untracked 
| 280|0x0000000091800000, 0x0000000091800000, 0x0000000091900000|  0%| F|  |TAMS 0x0000000091800000, 0x0000000091800000| Untracked 
| 281|0x0000000091900000, 0x0000000091900000, 0x0000000091a00000|  0%| F|  |TAMS 0x0000000091900000, 0x0000000091900000| Untracked 
| 282|0x0000000091a00000, 0x0000000091a00000, 0x0000000091b00000|  0%| F|  |TAMS 0x0000000091a00000, 0x0000000091a00000| Untracked 
| 283|0x0000000091b00000, 0x0000000091b00000, 0x0000000091c00000|  0%| F|  |TAMS 0x0000000091b00000, 0x0000000091b00000| Untracked 
| 284|0x0000000091c00000, 0x0000000091c00000, 0x0000000091d00000|  0%| F|  |TAMS 0x0000000091c00000, 0x0000000091c00000| Untracked 
| 285|0x0000000091d00000, 0x0000000091d00000, 0x0000000091e00000|  0%| F|  |TAMS 0x0000000091d00000, 0x0000000091d00000| Untracked 
| 286|0x0000000091e00000, 0x0000000091e00000, 0x0000000091f00000|  0%| F|  |TAMS 0x0000000091e00000, 0x0000000091e00000| Untracked 
| 287|0x0000000091f00000, 0x0000000091f00000, 0x0000000092000000|  0%| F|  |TAMS 0x0000000091f00000, 0x0000000091f00000| Untracked 
| 288|0x0000000092000000, 0x0000000092000000, 0x0000000092100000|  0%| F|  |TAMS 0x0000000092000000, 0x0000000092000000| Untracked 

Card table byte_map: [0x000001de935a0000,0x000001de939a0000] _byte_map_base: 0x000001de931a0000

Marking Bits (Prev, Next): (CMBitMap*) 0x000001deffb62790, (CMBitMap*) 0x000001deffb62758
 Prev Bits: [0x000001de95da0000, 0x000001de97da0000)
 Next Bits: [0x000001de93da0000, 0x000001de95da0000)

Polling page: 0x000001deffc00000

Metaspace:

Usage:
  Non-class:     86.28 MB capacity,    84.79 MB ( 98%) used,     1.19 MB (  1%) free+waste,   302.94 KB ( <1%) overhead. 
      Class:     13.56 MB capacity,    12.62 MB ( 93%) used,   823.42 KB (  6%) free+waste,   135.56 KB ( <1%) overhead. 
       Both:     99.84 MB capacity,    97.41 MB ( 98%) used,     2.00 MB (  2%) free+waste,   438.50 KB ( <1%) overhead. 

Virtual space:
  Non-class space:       88.00 MB reserved,      86.42 MB ( 98%) committed 
      Class space:        1.00 GB reserved,      13.63 MB (  1%) committed 
             Both:        1.09 GB reserved,     100.04 MB (  9%) committed 

Chunk freelists:
   Non-Class:  15.00 KB
       Class:  3.00 KB
        Both:  18.00 KB

MaxMetaspaceSize: 17179869184.00 GB
CompressedClassSpaceSize: 1.00 GB
Initial GC threshold: 20.80 MB
Current GC threshold: 156.32 MB
CDS: off

CodeHeap 'non-profiled nmethods': size=120000Kb used=5952Kb max_used=5952Kb free=114047Kb
 bounds [0x000001de8b500000, 0x000001de8bae0000, 0x000001de92a30000]
CodeHeap 'profiled nmethods': size=120000Kb used=32755Kb max_used=32755Kb free=87244Kb
 bounds [0x000001de83fd0000, 0x000001de85fd0000, 0x000001de8b500000]
CodeHeap 'non-nmethods': size=5760Kb used=2400Kb max_used=2455Kb free=3359Kb
 bounds [0x000001de83a30000, 0x000001de83ca0000, 0x000001de83fd0000]
 total_blobs=14521 nmethods=13600 adapters=832
 compilation: enabled
              stopped_count=0, restarted_count=0
 full_count=0

Compilation events (20 events):
Event: 28.211 Thread 0x000001de9a7f1800 13247       4       com.android.tools.r8.internal.XO::a (109 bytes)
Event: 28.213 Thread 0x000001de9a7f4000 nmethod 13993 0x000001de85fbf610 code [0x000001de85fc0320, 0x000001de85fc8758]
Event: 28.214 Thread 0x000001de9a7f1800 nmethod 13247 0x000001de8bacdf90 code [0x000001de8bace140, 0x000001de8bace3c8]
Event: 28.214 Thread 0x000001de9a7f1800 13810       4       java.lang.Iterable::forEach (39 bytes)
Event: 28.215 Thread 0x000001de9a7f4000 13995       2       com.android.tools.r8.internal.OP::c (36 bytes)
Event: 28.216 Thread 0x000001de9a7f4000 nmethod 13995 0x000001de85fcb510 code [0x000001de85fcb6c0, 0x000001de85fcb848]
Event: 28.216 Thread 0x000001de9a7f1800 nmethod 13810 0x000001de8bace610 code [0x000001de8bace7c0, 0x000001de8bace8d8]
Event: 28.216 Thread 0x000001de9a7f1800 13678       4       java.util.LinkedList::toArray (39 bytes)
Event: 28.219 Thread 0x000001de9a7f1800 nmethod 13678 0x000001de8bacea90 code [0x000001de8bacec20, 0x000001de8baceed8]
Event: 28.219 Thread 0x000001de9a7f1800 13904       4       com.android.tools.r8.internal.YJ::apply (47 bytes)
Event: 28.222 Thread 0x000001de9a7f1800 nmethod 13904 0x000001de8bacf010 code [0x000001de8bacf1e0, 0x000001de8bacf458]
Event: 28.222 Thread 0x000001de9a7f1800 13309       4       com.android.tools.r8.internal.Iq::get (106 bytes)
Event: 28.224 Thread 0x000001de9a7f1800 nmethod 13309 0x000001de8bacf710 code [0x000001de8bacf8c0, 0x000001de8bacfab8]
Event: 28.224 Thread 0x000001de9a7f1800 13831       4       java.util.Collection::removeIf (51 bytes)
Event: 28.225 Thread 0x000001de9a7f1800 nmethod 13831 0x000001de8bacfc90 code [0x000001de8bacfe40, 0x000001de8bacff98]
Event: 28.226 Thread 0x000001de9a7f1800 13842       4       com.android.tools.r8.internal.mn::a (75 bytes)
Event: 28.249 Thread 0x000001de9a7f4000 13997       2       com.android.tools.r8.internal.c6::a (46 bytes)
Event: 28.249 Thread 0x000001de9a7f4000 nmethod 13997 0x000001de85fcb910 code [0x000001de85fcbb00, 0x000001de85fcbd78]
Event: 28.249 Thread 0x000001de9a7f4000 13998       2       com.android.tools.r8.internal.h4::a (100 bytes)
Event: 28.250 Thread 0x000001de9a7f4000 nmethod 13998 0x000001de85fcbf10 code [0x000001de85fcc180, 0x000001de85fcc898]

GC Heap History (20 events):
Event: 19.429 GC heap after
{Heap after GC invocations=37 (full 0):
 garbage-first heap   total 159744K, used 84240K [0x0000000080000000, 0x0000000100000000)
  region size 1024K, 8 young (8192K), 8 survivors (8192K)
 Metaspace       used 90741K, capacity 93012K, committed 93100K, reserved 1130496K
  class space    used 11878K, capacity 12731K, committed 12800K, reserved 1048576K
}
Event: 20.189 GC heap before
{Heap before GC invocations=37 (full 0):
 garbage-first heap   total 159744K, used 128272K [0x0000000080000000, 0x0000000100000000)
  region size 1024K, 52 young (53248K), 8 survivors (8192K)
 Metaspace       used 92400K, capacity 94809K, committed 95148K, reserved 1132544K
  class space    used 12081K, capacity 12964K, committed 13056K, reserved 1048576K
}
Event: 20.335 GC heap after
{Heap after GC invocations=38 (full 0):
 garbage-first heap   total 159744K, used 90602K [0x0000000080000000, 0x0000000100000000)
  region size 1024K, 7 young (7168K), 7 survivors (7168K)
 Metaspace       used 92400K, capacity 94809K, committed 95148K, reserved 1132544K
  class space    used 12081K, capacity 12964K, committed 13056K, reserved 1048576K
}
Event: 20.977 GC heap before
{Heap before GC invocations=39 (full 0):
 garbage-first heap   total 159744K, used 128490K [0x0000000080000000, 0x0000000100000000)
  region size 1024K, 44 young (45056K), 7 survivors (7168K)
 Metaspace       used 93704K, capacity 96003K, committed 96300K, reserved 1132544K
  class space    used 12204K, capacity 13061K, committed 13184K, reserved 1048576K
}
Event: 21.013 GC heap after
{Heap after GC invocations=40 (full 0):
 garbage-first heap   total 295936K, used 96514K [0x0000000080000000, 0x0000000100000000)
  region size 1024K, 6 young (6144K), 6 survivors (6144K)
 Metaspace       used 93704K, capacity 96003K, committed 96300K, reserved 1132544K
  class space    used 12204K, capacity 13061K, committed 13184K, reserved 1048576K
}
Event: 22.571 GC heap before
{Heap before GC invocations=40 (full 0):
 garbage-first heap   total 295936K, used 176386K [0x0000000080000000, 0x0000000100000000)
  region size 1024K, 84 young (86016K), 6 survivors (6144K)
 Metaspace       used 98549K, capacity 100945K, committed 101036K, reserved 1136640K
  class space    used 12836K, capacity 13773K, committed 13824K, reserved 1048576K
}
Event: 22.592 GC heap after
{Heap after GC invocations=41 (full 0):
 garbage-first heap   total 295936K, used 103733K [0x0000000080000000, 0x0000000100000000)
  region size 1024K, 11 young (11264K), 11 survivors (11264K)
 Metaspace       used 98549K, capacity 100945K, committed 101036K, reserved 1136640K
  class space    used 12836K, capacity 13773K, committed 13824K, reserved 1048576K
}
Event: 23.652 GC heap before
{Heap before GC invocations=41 (full 0):
 garbage-first heap   total 295936K, used 190773K [0x0000000080000000, 0x0000000100000000)
  region size 1024K, 96 young (98304K), 11 survivors (11264K)
 Metaspace       used 99022K, capacity 101439K, committed 101548K, reserved 1136640K
  class space    used 12856K, capacity 13784K, committed 13824K, reserved 1048576K
}
Event: 23.676 GC heap after
{Heap after GC invocations=42 (full 0):
 garbage-first heap   total 295936K, used 107039K [0x0000000080000000, 0x0000000100000000)
  region size 1024K, 9 young (9216K), 9 survivors (9216K)
 Metaspace       used 99022K, capacity 101439K, committed 101548K, reserved 1136640K
  class space    used 12856K, capacity 13784K, committed 13824K, reserved 1048576K
}
Event: 24.499 GC heap before
{Heap before GC invocations=42 (full 0):
 garbage-first heap   total 295936K, used 201247K [0x0000000080000000, 0x0000000100000000)
  region size 1024K, 101 young (103424K), 9 survivors (9216K)
 Metaspace       used 99366K, capacity 101825K, committed 102060K, reserved 1138688K
  class space    used 12881K, capacity 13820K, committed 13824K, reserved 1048576K
}
Event: 24.517 GC heap after
{Heap after GC invocations=43 (full 0):
 garbage-first heap   total 295936K, used 109313K [0x0000000080000000, 0x0000000100000000)
  region size 1024K, 5 young (5120K), 5 survivors (5120K)
 Metaspace       used 99366K, capacity 101825K, committed 102060K, reserved 1138688K
  class space    used 12881K, capacity 13820K, committed 13824K, reserved 1048576K
}
Event: 25.169 GC heap before
{Heap before GC invocations=43 (full 0):
 garbage-first heap   total 295936K, used 220929K [0x0000000080000000, 0x0000000100000000)
  region size 1024K, 114 young (116736K), 5 survivors (5120K)
 Metaspace       used 99536K, capacity 101984K, committed 102188K, reserved 1138688K
  class space    used 12899K, capacity 13827K, committed 13952K, reserved 1048576K
}
Event: 25.181 GC heap after
{Heap after GC invocations=44 (full 0):
 garbage-first heap   total 295936K, used 110710K [0x0000000080000000, 0x0000000100000000)
  region size 1024K, 6 young (6144K), 6 survivors (6144K)
 Metaspace       used 99536K, capacity 101984K, committed 102188K, reserved 1138688K
  class space    used 12899K, capacity 13827K, committed 13952K, reserved 1048576K
}
Event: 26.086 GC heap before
{Heap before GC invocations=44 (full 0):
 garbage-first heap   total 295936K, used 229494K [0x0000000080000000, 0x0000000100000000)
  region size 1024K, 122 young (124928K), 6 survivors (6144K)
 Metaspace       used 99629K, capacity 102098K, committed 102444K, reserved 1138688K
  class space    used 12907K, capacity 13841K, committed 13952K, reserved 1048576K
}
Event: 26.096 GC heap after
{Heap after GC invocations=45 (full 0):
 garbage-first heap   total 295936K, used 111857K [0x0000000080000000, 0x0000000100000000)
  region size 1024K, 8 young (8192K), 8 survivors (8192K)
 Metaspace       used 99629K, capacity 102098K, committed 102444K, reserved 1138688K
  class space    used 12907K, capacity 13841K, committed 13952K, reserved 1048576K
}
Event: 26.814 GC heap before
{Heap before GC invocations=45 (full 0):
 garbage-first heap   total 295936K, used 233713K [0x0000000080000000, 0x0000000100000000)
  region size 1024K, 127 young (130048K), 8 survivors (8192K)
 Metaspace       used 99677K, capacity 102122K, committed 102444K, reserved 1138688K
  class space    used 12911K, capacity 13848K, committed 13952K, reserved 1048576K
}
Event: 26.826 GC heap after
{Heap after GC invocations=46 (full 0):
 garbage-first heap   total 295936K, used 112905K [0x0000000080000000, 0x0000000100000000)
  region size 1024K, 9 young (9216K), 9 survivors (9216K)
 Metaspace       used 99677K, capacity 102122K, committed 102444K, reserved 1138688K
  class space    used 12911K, capacity 13848K, committed 13952K, reserved 1048576K
}
Event: 27.509 GC heap before
{Heap before GC invocations=46 (full 0):
 garbage-first heap   total 295936K, used 243977K [0x0000000080000000, 0x0000000100000000)
  region size 1024K, 137 young (140288K), 9 survivors (9216K)
 Metaspace       used 99735K, capacity 102230K, committed 102444K, reserved 1138688K
  class space    used 12925K, capacity 13884K, committed 13952K, reserved 1048576K
}
Event: 27.531 GC heap after
{Heap after GC invocations=47 (full 0):
 garbage-first heap   total 295936K, used 113956K [0x0000000080000000, 0x0000000100000000)
  region size 1024K, 10 young (10240K), 10 survivors (10240K)
 Metaspace       used 99735K, capacity 102230K, committed 102444K, reserved 1138688K
  class space    used 12925K, capacity 13884K, committed 13952K, reserved 1048576K
}
Event: 28.290 GC heap before
{Heap before GC invocations=47 (full 0):
 garbage-first heap   total 295936K, used 248100K [0x0000000080000000, 0x0000000100000000)
  region size 1024K, 141 young (144384K), 10 survivors (10240K)
 Metaspace       used 99750K, capacity 102234K, committed 102444K, reserved 1138688K
  class space    used 12926K, capacity 13885K, committed 13952K, reserved 1048576K
}

Deoptimization events (20 events):
Event: 27.359 Thread 0x000001de9d967000 DEOPT PACKING pc=0x000001de8586c4d0 sp=0x000000c1373f9300
Event: 27.359 Thread 0x000001de9d967000 DEOPT UNPACKING pc=0x000001de83a7a95e sp=0x000000c1373f8b80 mode 0
Event: 27.428 Thread 0x000001de9d967000 DEOPT PACKING pc=0x000001de8586c4d0 sp=0x000000c1373f8e70
Event: 27.428 Thread 0x000001de9d967000 DEOPT UNPACKING pc=0x000001de83a7a95e sp=0x000000c1373f86f0 mode 0
Event: 27.430 Thread 0x000001de9d967000 DEOPT PACKING pc=0x000001de857c8fbd sp=0x000000c1373f8e10
Event: 27.430 Thread 0x000001de9d967000 DEOPT UNPACKING pc=0x000001de83a7a95e sp=0x000000c1373f86f0 mode 0
Event: 27.891 Thread 0x000001de9d967000 DEOPT PACKING pc=0x000001de85b04a69 sp=0x000000c1373f9680
Event: 27.891 Thread 0x000001de9d967000 DEOPT UNPACKING pc=0x000001de83a7a95e sp=0x000000c1373f8be8 mode 0
Event: 27.899 Thread 0x000001de9d967000 DEOPT PACKING pc=0x000001de8586c4d0 sp=0x000000c1373f9300
Event: 27.899 Thread 0x000001de9d967000 DEOPT UNPACKING pc=0x000001de83a7a95e sp=0x000000c1373f8b80 mode 0
Event: 28.040 Thread 0x000001de9d967000 DEOPT PACKING pc=0x000001de8586c4d0 sp=0x000000c1373f9300
Event: 28.040 Thread 0x000001de9d967000 DEOPT UNPACKING pc=0x000001de83a7a95e sp=0x000000c1373f8b80 mode 0
Event: 28.180 Thread 0x000001de9d967000 DEOPT PACKING pc=0x000001de8586c4d0 sp=0x000000c1373f9300
Event: 28.180 Thread 0x000001de9d967000 DEOPT UNPACKING pc=0x000001de83a7a95e sp=0x000000c1373f8b80 mode 0
Event: 28.204 Thread 0x000001de9d967000 Uncommon trap: trap_request=0xffffffde fr.pc=0x000001de8bac0f08 relative=0x0000000000004d08
Event: 28.204 Thread 0x000001de9d967000 Uncommon trap: reason=class_check action=maybe_recompile pc=0x000001de8bac0f08 method=com.android.tools.r8.internal.Ko.k2()Lcom/android/tools/r8/internal/tY; @ 4 c2
Event: 28.204 Thread 0x000001de9d967000 DEOPT PACKING pc=0x000001de8bac0f08 sp=0x000000c1373f98c0
Event: 28.204 Thread 0x000001de9d967000 DEOPT UNPACKING pc=0x000001de83a7a1af sp=0x000000c1373f9838 mode 2
Event: 28.215 Thread 0x000001de9d967000 DEOPT PACKING pc=0x000001de8586c4d0 sp=0x000000c1373f8e70
Event: 28.215 Thread 0x000001de9d967000 DEOPT UNPACKING pc=0x000001de83a7a95e sp=0x000000c1373f86f0 mode 0

Classes redefined (0 events):
No events

Internal exceptions (20 events):
Event: 15.567 Thread 0x000001dea10f9800 Exception <a 'java/lang/NoSuchMethodError'{0x00000000869e2868}: 'java.lang.Object java.lang.invoke.DirectMethodHandle$Holder.invokeSpecialIFC(java.lang.Object, java.lang.Object, java.lang.Object)'> (0x00000000869e2868) thrown at [./src/hotspot/share/interpreter/linkResolver.cpp, line 773]
Event: 15.567 Thread 0x000001de9d96e800 Exception <a 'java/lang/NoSuchMethodError'{0x00000000868b5268}: 'java.lang.Object java.lang.invoke.DirectMethodHandle$Holder.invokeSpecialIFC(java.lang.Object, java.lang.Object, java.lang.Object)'> (0x00000000868b5268) thrown at [./src/hotspot/share/interpreter/linkResolver.cpp, line 773]
Event: 15.568 Thread 0x000001de9d967000 Exception <a 'java/lang/NoSuchMethodError'{0x00000000868ed1d0}: 'java.lang.Object java.lang.invoke.DirectMethodHandle$Holder.invokeSpecialIFC(java.lang.Object, java.lang.Object, java.lang.Object)'> (0x00000000868ed1d0) thrown at [./src/hotspot/share/interpreter/linkResolver.cpp, line 773]
Event: 15.567 Thread 0x000001de9f798800 Exception <a 'java/lang/NoSuchMethodError'{0x00000000868a2428}: 'java.lang.Object java.lang.invoke.DirectMethodHandle$Holder.invokeSpecialIFC(java.lang.Object, java.lang.Object, java.lang.Object)'> (0x00000000868a2428) thrown at [./src/hotspot/share/interpreter/linkResolver.cpp, line 773]
Event: 16.539 Thread 0x000001dea10f9800 Exception <a 'java/lang/NoSuchMethodError'{0x0000000085cd6210}: 'void java.lang.invoke.DirectMethodHandle$Holder.invokeVirtual(java.lang.Object, java.lang.Object)'> (0x0000000085cd6210) thrown at [./src/hotspot/share/interpreter/linkResolver.cpp, line 773]
Event: 17.934 Thread 0x000001dea10fc000 Exception <a 'java/lang/NoSuchMethodError'{0x0000000087cb8638}: 'int java.lang.invoke.DirectMethodHandle$Holder.invokeSpecial(java.lang.Object, java.lang.Object, java.lang.Object, java.lang.Object, java.lang.Object)'> (0x0000000087cb8638) thrown at [./src/hotspot/share/interpreter/linkResolver.cpp, line 773]
Event: 18.953 Thread 0x000001de9d967000 Exception <a 'sun/nio/fs/WindowsException'{0x0000000087689a40}> (0x0000000087689a40) thrown at [./src/hotspot/share/prims/jni.cpp, line 615]
Event: 19.161 Thread 0x000001de9d967000 Exception <a 'java/lang/NoSuchMethodError'{0x0000000086f34668}: 'java.lang.Object java.lang.invoke.DirectMethodHandle$Holder.invokeStaticInit(java.lang.Object, java.lang.Object, java.lang.Object, java.lang.Object, java.lang.Object, java.lang.Object, java.lang.Object, java.lang.Object, java.lang.Object, java.lang.Object, java.lang.Object, java.lang.Object, java.lang.Object, java.lang.Object, java.lang.Object, java.lang.Object, java.lang.Object, java.lang.Object, int, java.lang.Object, java.lang.Object)'> (0
Event: 19.196 Thread 0x000001de9d967000 Exception <a 'java/lang/IncompatibleClassChangeError'{0x0000000086e52ef0}: Found class java.lang.Object, but interface was expected> (0x0000000086e52ef0) thrown at [./src/hotspot/share/interpreter/linkResolver.cpp, line 839]
Event: 19.271 Thread 0x000001de9d967000 Exception <a 'java/lang/NoSuchMethodError'{0x0000000086b30fd0}: 'java.lang.Object java.lang.invoke.DirectMethodHandle$Holder.invokeStatic(java.lang.Object, long)'> (0x0000000086b30fd0) thrown at [./src/hotspot/share/interpreter/linkResolver.cpp, line 773]
Event: 19.833 Thread 0x000001de9d967000 Exception <a 'java/lang/NoSuchMethodError'{0x0000000088177c10}: 'long java.lang.invoke.DirectMethodHandle$Holder.invokeStatic(java.lang.Object, java.lang.Object)'> (0x0000000088177c10) thrown at [./src/hotspot/share/interpreter/linkResolver.cpp, line 773]
Event: 19.923 Thread 0x000001de9d967000 Exception <a 'java/lang/IncompatibleClassChangeError'{0x0000000087dfc658}: Found class java.lang.Object, but interface was expected> (0x0000000087dfc658) thrown at [./src/hotspot/share/interpreter/linkResolver.cpp, line 839]
Event: 19.928 Thread 0x000001de9d967000 Exception <a 'java/lang/NoSuchMethodError'{0x0000000087c05448}: 'java.lang.Object java.lang.invoke.DirectMethodHandle$Holder.newInvokeSpecial(java.lang.Object, int)'> (0x0000000087c05448) thrown at [./src/hotspot/share/interpreter/linkResolver.cpp, line 773]
Event: 19.936 Thread 0x000001de9d967000 Exception <a 'java/lang/IncompatibleClassChangeError'{0x0000000087c11748}: Found class java.lang.Object, but interface was expected> (0x0000000087c11748) thrown at [./src/hotspot/share/interpreter/linkResolver.cpp, line 839]
Event: 19.941 Thread 0x000001de9d967000 Exception <a 'java/lang/IncompatibleClassChangeError'{0x0000000087c19bf0}: Found class java.lang.Object, but interface was expected> (0x0000000087c19bf0) thrown at [./src/hotspot/share/interpreter/linkResolver.cpp, line 839]
Event: 19.985 Thread 0x000001de9d967000 Exception <a 'java/lang/IncompatibleClassChangeError'{0x0000000087bcdb10}: Found class java.lang.Object, but interface was expected> (0x0000000087bcdb10) thrown at [./src/hotspot/share/interpreter/linkResolver.cpp, line 839]
Event: 20.890 Thread 0x000001de9d967000 Exception <a 'java/lang/NoSuchMethodError'{0x0000000087de62e0}: 'java.lang.Object java.lang.invoke.DirectMethodHandle$Holder.invokeStatic(java.lang.Object, int, java.lang.Object, java.lang.Object)'> (0x0000000087de62e0) thrown at [./src/hotspot/share/interpreter/linkResolver.cpp, line 773]
Event: 21.430 Thread 0x000001de9d967000 Exception <a 'java/lang/NoSuchMethodError'{0x000000009029f588}: 'void java.lang.invoke.DirectMethodHandle$Holder.invokeSpecial(java.lang.Object, java.lang.Object, int, java.lang.Object)'> (0x000000009029f588) thrown at [./src/hotspot/share/interpreter/linkResolver.cpp, line 773]
Event: 23.702 Thread 0x000001de9d967000 Exception <a 'java/lang/NoSuchMethodError'{0x0000000091f4ec68}: 'int java.lang.invoke.DirectMethodHandle$Holder.invokeInterface(java.lang.Object, java.lang.Object, int)'> (0x0000000091f4ec68) thrown at [./src/hotspot/share/interpreter/linkResolver.cpp, line 773]
Event: 27.021 Thread 0x000001de9d967000 Implicit null exception at 0x000001de8baa28a4 to 0x000001de8baa7420

Events (20 events):
Event: 27.105 loading class com/android/tools/r8/code/B3 done
Event: 27.106 loading class com/android/tools/r8/code/D3
Event: 27.106 loading class com/android/tools/r8/code/D3 done
Event: 27.106 loading class com/android/tools/r8/code/A3
Event: 27.106 loading class com/android/tools/r8/code/A3 done
Event: 27.107 loading class com/android/tools/r8/code/u3
Event: 27.107 loading class com/android/tools/r8/code/u3 done
Event: 27.107 loading class com/android/tools/r8/code/x3
Event: 27.107 loading class com/android/tools/r8/code/x3 done
Event: 27.108 loading class com/android/tools/r8/code/w3
Event: 27.108 loading class com/android/tools/r8/code/w3 done
Event: 27.108 loading class com/android/tools/r8/code/y3
Event: 27.108 loading class com/android/tools/r8/code/y3 done
Event: 27.109 loading class com/android/tools/r8/code/v3
Event: 27.109 loading class com/android/tools/r8/code/v3 done
Event: 27.509 Executing VM operation: G1CollectForAllocation
Event: 27.531 Executing VM operation: G1CollectForAllocation done
Event: 27.886 loading class com/android/tools/r8/internal/T6
Event: 27.886 loading class com/android/tools/r8/internal/T6 done
Event: 28.290 Executing VM operation: G1CollectForAllocation


Dynamic libraries:
0x00007ff632560000 - 0x00007ff63256a000 	C:\Program Files\Android\Android Studio\jre\bin\java.exe
0x00007fff95040000 - 0x00007fff95249000 	C:\WINDOWS\SYSTEM32\ntdll.dll
0x00007fff944b0000 - 0x00007fff9456d000 	C:\WINDOWS\System32\KERNEL32.DLL
0x00007fff92b50000 - 0x00007fff92ecd000 	C:\WINDOWS\System32\KERNELBASE.dll
0x00007fff92a30000 - 0x00007fff92b41000 	C:\WINDOWS\System32\ucrtbase.dll
0x00007fff7e100000 - 0x00007fff7e117000 	C:\Program Files\Android\Android Studio\jre\bin\VCRUNTIME140.dll
0x00007fff7d4e0000 - 0x00007fff7d4f9000 	C:\Program Files\Android\Android Studio\jre\bin\jli.dll
0x00007fff93080000 - 0x00007fff9322d000 	C:\WINDOWS\System32\USER32.dll
0x00007fff92610000 - 0x00007fff92636000 	C:\WINDOWS\System32\win32u.dll
0x00007fff94dd0000 - 0x00007fff94df9000 	C:\WINDOWS\System32\GDI32.dll
0x00007fff92640000 - 0x00007fff92758000 	C:\WINDOWS\System32\gdi32full.dll
0x00007fff92820000 - 0x00007fff928bd000 	C:\WINDOWS\System32\msvcp_win.dll
0x00007fff7b9a0000 - 0x00007fff7bc45000 	C:\WINDOWS\WinSxS\amd64_microsoft.windows.common-controls_6595b64144ccf1df_6.0.22000.120_none_9d947278b86cc467\COMCTL32.dll
0x00007fff949c0000 - 0x00007fff94a63000 	C:\WINDOWS\System32\msvcrt.dll
0x00007fff94e00000 - 0x00007fff94e31000 	C:\WINDOWS\System32\IMM32.DLL
0x00007fff67da0000 - 0x00007fff67e3d000 	C:\Program Files\Android\Android Studio\jre\bin\msvcp140.dll
0x00007fff29060000 - 0x00007fff29b45000 	C:\Program Files\Android\Android Studio\jre\bin\server\jvm.dll
0x00007fff93240000 - 0x00007fff932ee000 	C:\WINDOWS\System32\ADVAPI32.dll
0x00007fff943b0000 - 0x00007fff9444e000 	C:\WINDOWS\System32\sechost.dll
0x00007fff941c0000 - 0x00007fff942e0000 	C:\WINDOWS\System32\RPCRT4.dll
0x00007fff94db0000 - 0x00007fff94db8000 	C:\WINDOWS\System32\PSAPI.DLL
0x00007fff8ea40000 - 0x00007fff8ea49000 	C:\WINDOWS\SYSTEM32\WSOCK32.dll
0x00007fff8d150000 - 0x00007fff8d183000 	C:\WINDOWS\SYSTEM32\WINMM.dll
0x00007fff942e0000 - 0x00007fff9434f000 	C:\WINDOWS\System32\WS2_32.dll
0x00007fff8c3d0000 - 0x00007fff8c3da000 	C:\WINDOWS\SYSTEM32\VERSION.dll
0x00007fff91690000 - 0x00007fff916a8000 	C:\WINDOWS\SYSTEM32\kernel.appcore.dll
0x00007fff8e900000 - 0x00007fff8e911000 	C:\Program Files\Android\Android Studio\jre\bin\verify.dll
0x00007fff8ff30000 - 0x00007fff90151000 	C:\WINDOWS\SYSTEM32\DBGHELP.DLL
0x00007fff7a7e0000 - 0x00007fff7a811000 	C:\WINDOWS\SYSTEM32\dbgcore.DLL
0x00007fff92520000 - 0x00007fff9259f000 	C:\WINDOWS\System32\bcryptPrimitives.dll
0x00007fff81d60000 - 0x00007fff81d89000 	C:\Program Files\Android\Android Studio\jre\bin\java.dll
0x00007fff8e9d0000 - 0x00007fff8e9db000 	C:\Program Files\Android\Android Studio\jre\bin\jimage.dll
0x00007fff80950000 - 0x00007fff80968000 	C:\Program Files\Android\Android Studio\jre\bin\zip.dll
0x00007fff93490000 - 0x00007fff93c48000 	C:\WINDOWS\System32\SHELL32.dll
0x00007fff90690000 - 0x00007fff90ef8000 	C:\WINDOWS\SYSTEM32\windows.storage.dll
0x00007fff94590000 - 0x00007fff94909000 	C:\WINDOWS\System32\combase.dll
0x00007fff90520000 - 0x00007fff90686000 	C:\WINDOWS\SYSTEM32\wintypes.dll
0x00007fff94a70000 - 0x00007fff94b5a000 	C:\WINDOWS\System32\SHCORE.dll
0x00007fff94350000 - 0x00007fff943ad000 	C:\WINDOWS\System32\shlwapi.dll
0x00007fff92450000 - 0x00007fff92471000 	C:\WINDOWS\SYSTEM32\profapi.dll
0x00007fff80420000 - 0x00007fff8043a000 	C:\Program Files\Android\Android Studio\jre\bin\net.dll
0x00007fff8c0e0000 - 0x00007fff8c1ec000 	C:\WINDOWS\SYSTEM32\WINHTTP.dll
0x00007fff91b40000 - 0x00007fff91ba7000 	C:\WINDOWS\system32\mswsock.dll
0x00007fff80400000 - 0x00007fff80414000 	C:\Program Files\Android\Android Studio\jre\bin\nio.dll
0x00007fff7dfb0000 - 0x00007fff7dfd7000 	C:\Users\Erica\.gradle\native\e1d6ef7f7dcc3fd88c89a11ec53ec762bb8ba0a96d01ffa2cd45eb1d1d8dd5c5\windows-amd64\native-platform.dll
0x00007fff53600000 - 0x00007fff53744000 	C:\Users\Erica\.gradle\native\5664cfc778a61ccfe75a443a1ab52a65af34e5dc3c78e0209fed803814484fcb\windows-amd64\native-platform-file-events.dll
0x00007fff8d350000 - 0x00007fff8d35a000 	C:\Program Files\Android\Android Studio\jre\bin\management.dll
0x00007fff88110000 - 0x00007fff8811d000 	C:\Program Files\Android\Android Studio\jre\bin\management_ext.dll
0x00007fff91d80000 - 0x00007fff91d98000 	C:\WINDOWS\SYSTEM32\CRYPTSP.dll
0x00007fff915f0000 - 0x00007fff91625000 	C:\WINDOWS\system32\rsaenh.dll
0x00007fff91c30000 - 0x00007fff91c59000 	C:\WINDOWS\SYSTEM32\USERENV.dll
0x00007fff91f00000 - 0x00007fff91f27000 	C:\WINDOWS\SYSTEM32\bcrypt.dll
0x00007fff91da0000 - 0x00007fff91dac000 	C:\WINDOWS\SYSTEM32\CRYPTBASE.dll
0x00007fff91150000 - 0x00007fff9117d000 	C:\WINDOWS\SYSTEM32\IPHLPAPI.DLL
0x00007fff93c50000 - 0x00007fff93c59000 	C:\WINDOWS\System32\NSI.dll
0x00007fff8c0c0000 - 0x00007fff8c0d9000 	C:\WINDOWS\SYSTEM32\dhcpcsvc6.DLL
0x00007fff8ccc0000 - 0x00007fff8ccde000 	C:\WINDOWS\SYSTEM32\dhcpcsvc.DLL
0x00007fff911c0000 - 0x00007fff912a8000 	C:\WINDOWS\SYSTEM32\DNSAPI.dll

dbghelp: loaded successfully - version: 4.0.5 - missing functions: none
symbol engine: initialized successfully - sym options: 0x614 - pdb path: .;C:\Program Files\Android\Android Studio\jre\bin;C:\WINDOWS\SYSTEM32;C:\WINDOWS\WinSxS\amd64_microsoft.windows.common-controls_6595b64144ccf1df_6.0.22000.120_none_9d947278b86cc467;C:\Program Files\Android\Android Studio\jre\bin\server;C:\Users\Erica\.gradle\native\e1d6ef7f7dcc3fd88c89a11ec53ec762bb8ba0a96d01ffa2cd45eb1d1d8dd5c5\windows-amd64;C:\Users\Erica\.gradle\native\5664cfc778a61ccfe75a443a1ab52a65af34e5dc3c78e0209fed803814484fcb\windows-amd64

VM Arguments:
jvm_args: --add-opens=java.base/java.util=ALL-UNNAMED --add-opens=java.base/java.lang=ALL-UNNAMED --add-opens=java.base/java.lang.invoke=ALL-UNNAMED --add-opens=java.base/java.util=ALL-UNNAMED --add-opens=java.prefs/java.util.prefs=ALL-UNNAMED --add-opens=java.prefs/java.util.prefs=ALL-UNNAMED --add-opens=java.base/java.nio.charset=ALL-UNNAMED --add-opens=java.base/java.net=ALL-UNNAMED --add-opens=java.base/java.util.concurrent.atomic=ALL-UNNAMED -Xmx2048m -Dfile.encoding=UTF-8 -Duser.country=US -Duser.language=en -Duser.variant 
java_command: org.gradle.launcher.daemon.bootstrap.GradleDaemon 7.3.3
java_class_path (initial): C:\Users\Erica\.gradle\wrapper\dists\gradle-7.3.3-bin\6a41zxkdtcxs8rphpq6y0069z\gradle-7.3.3\lib\gradle-launcher-7.3.3.jar
Launcher Type: SUN_STANDARD

[Global flags]
     intx CICompilerCount                          = 4                                         {product} {ergonomic}
     uint ConcGCThreads                            = 2                                         {product} {ergonomic}
     uint G1ConcRefinementThreads                  = 8                                         {product} {ergonomic}
   size_t G1HeapRegionSize                         = 1048576                                   {product} {ergonomic}
    uintx GCDrainStackTargetSize                   = 64                                        {product} {ergonomic}
   size_t InitialHeapSize                          = 65011712                                  {product} {ergonomic}
   size_t MarkStackSize                            = 4194304                                   {product} {ergonomic}
   size_t MaxHeapSize                              = 2147483648                                {product} {command line}
   size_t MaxNewSize                               = 1287651328                                {product} {ergonomic}
   size_t MinHeapDeltaBytes                        = 1048576                                   {product} {ergonomic}
    uintx NonNMethodCodeHeapSize                   = 5836300                                {pd product} {ergonomic}
    uintx NonProfiledCodeHeapSize                  = 122910970                              {pd product} {ergonomic}
    uintx ProfiledCodeHeapSize                     = 122910970                              {pd product} {ergonomic}
    uintx ReservedCodeCacheSize                    = 251658240                              {pd product} {ergonomic}
     bool SegmentedCodeCache                       = true                                      {product} {ergonomic}
     bool UseCompressedClassPointers               = true                                 {lp64_product} {ergonomic}
     bool UseCompressedOops                        = true                                 {lp64_product} {ergonomic}
     bool UseG1GC                                  = true                                      {product} {ergonomic}
     bool UseLargePagesIndividualAllocation        = false                                  {pd product} {ergonomic}

Logging:
Log output configuration:
 #0: stdout all=warning uptime,level,tags
 #1: stderr all=off uptime,level,tags

Environment Variables:
JAVA_HOME=C:\Program Files\Java\jdk1.8.0_333
PATH=C:\Program Files (x86)\Common Files\Oracle\Java\javapath;C:\Windows\system32;C:\Windows;C:\Windows\System32\Wbem;C:\Windows\System32\WindowsPowerShell\v1.0\;C:\Windows\System32\OpenSSH\;C:\Program Files (x86)\NVIDIA Corporation\PhysX\Common;C:\Program Files\dotnet\;C:\WINDOWS\system32;C:\WINDOWS;C:\WINDOWS\System32\Wbem;C:\WINDOWS\System32\WindowsPowerShell\v1.0\;C:\WINDOWS\System32\OpenSSH\;C:\Program Files\LOVE;C:\Program Files\Java\jdk-16.0.1\bin;C:\Program Files\Git\cmd;C:\Program Files\nodejs\;C:\Users\Erica\AppData\Local\Android\Sdk\emulator;C:\Users\Erica\AppData\Local\Android\Sdk\gradle\bin;C:\Users\Erica\AppData\Local\Android\Sdk\platform-tools;C:\Users\Erica\AppData\Local\Android\Sdk\tools\bin;C:\Users\Erica\AppData\Local\Microsoft\WindowsApps;C:\Users\Erica\AppData\Local\Programs\Microsoft VS Code\bin;C:\Program Files\Lua;C:\Users\Erica\.dotnet\tools;C:\Users\Erica\AppData\Local\Microsoft\WindowsApps;;C:\modeltech64_10.7\win64;C:\Users\Erica\AppData\Roaming\npm
USERNAME=ocio
OS=Windows_NT
PROCESSOR_IDENTIFIER=Intel64 Family 6 Model 142 Stepping 12, GenuineIntel



---------------  S Y S T E M  ---------------

OS: Windows 10 , 64 bit Build 22000 (10.0.22000.708)
OS uptime: 0 days 20:18 hours

CPU:total 8 (initial active 8) (4 cores per cpu, 2 threads per core) family 6 model 142 stepping 12 microcode 0xde, cmov, cx8, fxsr, mmx, sse, sse2, sse3, ssse3, sse4.1, sse4.2, popcnt, avx, avx2, aes, clmul, erms, 3dnowpref, lzcnt, ht, tsc, tscinvbit, bmi1, bmi2, adx, fma

Memory: 4k page, system-wide physical 3947M (66M free)
TotalPageFile size 16235M (AvailPageFile size 33M)
current process WorkingSet (physical memory assigned to process): 324M, peak: 409M
current process commit charge ("private bytes"): 653M, peak: 711M

vm_info: OpenJDK 64-Bit Server VM (11.0.12+7-b1504.28-7817840) for windows-amd64 JRE (11.0.12+7-b1504.28-7817840), built on Oct 13 2021 22:12:33 by "builder" with MS VC++ 14.0 (VS2015)

END.
