#
# There is insufficient memory for the Java Runtime Environment to continue.
# Native memory allocation (malloc) failed to allocate 1858096 bytes for Chunk::new
# Possible reasons:
#   The system is out of physical RAM or swap space
#   The process is running with CompressedOops enabled, and the Java Heap may be blocking the growth of the native heap
# Possible solutions:
#   Reduce memory load on the system
#   Increase physical memory or swap space
#   Check if swap backing store is full
#   Decrease Java heap size (-Xmx/-Xms)
#   Decrease number of Java threads
#   Decrease Java thread stack sizes (-Xss)
#   Set larger code cache with -XX:ReservedCodeCacheSize=
#   JVM is running with Unscaled Compressed Oops mode in which the Java heap is
#     placed in the first 4GB address space. The Java Heap base address is the
#     maximum limit for the native heap growth. Please use -XX:HeapBaseMinAddress
#     to set the Java Heap base and to place the Java Heap above 4GB virtual address.
# This output file may be truncated or incomplete.
#
#  Out of Memory Error (./src/hotspot/share/memory/arena.cpp:197), pid=2692, tid=17412
#
# JRE version: OpenJDK Runtime Environment (11.0.12+7) (build 11.0.12+7-b1504.28-7817840)
# Java VM: OpenJDK 64-Bit Server VM (11.0.12+7-b1504.28-7817840, mixed mode, tiered, compressed oops, g1 gc, windows-amd64)
# No core dump will be written. Minidumps are not enabled by default on client versions of Windows
#

---------------  S U M M A R Y ------------

Command Line: --add-opens=java.base/java.util=ALL-UNNAMED --add-opens=java.base/java.lang=ALL-UNNAMED --add-opens=java.base/java.lang.invoke=ALL-UNNAMED --add-opens=java.base/java.util=ALL-UNNAMED --add-opens=java.prefs/java.util.prefs=ALL-UNNAMED --add-opens=java.prefs/java.util.prefs=ALL-UNNAMED --add-opens=java.base/java.nio.charset=ALL-UNNAMED --add-opens=java.base/java.net=ALL-UNNAMED --add-opens=java.base/java.util.concurrent.atomic=ALL-UNNAMED -Xmx2048m -Dfile.encoding=UTF-8 -Duser.country=US -Duser.language=en -Duser.variant org.gradle.launcher.daemon.bootstrap.GradleDaemon 7.3.3

Host: Intel(R) Core(TM) i5-8265U CPU @ 1.60GHz, 8 cores, 3G,  Windows 10 , 64 bit Build 22000 (10.0.22000.708)
Time: Tue Aug 23 16:32:01 2022 Malay Peninsula Standard Time elapsed time: 83.507338 seconds (0d 0h 1m 23s)

---------------  T H R E A D  ---------------

Current thread (0x000001f837041800):  JavaThread "C2 CompilerThread0" daemon [_thread_in_native, id=17412, stack(0x000000df0ae00000,0x000000df0af00000)]


Current CompileTask:
C2:  83508 16884       4       org.gradle.internal.snapshot.DirectorySnapshot$$Lambda$1053/0x0000000100b49040::accept (16 bytes)

Stack: [0x000000df0ae00000,0x000000df0af00000]
Native frames: (J=compiled Java code, j=interpreted, Vv=VM code, C=native code)
V  [jvm.dll+0x5fbcea]
V  [jvm.dll+0x731905]
V  [jvm.dll+0x732f1d]
V  [jvm.dll+0x7335d3]
V  [jvm.dll+0x247bf8]
V  [jvm.dll+0xc018c]
V  [jvm.dll+0xc06cc]
V  [jvm.dll+0x35b31d]
V  [jvm.dll+0x328803]
V  [jvm.dll+0x327cfa]
V  [jvm.dll+0x200602]
V  [jvm.dll+0x1ff794]
V  [jvm.dll+0x18868c]
V  [jvm.dll+0x20e0d7]
V  [jvm.dll+0x20c901]
V  [jvm.dll+0x6f9b7f]
V  [jvm.dll+0x6f26a5]
V  [jvm.dll+0x5fabf6]
C  [ucrtbase.dll+0x26c0c]
C  [KERNEL32.DLL+0x154e0]
C  [ntdll.dll+0x485b]


---------------  P R O C E S S  ---------------

Threads class SMR info:
_java_thread_list=0x000001f83ffc9230, length=131, elements={
0x000001f81cbce000, 0x000001f83701d000, 0x000001f837026800, 0x000001f83703d000,
0x000001f83703d800, 0x000001f83703e800, 0x000001f837041800, 0x000001f83704c800,
0x000001f837053000, 0x000001f837af7000, 0x000001f839275000, 0x000001f839242000,
0x000001f8397fa000, 0x000001f8397c6000, 0x000001f839ad5800, 0x000001f83999f000,
0x000001f8399a1000, 0x000001f83999c000, 0x000001f83999c800, 0x000001f8399a0000,
0x000001f83a0e8000, 0x000001f83a0eb000, 0x000001f83a0ea800, 0x000001f83a0ec000,
0x000001f83a0ec800, 0x000001f83bfb4800, 0x000001f83bfb7000, 0x000001f83bfbb800,
0x000001f83bfb9000, 0x000001f83bfba800, 0x000001f83bfb9800, 0x000001f83fcfd800,
0x000001f83fcf8800, 0x000001f83fcfd000, 0x000001f83fcfa800, 0x000001f83fcf8000,
0x000001f83fcfe800, 0x000001f83fd00000, 0x000001f83fcff800, 0x000001f83fd03800,
0x000001f83fd06000, 0x000001f83fd01000, 0x000001f83fd01800, 0x000001f83fd04000,
0x000001f83fd02800, 0x000001f83fd05000, 0x000001f83fd06800, 0x000001f83bfb4000,
0x000001f83bfb3000, 0x000001f83bfb5800, 0x000001f83bfb6800, 0x000001f83bfb2800,
0x000001f83bfb8000, 0x000001f83bfbe800, 0x000001f83bfbc000, 0x000001f83bfbf800,
0x000001f83bfc0000, 0x000001f83bfc1000, 0x000001f83bfbd000, 0x000001f83bfbd800,
0x000001f83a0e6000, 0x000001f83a0e7000, 0x000001f83a0ed800, 0x000001f83a0ee800,
0x000001f83a0e8800, 0x000001f83a0ef000, 0x000001f83a0f1800, 0x000001f83a0f0000,
0x000001f83a0f2800, 0x000001f83a0f1000, 0x000001f83a0f4000, 0x000001f83a0f3000,
0x000001f8399a1800, 0x000001f8399a2800, 0x000001f83999e800, 0x000001f83999d800,
0x000001f83fb89800, 0x000001f83fb8a000, 0x000001f83fb8d800, 0x000001f83fb8c800,
0x000001f83fb90800, 0x000001f83fb8e000, 0x000001f83fb8f000, 0x000001f83fb90000,
0x000001f83fb8b000, 0x000001f83fb91800, 0x000001f83fb8c000, 0x000001f83fb97000,
0x000001f83fb96800, 0x000001f83fb94800, 0x000001f83fb94000, 0x000001f83fb95800,
0x000001f83fb92800, 0x000001f83fb98000, 0x000001f83fb93000, 0x000001f838498800,
0x000001f83849c800, 0x000001f83849f000, 0x000001f83849b000, 0x000001f83849a000,
0x000001f838499800, 0x000001f8384a1800, 0x000001f83849e800, 0x000001f8384a0000,
0x000001f83849d800, 0x000001f8384a0800, 0x000001f83849c000, 0x000001f8384a4000,
0x000001f8384a2800, 0x000001f8384a3000, 0x000001f8384a5000, 0x000001f8384a5800,
0x000001f8384a6800, 0x000001f8384a7000, 0x000001f839f0b800, 0x000001f839f07000,
0x000001f839f08800, 0x000001f839f09000, 0x000001f839f0a000, 0x000001f839f0b000,
0x000001f839f07800, 0x000001f839f06000, 0x000001f839f0c800, 0x000001f839f13000,
0x000001f839f0e000, 0x000001f839f0d800, 0x000001f839f14000, 0x000001f839f14800,
0x000001f839f0f000, 0x000001f839f0f800, 0x000001f839f10800
}

Java Threads: ( => current thread )
  0x000001f81cbce000 JavaThread "main" [_thread_blocked, id=14944, stack(0x000000df0a200000,0x000000df0a300000)]
  0x000001f83701d000 JavaThread "Reference Handler" daemon [_thread_blocked, id=17228, stack(0x000000df0a900000,0x000000df0aa00000)]
  0x000001f837026800 JavaThread "Finalizer" daemon [_thread_blocked, id=17376, stack(0x000000df0aa00000,0x000000df0ab00000)]
  0x000001f83703d000 JavaThread "Signal Dispatcher" daemon [_thread_blocked, id=14676, stack(0x000000df0ab00000,0x000000df0ac00000)]
  0x000001f83703d800 JavaThread "Attach Listener" daemon [_thread_blocked, id=17196, stack(0x000000df0ac00000,0x000000df0ad00000)]
  0x000001f83703e800 JavaThread "Service Thread" daemon [_thread_blocked, id=5908, stack(0x000000df0ad00000,0x000000df0ae00000)]
=>0x000001f837041800 JavaThread "C2 CompilerThread0" daemon [_thread_in_native, id=17412, stack(0x000000df0ae00000,0x000000df0af00000)]
  0x000001f83704c800 JavaThread "C1 CompilerThread0" daemon [_thread_blocked, id=17216, stack(0x000000df0af00000,0x000000df0b000000)]
  0x000001f837053000 JavaThread "Sweeper thread" daemon [_thread_blocked, id=6404, stack(0x000000df0b000000,0x000000df0b100000)]
  0x000001f837af7000 JavaThread "Common-Cleaner" daemon [_thread_blocked, id=10392, stack(0x000000df0b100000,0x000000df0b200000)]
  0x000001f839275000 JavaThread "Daemon health stats" [_thread_blocked, id=12872, stack(0x000000df0b400000,0x000000df0b500000)]
  0x000001f839242000 JavaThread "Incoming local TCP Connector on port 55306" [_thread_in_native, id=3324, stack(0x000000df0b500000,0x000000df0b600000)]
  0x000001f8397fa000 JavaThread "Daemon periodic checks" [_thread_blocked, id=7464, stack(0x000000df0b600000,0x000000df0b700000)]
  0x000001f8397c6000 JavaThread "Daemon" [_thread_blocked, id=16992, stack(0x000000df0b700000,0x000000df0b800000)]
  0x000001f839ad5800 JavaThread "Daemon worker" [_thread_blocked, id=18020, stack(0x000000df0ba00000,0x000000df0bb00000)]
  0x000001f83999f000 JavaThread "Cache worker for journal cache (C:\Users\Erica\.gradle\caches\journal-1)" [_thread_blocked, id=17656, stack(0x000000df0c400000,0x000000df0c500000)]
  0x000001f8399a1000 JavaThread "File lock request listener" [_thread_in_native, id=1828, stack(0x000000df0c500000,0x000000df0c600000)]
  0x000001f83999c000 JavaThread "Cache worker for file hash cache (C:\Users\Erica\.gradle\caches\7.3.3\fileHashes)" [_thread_blocked, id=7252, stack(0x000000df0c600000,0x000000df0c700000)]
  0x000001f83999c800 JavaThread "File watcher server" daemon [_thread_in_native, id=8760, stack(0x000000df0c900000,0x000000df0ca00000)]
  0x000001f8399a0000 JavaThread "File watcher consumer" daemon [_thread_blocked, id=8076, stack(0x000000df0ca00000,0x000000df0cb00000)]
  0x000001f83a0e8000 JavaThread "Cache worker for execution history cache (C:\Users\Erica\.gradle\caches\7.3.3\executionHistory)" [_thread_blocked, id=18092, stack(0x000000df0ce00000,0x000000df0cf00000)]
  0x000001f83a0eb000 JavaThread "jar transforms" [_thread_blocked, id=17524, stack(0x000000df0cf00000,0x000000df0d000000)]
  0x000001f83a0ea800 JavaThread "Cache worker for file content cache (C:\Users\Erica\.gradle\caches\7.3.3\fileContent)" [_thread_blocked, id=1072, stack(0x000000df0d000000,0x000000df0d100000)]
  0x000001f83a0ec000 JavaThread "jar transforms Thread 2" [_thread_blocked, id=12196, stack(0x000000df0d100000,0x000000df0d200000)]
  0x000001f83a0ec800 JavaThread "jar transforms Thread 3" [_thread_blocked, id=11036, stack(0x000000df0d300000,0x000000df0d400000)]
  0x000001f83bfb4800 JavaThread "jar transforms Thread 4" [_thread_blocked, id=2008, stack(0x000000df12500000,0x000000df12600000)]
  0x000001f83bfb7000 JavaThread "jar transforms Thread 5" [_thread_blocked, id=2440, stack(0x000000df12600000,0x000000df12700000)]
  0x000001f83bfbb800 JavaThread "jar transforms Thread 6" [_thread_blocked, id=12952, stack(0x000000df12700000,0x000000df12800000)]
  0x000001f83bfb9000 JavaThread "jar transforms Thread 7" [_thread_blocked, id=17648, stack(0x000000df12800000,0x000000df12900000)]
  0x000001f83bfba800 JavaThread "jar transforms Thread 8" [_thread_blocked, id=320, stack(0x000000df12900000,0x000000df12a00000)]
  0x000001f83bfb9800 JavaThread "Memory manager" [_thread_blocked, id=4448, stack(0x000000df12a00000,0x000000df12b00000)]
  0x000001f83fcfd800 JavaThread "Handler for socket connection from /127.0.0.1:55306 to /127.0.0.1:55447" [_thread_in_native, id=17260, stack(0x000000df09f00000,0x000000df0a000000)]
  0x000001f83fcf8800 JavaThread "Cancel handler" [_thread_blocked, id=10200, stack(0x000000df0a000000,0x000000df0a100000)]
  0x000001f83fcfd000 JavaThread "Asynchronous log dispatcher for DefaultDaemonConnection: socket connection from /127.0.0.1:55306 to /127.0.0.1:55447" [_thread_blocked, id=14832, stack(0x000000df0a100000,0x000000df0a200000)]
  0x000001f83fcfa800 JavaThread "Stdin handler" [_thread_blocked, id=8552, stack(0x000000df0b800000,0x000000df0b900000)]
  0x000001f83fcf8000 JavaThread "Daemon client event forwarder" [_thread_blocked, id=14528, stack(0x000000df0b900000,0x000000df0ba00000)]
  0x000001f83fcfe800 JavaThread "Cache worker for file hash cache (C:\Users\Erica\AndroidStudioProjects\WSAP_appExtension\.gradle\7.3.3\fileHashes)" [_thread_blocked, id=17176, stack(0x000000df0bb00000,0x000000df0bc00000)]
  0x000001f83fd00000 JavaThread "Cache worker for checksums cache (C:\Users\Erica\AndroidStudioProjects\WSAP_appExtension\.gradle\7.3.3\checksums)" [_thread_blocked, id=13268, stack(0x000000df0bc00000,0x000000df0bd00000)]
  0x000001f83fcff800 JavaThread "Cache worker for cache directory md-supplier (C:\Users\Erica\.gradle\caches\7.3.3\md-supplier)" [_thread_blocked, id=3300, stack(0x000000df0bd00000,0x000000df0be00000)]
  0x000001f83fd03800 JavaThread "Cache worker for cache directory md-rule (C:\Users\Erica\.gradle\caches\7.3.3\md-rule)" [_thread_blocked, id=5476, stack(0x000000df0cd00000,0x000000df0ce00000)]
  0x000001f83fd06000 JavaThread "Cache worker for dependencies-accessors (C:\Users\Erica\AndroidStudioProjects\WSAP_appExtension\.gradle\7.3.3\dependencies-accessors)" [_thread_blocked, id=10012, stack(0x000000df0d200000,0x000000df0d300000)]
  0x000001f83fd01000 JavaThread "Cache worker for Build Output Cleanup Cache (C:\Users\Erica\AndroidStudioProjects\WSAP_appExtension\.gradle\buildOutputCleanup)" [_thread_blocked, id=3636, stack(0x000000df0d400000,0x000000df0d500000)]
  0x000001f83fd01800 JavaThread "Unconstrained build operations" [_thread_blocked, id=12340, stack(0x000000df0d500000,0x000000df0d600000)]
  0x000001f83fd04000 JavaThread "Unconstrained build operations Thread 2" [_thread_blocked, id=9704, stack(0x000000df0d600000,0x000000df0d700000)]
  0x000001f83fd02800 JavaThread "Unconstrained build operations Thread 3" [_thread_blocked, id=16748, stack(0x000000df0d700000,0x000000df0d800000)]
  0x000001f83fd05000 JavaThread "Unconstrained build operations Thread 4" [_thread_blocked, id=18192, stack(0x000000df0d800000,0x000000df0d900000)]
  0x000001f83fd06800 JavaThread "Unconstrained build operations Thread 5" [_thread_blocked, id=17060, stack(0x000000df0d900000,0x000000df0da00000)]
  0x000001f83bfb4000 JavaThread "Unconstrained build operations Thread 6" [_thread_blocked, id=1496, stack(0x000000df0da00000,0x000000df0db00000)]
  0x000001f83bfb3000 JavaThread "Unconstrained build operations Thread 7" [_thread_blocked, id=10256, stack(0x000000df0db00000,0x000000df0dc00000)]
  0x000001f83bfb5800 JavaThread "Unconstrained build operations Thread 8" [_thread_blocked, id=13748, stack(0x000000df0dc00000,0x000000df0dd00000)]
  0x000001f83bfb6800 JavaThread "Unconstrained build operations Thread 9" [_thread_blocked, id=2260, stack(0x000000df0dd00000,0x000000df0de00000)]
  0x000001f83bfb2800 JavaThread "Unconstrained build operations Thread 10" [_thread_blocked, id=11748, stack(0x000000df0de00000,0x000000df0df00000)]
  0x000001f83bfb8000 JavaThread "Unconstrained build operations Thread 11" [_thread_blocked, id=6108, stack(0x000000df0df00000,0x000000df0e000000)]
  0x000001f83bfbe800 JavaThread "Unconstrained build operations Thread 12" [_thread_blocked, id=2232, stack(0x000000df0e000000,0x000000df0e100000)]
  0x000001f83bfbc000 JavaThread "Unconstrained build operations Thread 13" [_thread_blocked, id=15212, stack(0x000000df0e100000,0x000000df0e200000)]
  0x000001f83bfbf800 JavaThread "Unconstrained build operations Thread 14" [_thread_blocked, id=5520, stack(0x000000df0e200000,0x000000df0e300000)]
  0x000001f83bfc0000 JavaThread "Unconstrained build operations Thread 15" [_thread_blocked, id=16480, stack(0x000000df0e300000,0x000000df0e400000)]
  0x000001f83bfc1000 JavaThread "Unconstrained build operations Thread 16" [_thread_blocked, id=7912, stack(0x000000df0e400000,0x000000df0e500000)]
  0x000001f83bfbd000 JavaThread "Unconstrained build operations Thread 17" [_thread_blocked, id=17832, stack(0x000000df0e500000,0x000000df0e600000)]
  0x000001f83bfbd800 JavaThread "Unconstrained build operations Thread 18" [_thread_blocked, id=10728, stack(0x000000df0e600000,0x000000df0e700000)]
  0x000001f83a0e6000 JavaThread "Unconstrained build operations Thread 19" [_thread_blocked, id=1276, stack(0x000000df0e700000,0x000000df0e800000)]
  0x000001f83a0e7000 JavaThread "Unconstrained build operations Thread 20" [_thread_blocked, id=7764, stack(0x000000df0e800000,0x000000df0e900000)]
  0x000001f83a0ed800 JavaThread "Unconstrained build operations Thread 21" [_thread_blocked, id=18128, stack(0x000000df0e900000,0x000000df0ea00000)]
  0x000001f83a0ee800 JavaThread "Unconstrained build operations Thread 22" [_thread_blocked, id=13968, stack(0x000000df0ea00000,0x000000df0eb00000)]
  0x000001f83a0e8800 JavaThread "Unconstrained build operations Thread 23" [_thread_blocked, id=9448, stack(0x000000df0eb00000,0x000000df0ec00000)]
  0x000001f83a0ef000 JavaThread "Unconstrained build operations Thread 24" [_thread_blocked, id=4260, stack(0x000000df0ec00000,0x000000df0ed00000)]
  0x000001f83a0f1800 JavaThread "Unconstrained build operations Thread 25" [_thread_blocked, id=1068, stack(0x000000df0ed00000,0x000000df0ee00000)]
  0x000001f83a0f0000 JavaThread "Unconstrained build operations Thread 26" [_thread_blocked, id=12900, stack(0x000000df0ee00000,0x000000df0ef00000)]
  0x000001f83a0f2800 JavaThread "Unconstrained build operations Thread 27" [_thread_blocked, id=16712, stack(0x000000df0ef00000,0x000000df0f000000)]
  0x000001f83a0f1000 JavaThread "Unconstrained build operations Thread 28" [_thread_blocked, id=17764, stack(0x000000df0f000000,0x000000df0f100000)]
  0x000001f83a0f4000 JavaThread "Unconstrained build operations Thread 29" [_thread_blocked, id=3252, stack(0x000000df0f100000,0x000000df0f200000)]
  0x000001f83a0f3000 JavaThread "Unconstrained build operations Thread 30" [_thread_blocked, id=12588, stack(0x000000df0f200000,0x000000df0f300000)]
  0x000001f8399a1800 JavaThread "Unconstrained build operations Thread 31" [_thread_blocked, id=13380, stack(0x000000df0f300000,0x000000df0f400000)]
  0x000001f8399a2800 JavaThread "Unconstrained build operations Thread 32" [_thread_blocked, id=5568, stack(0x000000df0f400000,0x000000df0f500000)]
  0x000001f83999e800 JavaThread "Unconstrained build operations Thread 33" [_thread_blocked, id=4776, stack(0x000000df0f500000,0x000000df0f600000)]
  0x000001f83999d800 JavaThread "Unconstrained build operations Thread 34" [_thread_blocked, id=16828, stack(0x000000df0f600000,0x000000df0f700000)]
  0x000001f83fb89800 JavaThread "Unconstrained build operations Thread 35" [_thread_blocked, id=18012, stack(0x000000df0f700000,0x000000df0f800000)]
  0x000001f83fb8a000 JavaThread "Unconstrained build operations Thread 36" [_thread_blocked, id=9112, stack(0x000000df0f800000,0x000000df0f900000)]
  0x000001f83fb8d800 JavaThread "Unconstrained build operations Thread 37" [_thread_blocked, id=17392, stack(0x000000df0f900000,0x000000df0fa00000)]
  0x000001f83fb8c800 JavaThread "Unconstrained build operations Thread 38" [_thread_blocked, id=16632, stack(0x000000df0fa00000,0x000000df0fb00000)]
  0x000001f83fb90800 JavaThread "Unconstrained build operations Thread 39" [_thread_blocked, id=15868, stack(0x000000df0fb00000,0x000000df0fc00000)]
  0x000001f83fb8e000 JavaThread "Unconstrained build operations Thread 40" [_thread_blocked, id=10548, stack(0x000000df0fc00000,0x000000df0fd00000)]
  0x000001f83fb8f000 JavaThread "Unconstrained build operations Thread 41" [_thread_blocked, id=9144, stack(0x000000df0fd00000,0x000000df0fe00000)]
  0x000001f83fb90000 JavaThread "Unconstrained build operations Thread 42" [_thread_blocked, id=3392, stack(0x000000df0fe00000,0x000000df0ff00000)]
  0x000001f83fb8b000 JavaThread "Unconstrained build operations Thread 43" [_thread_blocked, id=2600, stack(0x000000df0ff00000,0x000000df10000000)]
  0x000001f83fb91800 JavaThread "Unconstrained build operations Thread 44" [_thread_blocked, id=16824, stack(0x000000df10000000,0x000000df10100000)]
  0x000001f83fb8c000 JavaThread "Unconstrained build operations Thread 45" [_thread_blocked, id=8684, stack(0x000000df10100000,0x000000df10200000)]
  0x000001f83fb97000 JavaThread "Unconstrained build operations Thread 46" [_thread_blocked, id=16060, stack(0x000000df10200000,0x000000df10300000)]
  0x000001f83fb96800 JavaThread "Unconstrained build operations Thread 47" [_thread_blocked, id=9320, stack(0x000000df10300000,0x000000df10400000)]
  0x000001f83fb94800 JavaThread "Unconstrained build operations Thread 48" [_thread_blocked, id=3172, stack(0x000000df10400000,0x000000df10500000)]
  0x000001f83fb94000 JavaThread "Unconstrained build operations Thread 49" [_thread_blocked, id=18124, stack(0x000000df10500000,0x000000df10600000)]
  0x000001f83fb95800 JavaThread "Unconstrained build operations Thread 50" [_thread_blocked, id=7012, stack(0x000000df10600000,0x000000df10700000)]
  0x000001f83fb92800 JavaThread "Unconstrained build operations Thread 51" [_thread_blocked, id=6392, stack(0x000000df10700000,0x000000df10800000)]
  0x000001f83fb98000 JavaThread "Unconstrained build operations Thread 52" [_thread_blocked, id=12672, stack(0x000000df10800000,0x000000df10900000)]
  0x000001f83fb93000 JavaThread "Unconstrained build operations Thread 53" [_thread_blocked, id=17952, stack(0x000000df10900000,0x000000df10a00000)]
  0x000001f838498800 JavaThread "Unconstrained build operations Thread 54" [_thread_blocked, id=564, stack(0x000000df10a00000,0x000000df10b00000)]
  0x000001f83849c800 JavaThread "Unconstrained build operations Thread 55" [_thread_blocked, id=18348, stack(0x000000df10b00000,0x000000df10c00000)]
  0x000001f83849f000 JavaThread "Unconstrained build operations Thread 56" [_thread_blocked, id=8440, stack(0x000000df10c00000,0x000000df10d00000)]
  0x000001f83849b000 JavaThread "Unconstrained build operations Thread 57" [_thread_blocked, id=14636, stack(0x000000df10d00000,0x000000df10e00000)]
  0x000001f83849a000 JavaThread "Unconstrained build operations Thread 58" [_thread_blocked, id=17592, stack(0x000000df10e00000,0x000000df10f00000)]
  0x000001f838499800 JavaThread "Unconstrained build operations Thread 59" [_thread_blocked, id=18296, stack(0x000000df10f00000,0x000000df11000000)]
  0x000001f8384a1800 JavaThread "Unconstrained build operations Thread 60" [_thread_blocked, id=11452, stack(0x000000df11000000,0x000000df11100000)]
  0x000001f83849e800 JavaThread "Unconstrained build operations Thread 61" [_thread_blocked, id=16392, stack(0x000000df11100000,0x000000df11200000)]
  0x000001f8384a0000 JavaThread "Unconstrained build operations Thread 62" [_thread_blocked, id=11700, stack(0x000000df11200000,0x000000df11300000)]
  0x000001f83849d800 JavaThread "Unconstrained build operations Thread 63" [_thread_blocked, id=7392, stack(0x000000df11300000,0x000000df11400000)]
  0x000001f8384a0800 JavaThread "Unconstrained build operations Thread 64" [_thread_blocked, id=17252, stack(0x000000df11400000,0x000000df11500000)]
  0x000001f83849c000 JavaThread "Unconstrained build operations Thread 65" [_thread_blocked, id=16932, stack(0x000000df11500000,0x000000df11600000)]
  0x000001f8384a4000 JavaThread "Unconstrained build operations Thread 66" [_thread_blocked, id=4420, stack(0x000000df11600000,0x000000df11700000)]
  0x000001f8384a2800 JavaThread "Unconstrained build operations Thread 67" [_thread_blocked, id=3488, stack(0x000000df11700000,0x000000df11800000)]
  0x000001f8384a3000 JavaThread "Unconstrained build operations Thread 68" [_thread_blocked, id=1768, stack(0x000000df11800000,0x000000df11900000)]
  0x000001f8384a5000 JavaThread "Unconstrained build operations Thread 69" [_thread_blocked, id=10480, stack(0x000000df11900000,0x000000df11a00000)]
  0x000001f8384a5800 JavaThread "Unconstrained build operations Thread 70" [_thread_blocked, id=18088, stack(0x000000df11a00000,0x000000df11b00000)]
  0x000001f8384a6800 JavaThread "Unconstrained build operations Thread 71" [_thread_blocked, id=16988, stack(0x000000df11b00000,0x000000df11c00000)]
  0x000001f8384a7000 JavaThread "Unconstrained build operations Thread 72" [_thread_blocked, id=18040, stack(0x000000df11c00000,0x000000df11d00000)]
  0x000001f839f0b800 JavaThread "Unconstrained build operations Thread 73" [_thread_blocked, id=17192, stack(0x000000df11d00000,0x000000df11e00000)]
  0x000001f839f07000 JavaThread "Unconstrained build operations Thread 74" [_thread_blocked, id=14532, stack(0x000000df11e00000,0x000000df11f00000)]
  0x000001f839f08800 JavaThread "Unconstrained build operations Thread 75" [_thread_blocked, id=15204, stack(0x000000df11f00000,0x000000df12000000)]
  0x000001f839f09000 JavaThread "Unconstrained build operations Thread 76" [_thread_blocked, id=1156, stack(0x000000df12000000,0x000000df12100000)]
  0x000001f839f0a000 JavaThread "Unconstrained build operations Thread 77" [_thread_blocked, id=16040, stack(0x000000df12100000,0x000000df12200000)]
  0x000001f839f0b000 JavaThread "Unconstrained build operations Thread 78" [_thread_blocked, id=13844, stack(0x000000df12200000,0x000000df12300000)]
  0x000001f839f07800 JavaThread "Unconstrained build operations Thread 79" [_thread_blocked, id=10672, stack(0x000000df12300000,0x000000df12400000)]
  0x000001f839f06000 JavaThread "Unconstrained build operations Thread 80" [_thread_blocked, id=17812, stack(0x000000df12400000,0x000000df12500000)]
  0x000001f839f0c800 JavaThread "build event listener" [_thread_blocked, id=1220, stack(0x000000df12b00000,0x000000df12c00000)]
  0x000001f839f13000 JavaThread "Execution worker for ':'" [_thread_blocked, id=3796, stack(0x000000df12c00000,0x000000df12d00000)]
  0x000001f839f0e000 JavaThread "Execution worker for ':' Thread 2" [_thread_blocked, id=8740, stack(0x000000df12d00000,0x000000df12e00000)]
  0x000001f839f0d800 JavaThread "Execution worker for ':' Thread 3" [_thread_blocked, id=17732, stack(0x000000df12e00000,0x000000df12f00000)]
  0x000001f839f14000 JavaThread "Execution worker for ':' Thread 4" [_thread_blocked, id=6408, stack(0x000000df12f00000,0x000000df13000000)]
  0x000001f839f14800 JavaThread "Execution worker for ':' Thread 5" [_thread_blocked, id=16308, stack(0x000000df13000000,0x000000df13100000)]
  0x000001f839f0f000 JavaThread "Execution worker for ':' Thread 6" [_thread_in_Java, id=14940, stack(0x000000df13100000,0x000000df13200000)]
  0x000001f839f0f800 JavaThread "Execution worker for ':' Thread 7" [_thread_blocked, id=15676, stack(0x000000df13200000,0x000000df13300000)]
  0x000001f839f10800 JavaThread "Cache worker for execution history cache (C:\Users\Erica\AndroidStudioProjects\WSAP_appExtension\.gradle\7.3.3\executionHistory)" [_thread_blocked, id=10460, stack(0x000000df13300000,0x000000df13400000)]

Other Threads:
  0x000001f83701b000 VMThread "VM Thread" [stack: 0x000000df0a800000,0x000000df0a900000] [id=5208]
  0x000001f837b04000 WatcherThread [stack: 0x000000df0b200000,0x000000df0b300000] [id=9828]
  0x000001f81cbe7800 GCTaskThread "GC Thread#0" [stack: 0x000000df0a300000,0x000000df0a400000] [id=16844]
  0x000001f83890a000 GCTaskThread "GC Thread#1" [stack: 0x000000df0b300000,0x000000df0b400000] [id=10668]
  0x000001f839999000 GCTaskThread "GC Thread#2" [stack: 0x000000df0be00000,0x000000df0bf00000] [id=9304]
  0x000001f838561800 GCTaskThread "GC Thread#3" [stack: 0x000000df0bf00000,0x000000df0c000000] [id=16296]
  0x000001f8392f9000 GCTaskThread "GC Thread#4" [stack: 0x000000df0c000000,0x000000df0c100000] [id=13236]
  0x000001f839782000 GCTaskThread "GC Thread#5" [stack: 0x000000df0c100000,0x000000df0c200000] [id=13992]
  0x000001f839206800 GCTaskThread "GC Thread#6" [stack: 0x000000df0c200000,0x000000df0c300000] [id=16300]
  0x000001f839597800 GCTaskThread "GC Thread#7" [stack: 0x000000df0c300000,0x000000df0c400000] [id=9568]
  0x000001f81cc19800 ConcurrentGCThread "G1 Main Marker" [stack: 0x000000df0a400000,0x000000df0a500000] [id=17200]
  0x000001f81cc1b800 ConcurrentGCThread "G1 Conc#0" [stack: 0x000000df0a500000,0x000000df0a600000] [id=11560]
  0x000001f83983c000 ConcurrentGCThread "G1 Conc#1" [stack: 0x000000df0c700000,0x000000df0c800000] [id=7712]
  0x000001f81cc89800 ConcurrentGCThread "G1 Refine#0" [stack: 0x000000df0a600000,0x000000df0a700000] [id=17008]
  0x000001f83a5e9800 ConcurrentGCThread "G1 Refine#1" [stack: 0x000000df0c800000,0x000000df0c900000] [id=16092]
  0x000001f839cca000 ConcurrentGCThread "G1 Refine#2" [stack: 0x000000df0cb00000,0x000000df0cc00000] [id=17696]
  0x000001f83e79b000 ConcurrentGCThread "G1 Refine#3" [stack: 0x000000df0cc00000,0x000000df0cd00000] [id=11020]
  0x000001f81cc8e800 ConcurrentGCThread "G1 Young RemSet Sampling" [stack: 0x000000df0a700000,0x000000df0a800000] [id=11016]

Threads with active compile tasks:
C2 CompilerThread0  83628 16884       4       org.gradle.internal.snapshot.DirectorySnapshot$$Lambda$1053/0x0000000100b49040::accept (16 bytes)

VM state:not at safepoint (normal execution)

VM Mutex/Monitor currently owned by a thread: None

Heap address: 0x0000000080000000, size: 2048 MB, Compressed Oops mode: 32-bit
Narrow klass base: 0x0000000000000000, Narrow klass shift: 3
Compressed class space size: 1073741824 Address: 0x0000000100000000

Heap:
 garbage-first heap   total 316416K, used 169729K [0x0000000080000000, 0x0000000100000000)
  region size 1024K, 64 young (65536K), 13 survivors (13312K)
 Metaspace       used 104725K, capacity 107517K, committed 107776K, reserved 1142784K
  class space    used 13442K, capacity 14522K, committed 14592K, reserved 1048576K
Heap Regions: E=young(eden), S=young(survivor), O=old, HS=humongous(starts), HC=humongous(continues), CS=collection set, F=free, A=archive, TAMS=top-at-mark-start (previous, next)
|   0|0x0000000080000000, 0x0000000080100000, 0x0000000080100000|100%| O|  |TAMS 0x0000000080100000, 0x0000000080000000| Untracked 
|   1|0x0000000080100000, 0x0000000080200000, 0x0000000080200000|100%| O|  |TAMS 0x0000000080200000, 0x0000000080100000| Untracked 
|   2|0x0000000080200000, 0x0000000080300000, 0x0000000080300000|100%| O|  |TAMS 0x0000000080300000, 0x0000000080200000| Untracked 
|   3|0x0000000080300000, 0x0000000080400000, 0x0000000080400000|100%|HS|  |TAMS 0x0000000080400000, 0x0000000080300000| Complete 
|   4|0x0000000080400000, 0x0000000080500000, 0x0000000080500000|100%|HC|  |TAMS 0x0000000080500000, 0x0000000080400000| Complete 
|   5|0x0000000080500000, 0x0000000080600000, 0x0000000080600000|100%|HC|  |TAMS 0x0000000080600000, 0x0000000080500000| Complete 
|   6|0x0000000080600000, 0x0000000080700000, 0x0000000080700000|100%| O|  |TAMS 0x0000000080700000, 0x0000000080600000| Untracked 
|   7|0x0000000080700000, 0x0000000080800000, 0x0000000080800000|100%| O|  |TAMS 0x0000000080800000, 0x0000000080700000| Untracked 
|   8|0x0000000080800000, 0x0000000080900000, 0x0000000080900000|100%| O|  |TAMS 0x0000000080900000, 0x0000000080800000| Untracked 
|   9|0x0000000080900000, 0x0000000080a00000, 0x0000000080a00000|100%| O|  |TAMS 0x0000000080a00000, 0x0000000080900000| Untracked 
|  10|0x0000000080a00000, 0x0000000080b00000, 0x0000000080b00000|100%| O|  |TAMS 0x0000000080b00000, 0x0000000080a00000| Untracked 
|  11|0x0000000080b00000, 0x0000000080c00000, 0x0000000080c00000|100%| O|  |TAMS 0x0000000080c00000, 0x0000000080b00000| Untracked 
|  12|0x0000000080c00000, 0x0000000080d00000, 0x0000000080d00000|100%| O|  |TAMS 0x0000000080d00000, 0x0000000080c00000| Untracked 
|  13|0x0000000080d00000, 0x0000000080e00000, 0x0000000080e00000|100%| O|  |TAMS 0x0000000080e00000, 0x0000000080d00000| Untracked 
|  14|0x0000000080e00000, 0x0000000080f00000, 0x0000000080f00000|100%| O|  |TAMS 0x0000000080f00000, 0x0000000080e00000| Untracked 
|  15|0x0000000080f00000, 0x0000000081000000, 0x0000000081000000|100%| O|  |TAMS 0x0000000081000000, 0x0000000080f00000| Untracked 
|  16|0x0000000081000000, 0x0000000081100000, 0x0000000081100000|100%| O|  |TAMS 0x0000000081100000, 0x0000000081000000| Untracked 
|  17|0x0000000081100000, 0x0000000081200000, 0x0000000081200000|100%| O|  |TAMS 0x0000000081200000, 0x0000000081100000| Untracked 
|  18|0x0000000081200000, 0x0000000081300000, 0x0000000081300000|100%| O|  |TAMS 0x0000000081300000, 0x0000000081200000| Untracked 
|  19|0x0000000081300000, 0x0000000081400000, 0x0000000081400000|100%| O|  |TAMS 0x0000000081400000, 0x0000000081300000| Untracked 
|  20|0x0000000081400000, 0x0000000081500000, 0x0000000081500000|100%| O|  |TAMS 0x0000000081500000, 0x0000000081400000| Untracked 
|  21|0x0000000081500000, 0x0000000081600000, 0x0000000081600000|100%| O|  |TAMS 0x0000000081600000, 0x0000000081500000| Untracked 
|  22|0x0000000081600000, 0x0000000081700000, 0x0000000081700000|100%| O|  |TAMS 0x0000000081700000, 0x0000000081600000| Untracked 
|  23|0x0000000081700000, 0x0000000081800000, 0x0000000081800000|100%| O|  |TAMS 0x0000000081800000, 0x0000000081700000| Untracked 
|  24|0x0000000081800000, 0x0000000081900000, 0x0000000081900000|100%| O|  |TAMS 0x0000000081900000, 0x0000000081800000| Untracked 
|  25|0x0000000081900000, 0x0000000081a00000, 0x0000000081a00000|100%| O|  |TAMS 0x0000000081a00000, 0x0000000081900000| Untracked 
|  26|0x0000000081a00000, 0x0000000081b00000, 0x0000000081b00000|100%| O|  |TAMS 0x0000000081b00000, 0x0000000081a00000| Untracked 
|  27|0x0000000081b00000, 0x0000000081c00000, 0x0000000081c00000|100%| O|  |TAMS 0x0000000081c00000, 0x0000000081b00000| Untracked 
|  28|0x0000000081c00000, 0x0000000081d00000, 0x0000000081d00000|100%| O|  |TAMS 0x0000000081d00000, 0x0000000081c00000| Untracked 
|  29|0x0000000081d00000, 0x0000000081e00000, 0x0000000081e00000|100%|HS|  |TAMS 0x0000000081e00000, 0x0000000081d00000| Complete 
|  30|0x0000000081e00000, 0x0000000081f00000, 0x0000000081f00000|100%|HS|  |TAMS 0x0000000081f00000, 0x0000000081e00000| Complete 
|  31|0x0000000081f00000, 0x0000000082000000, 0x0000000082000000|100%|HS|  |TAMS 0x0000000082000000, 0x0000000081f00000| Complete 
|  32|0x0000000082000000, 0x0000000082100000, 0x0000000082100000|100%|HC|  |TAMS 0x0000000082100000, 0x0000000082000000| Complete 
|  33|0x0000000082100000, 0x0000000082200000, 0x0000000082200000|100%| O|  |TAMS 0x0000000082200000, 0x0000000082100000| Untracked 
|  34|0x0000000082200000, 0x0000000082300000, 0x0000000082300000|100%| O|  |TAMS 0x0000000082300000, 0x0000000082200000| Untracked 
|  35|0x0000000082300000, 0x0000000082400000, 0x0000000082400000|100%| O|  |TAMS 0x0000000082400000, 0x0000000082300000| Untracked 
|  36|0x0000000082400000, 0x0000000082500000, 0x0000000082500000|100%| O|  |TAMS 0x0000000082500000, 0x0000000082400000| Untracked 
|  37|0x0000000082500000, 0x0000000082600000, 0x0000000082600000|100%| O|  |TAMS 0x0000000082600000, 0x0000000082500000| Untracked 
|  38|0x0000000082600000, 0x0000000082700000, 0x0000000082700000|100%| O|  |TAMS 0x0000000082700000, 0x0000000082600000| Untracked 
|  39|0x0000000082700000, 0x0000000082800000, 0x0000000082800000|100%| O|  |TAMS 0x0000000082800000, 0x0000000082700000| Untracked 
|  40|0x0000000082800000, 0x0000000082900000, 0x0000000082900000|100%| O|  |TAMS 0x0000000082900000, 0x0000000082800000| Untracked 
|  41|0x0000000082900000, 0x0000000082a00000, 0x0000000082a00000|100%| O|  |TAMS 0x0000000082a00000, 0x0000000082900000| Untracked 
|  42|0x0000000082a00000, 0x0000000082b00000, 0x0000000082b00000|100%| O|  |TAMS 0x0000000082b00000, 0x0000000082a00000| Untracked 
|  43|0x0000000082b00000, 0x0000000082c00000, 0x0000000082c00000|100%| O|  |TAMS 0x0000000082c00000, 0x0000000082b00000| Untracked 
|  44|0x0000000082c00000, 0x0000000082d00000, 0x0000000082d00000|100%| O|  |TAMS 0x0000000082d00000, 0x0000000082c00000| Untracked 
|  45|0x0000000082d00000, 0x0000000082e00000, 0x0000000082e00000|100%| O|  |TAMS 0x0000000082e00000, 0x0000000082d00000| Untracked 
|  46|0x0000000082e00000, 0x0000000082f00000, 0x0000000082f00000|100%| O|  |TAMS 0x0000000082f00000, 0x0000000082e00000| Untracked 
|  47|0x0000000082f00000, 0x0000000083000000, 0x0000000083000000|100%| O|  |TAMS 0x0000000083000000, 0x0000000082f00000| Untracked 
|  48|0x0000000083000000, 0x0000000083100000, 0x0000000083100000|100%| O|  |TAMS 0x0000000083100000, 0x0000000083000000| Untracked 
|  49|0x0000000083100000, 0x0000000083200000, 0x0000000083200000|100%| O|  |TAMS 0x0000000083200000, 0x0000000083100000| Untracked 
|  50|0x0000000083200000, 0x0000000083300000, 0x0000000083300000|100%| O|  |TAMS 0x0000000083300000, 0x0000000083200000| Untracked 
|  51|0x0000000083300000, 0x0000000083400000, 0x0000000083400000|100%| O|  |TAMS 0x0000000083400000, 0x0000000083300000| Untracked 
|  52|0x0000000083400000, 0x0000000083500000, 0x0000000083500000|100%| O|  |TAMS 0x0000000083500000, 0x0000000083400000| Untracked 
|  53|0x0000000083500000, 0x0000000083600000, 0x0000000083600000|100%| O|  |TAMS 0x0000000083600000, 0x0000000083500000| Untracked 
|  54|0x0000000083600000, 0x0000000083700000, 0x0000000083700000|100%| O|  |TAMS 0x0000000083700000, 0x0000000083600000| Untracked 
|  55|0x0000000083700000, 0x0000000083800000, 0x0000000083800000|100%| O|  |TAMS 0x0000000083800000, 0x0000000083700000| Untracked 
|  56|0x0000000083800000, 0x0000000083900000, 0x0000000083900000|100%| O|  |TAMS 0x0000000083900000, 0x0000000083800000| Untracked 
|  57|0x0000000083900000, 0x0000000083a00000, 0x0000000083a00000|100%| O|  |TAMS 0x0000000083a00000, 0x0000000083900000| Untracked 
|  58|0x0000000083a00000, 0x0000000083b00000, 0x0000000083b00000|100%| O|  |TAMS 0x0000000083b00000, 0x0000000083a00000| Untracked 
|  59|0x0000000083b00000, 0x0000000083c00000, 0x0000000083c00000|100%| O|  |TAMS 0x0000000083c00000, 0x0000000083b00000| Untracked 
|  60|0x0000000083c00000, 0x0000000083d00000, 0x0000000083d00000|100%| O|  |TAMS 0x0000000083d00000, 0x0000000083c00000| Untracked 
|  61|0x0000000083d00000, 0x0000000083e00000, 0x0000000083e00000|100%| O|  |TAMS 0x0000000083e00000, 0x0000000083d00000| Untracked 
|  62|0x0000000083e00000, 0x0000000083f00000, 0x0000000083f00000|100%| O|  |TAMS 0x0000000083f00000, 0x0000000083e00000| Untracked 
|  63|0x0000000083f00000, 0x0000000084000000, 0x0000000084000000|100%| O|  |TAMS 0x0000000084000000, 0x0000000083f00000| Untracked 
|  64|0x0000000084000000, 0x0000000084100000, 0x0000000084100000|100%| O|  |TAMS 0x0000000084100000, 0x0000000084000000| Untracked 
|  65|0x0000000084100000, 0x0000000084200000, 0x0000000084200000|100%| O|  |TAMS 0x0000000084200000, 0x0000000084100000| Untracked 
|  66|0x0000000084200000, 0x0000000084200000, 0x0000000084300000|  0%| F|  |TAMS 0x0000000084200000, 0x0000000084200000| Untracked 
|  67|0x0000000084300000, 0x0000000084300000, 0x0000000084400000|  0%| F|  |TAMS 0x0000000084300000, 0x0000000084300000| Untracked 
|  68|0x0000000084400000, 0x0000000084500000, 0x0000000084500000|100%| O|  |TAMS 0x0000000084500000, 0x0000000084400000| Untracked 
|  69|0x0000000084500000, 0x0000000084600000, 0x0000000084600000|100%| O|  |TAMS 0x0000000084600000, 0x0000000084500000| Untracked 
|  70|0x0000000084600000, 0x0000000084700000, 0x0000000084700000|100%| O|  |TAMS 0x0000000084700000, 0x0000000084600000| Untracked 
|  71|0x0000000084700000, 0x0000000084800000, 0x0000000084800000|100%| O|  |TAMS 0x0000000084800000, 0x0000000084700000| Untracked 
|  72|0x0000000084800000, 0x0000000084900000, 0x0000000084900000|100%| O|  |TAMS 0x0000000084900000, 0x0000000084800000| Untracked 
|  73|0x0000000084900000, 0x0000000084a00000, 0x0000000084a00000|100%| O|  |TAMS 0x0000000084a00000, 0x0000000084900000| Untracked 
|  74|0x0000000084a00000, 0x0000000084b00000, 0x0000000084b00000|100%| O|  |TAMS 0x0000000084b00000, 0x0000000084a00000| Untracked 
|  75|0x0000000084b00000, 0x0000000084c00000, 0x0000000084c00000|100%| O|  |TAMS 0x0000000084c00000, 0x0000000084b00000| Untracked 
|  76|0x0000000084c00000, 0x0000000084d00000, 0x0000000084d00000|100%| O|  |TAMS 0x0000000084d00000, 0x0000000084c00000| Untracked 
|  77|0x0000000084d00000, 0x0000000084e00000, 0x0000000084e00000|100%| O|  |TAMS 0x0000000084e00000, 0x0000000084d00000| Untracked 
|  78|0x0000000084e00000, 0x0000000084f00000, 0x0000000084f00000|100%| O|  |TAMS 0x0000000084f00000, 0x0000000084e00000| Untracked 
|  79|0x0000000084f00000, 0x0000000085000000, 0x0000000085000000|100%| O|  |TAMS 0x0000000085000000, 0x0000000084f00000| Untracked 
|  80|0x0000000085000000, 0x0000000085100000, 0x0000000085100000|100%| O|  |TAMS 0x0000000085100000, 0x0000000085000000| Untracked 
|  81|0x0000000085100000, 0x0000000085200000, 0x0000000085200000|100%| O|  |TAMS 0x0000000085200000, 0x0000000085100000| Untracked 
|  82|0x0000000085200000, 0x0000000085300000, 0x0000000085300000|100%| O|  |TAMS 0x0000000085300000, 0x0000000085200000| Untracked 
|  83|0x0000000085300000, 0x0000000085400000, 0x0000000085400000|100%| O|  |TAMS 0x0000000085400000, 0x0000000085300000| Untracked 
|  84|0x0000000085400000, 0x0000000085500000, 0x0000000085500000|100%| O|  |TAMS 0x0000000085500000, 0x0000000085400000| Untracked 
|  85|0x0000000085500000, 0x0000000085600000, 0x0000000085600000|100%| O|  |TAMS 0x0000000085600000, 0x0000000085500000| Untracked 
|  86|0x0000000085600000, 0x0000000085700000, 0x0000000085700000|100%| O|  |TAMS 0x0000000085700000, 0x0000000085600000| Untracked 
|  87|0x0000000085700000, 0x0000000085800000, 0x0000000085800000|100%| O|  |TAMS 0x0000000085800000, 0x0000000085700000| Untracked 
|  88|0x0000000085800000, 0x0000000085900000, 0x0000000085900000|100%| O|  |TAMS 0x0000000085900000, 0x0000000085800000| Untracked 
|  89|0x0000000085900000, 0x0000000085a00000, 0x0000000085a00000|100%| O|  |TAMS 0x0000000085a00000, 0x0000000085900000| Untracked 
|  90|0x0000000085a00000, 0x0000000085b00000, 0x0000000085b00000|100%| O|  |TAMS 0x0000000085b00000, 0x0000000085a00000| Untracked 
|  91|0x0000000085b00000, 0x0000000085c00000, 0x0000000085c00000|100%| O|  |TAMS 0x0000000085c00000, 0x0000000085b00000| Untracked 
|  92|0x0000000085c00000, 0x0000000085d00000, 0x0000000085d00000|100%| O|  |TAMS 0x0000000085d00000, 0x0000000085c00000| Untracked 
|  93|0x0000000085d00000, 0x0000000085e00000, 0x0000000085e00000|100%| O|  |TAMS 0x0000000085e00000, 0x0000000085d00000| Untracked 
|  94|0x0000000085e00000, 0x0000000085f00000, 0x0000000085f00000|100%| O|  |TAMS 0x0000000085e29c00, 0x0000000085e00000| Untracked 
|  95|0x0000000085f00000, 0x0000000086000000, 0x0000000086000000|100%| O|  |TAMS 0x0000000085f00000, 0x0000000085f00000| Untracked 
|  96|0x0000000086000000, 0x0000000086100000, 0x0000000086100000|100%| O|  |TAMS 0x0000000086000000, 0x0000000086000000| Untracked 
|  97|0x0000000086100000, 0x0000000086200000, 0x0000000086200000|100%| O|  |TAMS 0x0000000086100000, 0x0000000086100000| Untracked 
|  98|0x0000000086200000, 0x0000000086300000, 0x0000000086300000|100%| O|  |TAMS 0x0000000086200000, 0x0000000086200000| Untracked 
|  99|0x0000000086300000, 0x0000000086400000, 0x0000000086400000|100%| O|  |TAMS 0x0000000086300000, 0x0000000086300000| Untracked 
| 100|0x0000000086400000, 0x0000000086500000, 0x0000000086500000|100%| O|  |TAMS 0x0000000086400000, 0x0000000086400000| Untracked 
| 101|0x0000000086500000, 0x0000000086600000, 0x0000000086600000|100%| O|  |TAMS 0x0000000086500000, 0x0000000086500000| Untracked 
| 102|0x0000000086600000, 0x0000000086700000, 0x0000000086700000|100%| O|  |TAMS 0x0000000086600000, 0x0000000086600000| Untracked 
| 103|0x0000000086700000, 0x0000000086800000, 0x0000000086800000|100%| O|  |TAMS 0x0000000086700000, 0x0000000086700000| Untracked 
| 104|0x0000000086800000, 0x0000000086900000, 0x0000000086900000|100%| O|  |TAMS 0x0000000086800000, 0x0000000086800000| Untracked 
| 105|0x0000000086900000, 0x00000000869ea800, 0x0000000086a00000| 91%| O|  |TAMS 0x0000000086900000, 0x0000000086900000| Untracked 
| 106|0x0000000086a00000, 0x0000000086a00000, 0x0000000086b00000|  0%| F|  |TAMS 0x0000000086a00000, 0x0000000086a00000| Untracked 
| 107|0x0000000086b00000, 0x0000000086b00000, 0x0000000086c00000|  0%| F|  |TAMS 0x0000000086b00000, 0x0000000086b00000| Untracked 
| 108|0x0000000086c00000, 0x0000000086c00000, 0x0000000086d00000|  0%| F|  |TAMS 0x0000000086c00000, 0x0000000086c00000| Untracked 
| 109|0x0000000086d00000, 0x0000000086d00000, 0x0000000086e00000|  0%| F|  |TAMS 0x0000000086d00000, 0x0000000086d00000| Untracked 
| 110|0x0000000086e00000, 0x0000000086e00000, 0x0000000086f00000|  0%| F|  |TAMS 0x0000000086e00000, 0x0000000086e00000| Untracked 
| 111|0x0000000086f00000, 0x0000000086f00000, 0x0000000087000000|  0%| F|  |TAMS 0x0000000086f00000, 0x0000000086f00000| Untracked 
| 112|0x0000000087000000, 0x0000000087000000, 0x0000000087100000|  0%| F|  |TAMS 0x0000000087000000, 0x0000000087000000| Untracked 
| 113|0x0000000087100000, 0x0000000087100000, 0x0000000087200000|  0%| F|  |TAMS 0x0000000087100000, 0x0000000087100000| Untracked 
| 114|0x0000000087200000, 0x0000000087200000, 0x0000000087300000|  0%| F|  |TAMS 0x0000000087200000, 0x0000000087200000| Untracked 
| 115|0x0000000087300000, 0x0000000087300000, 0x0000000087400000|  0%| F|  |TAMS 0x0000000087300000, 0x0000000087300000| Untracked 
| 116|0x0000000087400000, 0x0000000087400000, 0x0000000087500000|  0%| F|  |TAMS 0x0000000087400000, 0x0000000087400000| Untracked 
| 117|0x0000000087500000, 0x0000000087500000, 0x0000000087600000|  0%| F|  |TAMS 0x0000000087500000, 0x0000000087500000| Untracked 
| 118|0x0000000087600000, 0x0000000087600000, 0x0000000087700000|  0%| F|  |TAMS 0x0000000087600000, 0x0000000087600000| Untracked 
| 119|0x0000000087700000, 0x0000000087700000, 0x0000000087800000|  0%| F|  |TAMS 0x0000000087700000, 0x0000000087700000| Untracked 
| 120|0x0000000087800000, 0x0000000087800000, 0x0000000087900000|  0%| F|  |TAMS 0x0000000087800000, 0x0000000087800000| Untracked 
| 121|0x0000000087900000, 0x0000000087900000, 0x0000000087a00000|  0%| F|  |TAMS 0x0000000087900000, 0x0000000087900000| Untracked 
| 122|0x0000000087a00000, 0x0000000087a00000, 0x0000000087b00000|  0%| F|  |TAMS 0x0000000087a00000, 0x0000000087a00000| Untracked 
| 123|0x0000000087b00000, 0x0000000087b00000, 0x0000000087c00000|  0%| F|  |TAMS 0x0000000087b00000, 0x0000000087b00000| Untracked 
| 124|0x0000000087c00000, 0x0000000087c00000, 0x0000000087d00000|  0%| F|  |TAMS 0x0000000087c00000, 0x0000000087c00000| Untracked 
| 125|0x0000000087d00000, 0x0000000087d00000, 0x0000000087e00000|  0%| F|  |TAMS 0x0000000087d00000, 0x0000000087d00000| Untracked 
| 126|0x0000000087e00000, 0x0000000087e00000, 0x0000000087f00000|  0%| F|  |TAMS 0x0000000087e00000, 0x0000000087e00000| Untracked 
| 127|0x0000000087f00000, 0x0000000087f00000, 0x0000000088000000|  0%| F|  |TAMS 0x0000000087f00000, 0x0000000087f00000| Untracked 
| 128|0x0000000088000000, 0x0000000088000000, 0x0000000088100000|  0%| F|  |TAMS 0x0000000088000000, 0x0000000088000000| Untracked 
| 129|0x0000000088100000, 0x0000000088100000, 0x0000000088200000|  0%| F|  |TAMS 0x0000000088100000, 0x0000000088100000| Untracked 
| 130|0x0000000088200000, 0x0000000088200000, 0x0000000088300000|  0%| F|  |TAMS 0x0000000088200000, 0x0000000088200000| Untracked 
| 131|0x0000000088300000, 0x0000000088300000, 0x0000000088400000|  0%| F|  |TAMS 0x0000000088300000, 0x0000000088300000| Untracked 
| 132|0x0000000088400000, 0x0000000088400000, 0x0000000088500000|  0%| F|  |TAMS 0x0000000088400000, 0x0000000088400000| Untracked 
| 133|0x0000000088500000, 0x0000000088500000, 0x0000000088600000|  0%| F|  |TAMS 0x0000000088500000, 0x0000000088500000| Untracked 
| 134|0x0000000088600000, 0x0000000088600000, 0x0000000088700000|  0%| F|  |TAMS 0x0000000088600000, 0x0000000088600000| Untracked 
| 135|0x0000000088700000, 0x0000000088700000, 0x0000000088800000|  0%| F|  |TAMS 0x0000000088700000, 0x0000000088700000| Untracked 
| 136|0x0000000088800000, 0x0000000088800000, 0x0000000088900000|  0%| F|  |TAMS 0x0000000088800000, 0x0000000088800000| Untracked 
| 137|0x0000000088900000, 0x0000000088900000, 0x0000000088a00000|  0%| F|  |TAMS 0x0000000088900000, 0x0000000088900000| Untracked 
| 138|0x0000000088a00000, 0x0000000088a00000, 0x0000000088b00000|  0%| F|  |TAMS 0x0000000088a00000, 0x0000000088a00000| Untracked 
| 139|0x0000000088b00000, 0x0000000088b00000, 0x0000000088c00000|  0%| F|  |TAMS 0x0000000088b00000, 0x0000000088b00000| Untracked 
| 140|0x0000000088c00000, 0x0000000088c00000, 0x0000000088d00000|  0%| F|  |TAMS 0x0000000088c00000, 0x0000000088c00000| Untracked 
| 141|0x0000000088d00000, 0x0000000088d00000, 0x0000000088e00000|  0%| F|  |TAMS 0x0000000088d00000, 0x0000000088d00000| Untracked 
| 142|0x0000000088e00000, 0x0000000088e00000, 0x0000000088f00000|  0%| F|  |TAMS 0x0000000088e00000, 0x0000000088e00000| Untracked 
| 143|0x0000000088f00000, 0x0000000088fd5f60, 0x0000000089000000| 83%| S|CS|TAMS 0x0000000088f00000, 0x0000000088f00000| Complete 
| 144|0x0000000089000000, 0x0000000089100000, 0x0000000089100000|100%| S|CS|TAMS 0x0000000089000000, 0x0000000089000000| Complete 
| 145|0x0000000089100000, 0x0000000089200000, 0x0000000089200000|100%| S|CS|TAMS 0x0000000089100000, 0x0000000089100000| Complete 
| 146|0x0000000089200000, 0x0000000089300000, 0x0000000089300000|100%| S|CS|TAMS 0x0000000089200000, 0x0000000089200000| Complete 
| 147|0x0000000089300000, 0x0000000089400000, 0x0000000089400000|100%| S|CS|TAMS 0x0000000089300000, 0x0000000089300000| Complete 
| 148|0x0000000089400000, 0x0000000089500000, 0x0000000089500000|100%| S|CS|TAMS 0x0000000089400000, 0x0000000089400000| Complete 
| 149|0x0000000089500000, 0x0000000089600000, 0x0000000089600000|100%| S|CS|TAMS 0x0000000089500000, 0x0000000089500000| Complete 
| 150|0x0000000089600000, 0x0000000089700000, 0x0000000089700000|100%| S|CS|TAMS 0x0000000089600000, 0x0000000089600000| Complete 
| 151|0x0000000089700000, 0x0000000089800000, 0x0000000089800000|100%| S|CS|TAMS 0x0000000089700000, 0x0000000089700000| Complete 
| 152|0x0000000089800000, 0x0000000089900000, 0x0000000089900000|100%| S|CS|TAMS 0x0000000089800000, 0x0000000089800000| Complete 
| 153|0x0000000089900000, 0x0000000089a00000, 0x0000000089a00000|100%| S|CS|TAMS 0x0000000089900000, 0x0000000089900000| Complete 
| 154|0x0000000089a00000, 0x0000000089b00000, 0x0000000089b00000|100%| S|CS|TAMS 0x0000000089a00000, 0x0000000089a00000| Complete 
| 155|0x0000000089b00000, 0x0000000089c00000, 0x0000000089c00000|100%| S|CS|TAMS 0x0000000089b00000, 0x0000000089b00000| Complete 
| 156|0x0000000089c00000, 0x0000000089c00000, 0x0000000089d00000|  0%| F|  |TAMS 0x0000000089c00000, 0x0000000089c00000| Untracked 
| 157|0x0000000089d00000, 0x0000000089d00000, 0x0000000089e00000|  0%| F|  |TAMS 0x0000000089d00000, 0x0000000089d00000| Untracked 
| 158|0x0000000089e00000, 0x0000000089e00000, 0x0000000089f00000|  0%| F|  |TAMS 0x0000000089e00000, 0x0000000089e00000| Untracked 
| 159|0x0000000089f00000, 0x0000000089f00000, 0x000000008a000000|  0%| F|  |TAMS 0x0000000089f00000, 0x0000000089f00000| Untracked 
| 160|0x000000008a000000, 0x000000008a000000, 0x000000008a100000|  0%| F|  |TAMS 0x000000008a000000, 0x000000008a000000| Untracked 
| 161|0x000000008a100000, 0x000000008a100000, 0x000000008a200000|  0%| F|  |TAMS 0x000000008a100000, 0x000000008a100000| Untracked 
| 162|0x000000008a200000, 0x000000008a200000, 0x000000008a300000|  0%| F|  |TAMS 0x000000008a200000, 0x000000008a200000| Untracked 
| 163|0x000000008a300000, 0x000000008a300000, 0x000000008a400000|  0%| F|  |TAMS 0x000000008a300000, 0x000000008a300000| Untracked 
| 164|0x000000008a400000, 0x000000008a400000, 0x000000008a500000|  0%| F|  |TAMS 0x000000008a400000, 0x000000008a400000| Untracked 
| 165|0x000000008a500000, 0x000000008a500000, 0x000000008a600000|  0%| F|  |TAMS 0x000000008a500000, 0x000000008a500000| Untracked 
| 166|0x000000008a600000, 0x000000008a600000, 0x000000008a700000|  0%| F|  |TAMS 0x000000008a600000, 0x000000008a600000| Untracked 
| 167|0x000000008a700000, 0x000000008a700000, 0x000000008a800000|  0%| F|  |TAMS 0x000000008a700000, 0x000000008a700000| Untracked 
| 168|0x000000008a800000, 0x000000008a800000, 0x000000008a900000|  0%| F|  |TAMS 0x000000008a800000, 0x000000008a800000| Untracked 
| 169|0x000000008a900000, 0x000000008a900000, 0x000000008aa00000|  0%| F|  |TAMS 0x000000008a900000, 0x000000008a900000| Untracked 
| 170|0x000000008aa00000, 0x000000008aa00000, 0x000000008ab00000|  0%| F|  |TAMS 0x000000008aa00000, 0x000000008aa00000| Untracked 
| 171|0x000000008ab00000, 0x000000008ab00000, 0x000000008ac00000|  0%| F|  |TAMS 0x000000008ab00000, 0x000000008ab00000| Untracked 
| 172|0x000000008ac00000, 0x000000008ac00000, 0x000000008ad00000|  0%| F|  |TAMS 0x000000008ac00000, 0x000000008ac00000| Untracked 
| 173|0x000000008ad00000, 0x000000008ad00000, 0x000000008ae00000|  0%| F|  |TAMS 0x000000008ad00000, 0x000000008ad00000| Untracked 
| 174|0x000000008ae00000, 0x000000008ae00000, 0x000000008af00000|  0%| F|  |TAMS 0x000000008ae00000, 0x000000008ae00000| Untracked 
| 175|0x000000008af00000, 0x000000008af00000, 0x000000008b000000|  0%| F|  |TAMS 0x000000008af00000, 0x000000008af00000| Untracked 
| 176|0x000000008b000000, 0x000000008b000000, 0x000000008b100000|  0%| F|  |TAMS 0x000000008b000000, 0x000000008b000000| Untracked 
| 177|0x000000008b100000, 0x000000008b100000, 0x000000008b200000|  0%| F|  |TAMS 0x000000008b100000, 0x000000008b100000| Untracked 
| 178|0x000000008b200000, 0x000000008b200000, 0x000000008b300000|  0%| F|  |TAMS 0x000000008b200000, 0x000000008b200000| Untracked 
| 179|0x000000008b300000, 0x000000008b300000, 0x000000008b400000|  0%| F|  |TAMS 0x000000008b300000, 0x000000008b300000| Untracked 
| 180|0x000000008b400000, 0x000000008b400000, 0x000000008b500000|  0%| F|  |TAMS 0x000000008b400000, 0x000000008b400000| Untracked 
| 181|0x000000008b500000, 0x000000008b500000, 0x000000008b600000|  0%| F|  |TAMS 0x000000008b500000, 0x000000008b500000| Untracked 
| 182|0x000000008b600000, 0x000000008b600000, 0x000000008b700000|  0%| F|  |TAMS 0x000000008b600000, 0x000000008b600000| Untracked 
| 183|0x000000008b700000, 0x000000008b700000, 0x000000008b800000|  0%| F|  |TAMS 0x000000008b700000, 0x000000008b700000| Untracked 
| 184|0x000000008b800000, 0x000000008b800000, 0x000000008b900000|  0%| F|  |TAMS 0x000000008b800000, 0x000000008b800000| Untracked 
| 185|0x000000008b900000, 0x000000008b900000, 0x000000008ba00000|  0%| F|  |TAMS 0x000000008b900000, 0x000000008b900000| Untracked 
| 186|0x000000008ba00000, 0x000000008ba00000, 0x000000008bb00000|  0%| F|  |TAMS 0x000000008ba00000, 0x000000008ba00000| Untracked 
| 187|0x000000008bb00000, 0x000000008bb00000, 0x000000008bc00000|  0%| F|  |TAMS 0x000000008bb00000, 0x000000008bb00000| Untracked 
| 188|0x000000008bc00000, 0x000000008bc00000, 0x000000008bd00000|  0%| F|  |TAMS 0x000000008bc00000, 0x000000008bc00000| Untracked 
| 189|0x000000008bd00000, 0x000000008bd00000, 0x000000008be00000|  0%| F|  |TAMS 0x000000008bd00000, 0x000000008bd00000| Untracked 
| 190|0x000000008be00000, 0x000000008be00000, 0x000000008bf00000|  0%| F|  |TAMS 0x000000008be00000, 0x000000008be00000| Untracked 
| 191|0x000000008bf00000, 0x000000008bf00000, 0x000000008c000000|  0%| F|  |TAMS 0x000000008bf00000, 0x000000008bf00000| Untracked 
| 192|0x000000008c000000, 0x000000008c000000, 0x000000008c100000|  0%| F|  |TAMS 0x000000008c000000, 0x000000008c000000| Untracked 
| 193|0x000000008c100000, 0x000000008c100000, 0x000000008c200000|  0%| F|  |TAMS 0x000000008c100000, 0x000000008c100000| Untracked 
| 194|0x000000008c200000, 0x000000008c200000, 0x000000008c300000|  0%| F|  |TAMS 0x000000008c200000, 0x000000008c200000| Untracked 
| 195|0x000000008c300000, 0x000000008c300000, 0x000000008c400000|  0%| F|  |TAMS 0x000000008c300000, 0x000000008c300000| Untracked 
| 196|0x000000008c400000, 0x000000008c400000, 0x000000008c500000|  0%| F|  |TAMS 0x000000008c400000, 0x000000008c400000| Untracked 
| 197|0x000000008c500000, 0x000000008c500000, 0x000000008c600000|  0%| F|  |TAMS 0x000000008c500000, 0x000000008c500000| Untracked 
| 198|0x000000008c600000, 0x000000008c600000, 0x000000008c700000|  0%| F|  |TAMS 0x000000008c600000, 0x000000008c600000| Untracked 
| 199|0x000000008c700000, 0x000000008c700000, 0x000000008c800000|  0%| F|  |TAMS 0x000000008c700000, 0x000000008c700000| Untracked 
| 200|0x000000008c800000, 0x000000008c800000, 0x000000008c900000|  0%| F|  |TAMS 0x000000008c800000, 0x000000008c800000| Untracked 
| 201|0x000000008c900000, 0x000000008c900000, 0x000000008ca00000|  0%| F|  |TAMS 0x000000008c900000, 0x000000008c900000| Untracked 
| 202|0x000000008ca00000, 0x000000008ca00000, 0x000000008cb00000|  0%| F|  |TAMS 0x000000008ca00000, 0x000000008ca00000| Untracked 
| 203|0x000000008cb00000, 0x000000008cb00000, 0x000000008cc00000|  0%| F|  |TAMS 0x000000008cb00000, 0x000000008cb00000| Untracked 
| 204|0x000000008cc00000, 0x000000008cc00000, 0x000000008cd00000|  0%| F|  |TAMS 0x000000008cc00000, 0x000000008cc00000| Untracked 
| 205|0x000000008cd00000, 0x000000008cd00000, 0x000000008ce00000|  0%| F|  |TAMS 0x000000008cd00000, 0x000000008cd00000| Untracked 
| 206|0x000000008ce00000, 0x000000008ce00000, 0x000000008cf00000|  0%| F|  |TAMS 0x000000008ce00000, 0x000000008ce00000| Untracked 
| 207|0x000000008cf00000, 0x000000008cf00000, 0x000000008d000000|  0%| F|  |TAMS 0x000000008cf00000, 0x000000008cf00000| Untracked 
| 208|0x000000008d000000, 0x000000008d000000, 0x000000008d100000|  0%| F|  |TAMS 0x000000008d000000, 0x000000008d000000| Untracked 
| 209|0x000000008d100000, 0x000000008d100000, 0x000000008d200000|  0%| F|  |TAMS 0x000000008d100000, 0x000000008d100000| Untracked 
| 210|0x000000008d200000, 0x000000008d200000, 0x000000008d300000|  0%| F|  |TAMS 0x000000008d200000, 0x000000008d200000| Untracked 
| 211|0x000000008d300000, 0x000000008d300000, 0x000000008d400000|  0%| F|  |TAMS 0x000000008d300000, 0x000000008d300000| Untracked 
| 212|0x000000008d400000, 0x000000008d400000, 0x000000008d500000|  0%| F|  |TAMS 0x000000008d400000, 0x000000008d400000| Untracked 
| 213|0x000000008d500000, 0x000000008d500000, 0x000000008d600000|  0%| F|  |TAMS 0x000000008d500000, 0x000000008d500000| Untracked 
| 214|0x000000008d600000, 0x000000008d600000, 0x000000008d700000|  0%| F|  |TAMS 0x000000008d600000, 0x000000008d600000| Untracked 
| 215|0x000000008d700000, 0x000000008d700000, 0x000000008d800000|  0%| F|  |TAMS 0x000000008d700000, 0x000000008d700000| Untracked 
| 216|0x000000008d800000, 0x000000008d800000, 0x000000008d900000|  0%| F|  |TAMS 0x000000008d800000, 0x000000008d800000| Untracked 
| 217|0x000000008d900000, 0x000000008d900000, 0x000000008da00000|  0%| F|  |TAMS 0x000000008d900000, 0x000000008d900000| Untracked 
| 218|0x000000008da00000, 0x000000008da00000, 0x000000008db00000|  0%| F|  |TAMS 0x000000008da00000, 0x000000008da00000| Untracked 
| 219|0x000000008db00000, 0x000000008db00000, 0x000000008dc00000|  0%| F|  |TAMS 0x000000008db00000, 0x000000008db00000| Untracked 
| 220|0x000000008dc00000, 0x000000008dc00000, 0x000000008dd00000|  0%| F|  |TAMS 0x000000008dc00000, 0x000000008dc00000| Untracked 
| 221|0x000000008dd00000, 0x000000008dd00000, 0x000000008de00000|  0%| F|  |TAMS 0x000000008dd00000, 0x000000008dd00000| Untracked 
| 222|0x000000008de00000, 0x000000008de00000, 0x000000008df00000|  0%| F|  |TAMS 0x000000008de00000, 0x000000008de00000| Untracked 
| 223|0x000000008df00000, 0x000000008df00000, 0x000000008e000000|  0%| F|  |TAMS 0x000000008df00000, 0x000000008df00000| Untracked 
| 224|0x000000008e000000, 0x000000008e000000, 0x000000008e100000|  0%| F|  |TAMS 0x000000008e000000, 0x000000008e000000| Untracked 
| 225|0x000000008e100000, 0x000000008e100000, 0x000000008e200000|  0%| F|  |TAMS 0x000000008e100000, 0x000000008e100000| Untracked 
| 226|0x000000008e200000, 0x000000008e200000, 0x000000008e300000|  0%| F|  |TAMS 0x000000008e200000, 0x000000008e200000| Untracked 
| 227|0x000000008e300000, 0x000000008e300000, 0x000000008e400000|  0%| F|  |TAMS 0x000000008e300000, 0x000000008e300000| Untracked 
| 228|0x000000008e400000, 0x000000008e400000, 0x000000008e500000|  0%| F|  |TAMS 0x000000008e400000, 0x000000008e400000| Untracked 
| 229|0x000000008e500000, 0x000000008e500000, 0x000000008e600000|  0%| F|  |TAMS 0x000000008e500000, 0x000000008e500000| Untracked 
| 230|0x000000008e600000, 0x000000008e600000, 0x000000008e700000|  0%| F|  |TAMS 0x000000008e600000, 0x000000008e600000| Untracked 
| 231|0x000000008e700000, 0x000000008e700000, 0x000000008e800000|  0%| F|  |TAMS 0x000000008e700000, 0x000000008e700000| Untracked 
| 232|0x000000008e800000, 0x000000008e800000, 0x000000008e900000|  0%| F|  |TAMS 0x000000008e800000, 0x000000008e800000| Untracked 
| 233|0x000000008e900000, 0x000000008e900000, 0x000000008ea00000|  0%| F|  |TAMS 0x000000008e900000, 0x000000008e900000| Untracked 
| 234|0x000000008ea00000, 0x000000008ea00000, 0x000000008eb00000|  0%| F|  |TAMS 0x000000008ea00000, 0x000000008ea00000| Untracked 
| 235|0x000000008eb00000, 0x000000008eb00000, 0x000000008ec00000|  0%| F|  |TAMS 0x000000008eb00000, 0x000000008eb00000| Untracked 
| 236|0x000000008ec00000, 0x000000008ec00000, 0x000000008ed00000|  0%| F|  |TAMS 0x000000008ec00000, 0x000000008ec00000| Untracked 
| 237|0x000000008ed00000, 0x000000008ed00000, 0x000000008ee00000|  0%| F|  |TAMS 0x000000008ed00000, 0x000000008ed00000| Untracked 
| 238|0x000000008ee00000, 0x000000008ee00000, 0x000000008ef00000|  0%| F|  |TAMS 0x000000008ee00000, 0x000000008ee00000| Untracked 
| 239|0x000000008ef00000, 0x000000008ef00000, 0x000000008f000000|  0%| F|  |TAMS 0x000000008ef00000, 0x000000008ef00000| Untracked 
| 240|0x000000008f000000, 0x000000008f000000, 0x000000008f100000|  0%| F|  |TAMS 0x000000008f000000, 0x000000008f000000| Untracked 
| 241|0x000000008f100000, 0x000000008f100000, 0x000000008f200000|  0%| F|  |TAMS 0x000000008f100000, 0x000000008f100000| Untracked 
| 242|0x000000008f200000, 0x000000008f200000, 0x000000008f300000|  0%| F|  |TAMS 0x000000008f200000, 0x000000008f200000| Untracked 
| 243|0x000000008f300000, 0x000000008f300000, 0x000000008f400000|  0%| F|  |TAMS 0x000000008f300000, 0x000000008f300000| Untracked 
| 244|0x000000008f400000, 0x000000008f400000, 0x000000008f500000|  0%| F|  |TAMS 0x000000008f400000, 0x000000008f400000| Untracked 
| 245|0x000000008f500000, 0x000000008f500000, 0x000000008f600000|  0%| F|  |TAMS 0x000000008f500000, 0x000000008f500000| Untracked 
| 246|0x000000008f600000, 0x000000008f600000, 0x000000008f700000|  0%| F|  |TAMS 0x000000008f600000, 0x000000008f600000| Untracked 
| 247|0x000000008f700000, 0x000000008f700000, 0x000000008f800000|  0%| F|  |TAMS 0x000000008f700000, 0x000000008f700000| Untracked 
| 248|0x000000008f800000, 0x000000008f800000, 0x000000008f900000|  0%| F|  |TAMS 0x000000008f800000, 0x000000008f800000| Untracked 
| 249|0x000000008f900000, 0x000000008f900000, 0x000000008fa00000|  0%| F|  |TAMS 0x000000008f900000, 0x000000008f900000| Untracked 
| 250|0x000000008fa00000, 0x000000008fa00000, 0x000000008fb00000|  0%| F|  |TAMS 0x000000008fa00000, 0x000000008fa00000| Untracked 
| 251|0x000000008fb00000, 0x000000008fb00000, 0x000000008fc00000|  0%| F|  |TAMS 0x000000008fb00000, 0x000000008fb00000| Untracked 
| 252|0x000000008fc00000, 0x000000008fc00000, 0x000000008fd00000|  0%| F|  |TAMS 0x000000008fc00000, 0x000000008fc00000| Untracked 
| 253|0x000000008fd00000, 0x000000008fd00000, 0x000000008fe00000|  0%| F|  |TAMS 0x000000008fd00000, 0x000000008fd00000| Untracked 
| 254|0x000000008fe00000, 0x000000008fe00000, 0x000000008ff00000|  0%| F|  |TAMS 0x000000008fe00000, 0x000000008fe00000| Untracked 
| 255|0x000000008ff00000, 0x000000008ff00000, 0x0000000090000000|  0%| F|  |TAMS 0x000000008ff00000, 0x000000008ff00000| Untracked 
| 256|0x0000000090000000, 0x0000000090000000, 0x0000000090100000|  0%| F|  |TAMS 0x0000000090000000, 0x0000000090000000| Untracked 
| 257|0x0000000090100000, 0x0000000090100000, 0x0000000090200000|  0%| F|  |TAMS 0x0000000090100000, 0x0000000090100000| Untracked 
| 258|0x0000000090200000, 0x00000000902e0c60, 0x0000000090300000| 87%| E|  |TAMS 0x0000000090200000, 0x0000000090200000| Complete 
| 259|0x0000000090300000, 0x0000000090400000, 0x0000000090400000|100%| E|CS|TAMS 0x0000000090300000, 0x0000000090300000| Complete 
| 260|0x0000000090400000, 0x0000000090500000, 0x0000000090500000|100%| E|CS|TAMS 0x0000000090400000, 0x0000000090400000| Complete 
| 261|0x0000000090500000, 0x0000000090600000, 0x0000000090600000|100%| E|CS|TAMS 0x0000000090500000, 0x0000000090500000| Complete 
| 262|0x0000000090600000, 0x0000000090700000, 0x0000000090700000|100%| E|CS|TAMS 0x0000000090600000, 0x0000000090600000| Complete 
| 263|0x0000000090700000, 0x0000000090800000, 0x0000000090800000|100%| E|CS|TAMS 0x0000000090700000, 0x0000000090700000| Complete 
| 264|0x0000000090800000, 0x0000000090900000, 0x0000000090900000|100%| E|  |TAMS 0x0000000090800000, 0x0000000090800000| Complete 
| 265|0x0000000090900000, 0x0000000090a00000, 0x0000000090a00000|100%| E|CS|TAMS 0x0000000090900000, 0x0000000090900000| Complete 
| 266|0x0000000090a00000, 0x0000000090b00000, 0x0000000090b00000|100%| E|CS|TAMS 0x0000000090a00000, 0x0000000090a00000| Complete 
| 267|0x0000000090b00000, 0x0000000090c00000, 0x0000000090c00000|100%| E|CS|TAMS 0x0000000090b00000, 0x0000000090b00000| Complete 
| 268|0x0000000090c00000, 0x0000000090d00000, 0x0000000090d00000|100%| E|CS|TAMS 0x0000000090c00000, 0x0000000090c00000| Complete 
| 269|0x0000000090d00000, 0x0000000090e00000, 0x0000000090e00000|100%| E|CS|TAMS 0x0000000090d00000, 0x0000000090d00000| Complete 
| 270|0x0000000090e00000, 0x0000000090f00000, 0x0000000090f00000|100%| E|CS|TAMS 0x0000000090e00000, 0x0000000090e00000| Complete 
| 271|0x0000000090f00000, 0x0000000091000000, 0x0000000091000000|100%| E|CS|TAMS 0x0000000090f00000, 0x0000000090f00000| Complete 
| 272|0x0000000091000000, 0x0000000091100000, 0x0000000091100000|100%| E|CS|TAMS 0x0000000091000000, 0x0000000091000000| Complete 
| 273|0x0000000091100000, 0x0000000091200000, 0x0000000091200000|100%| E|CS|TAMS 0x0000000091100000, 0x0000000091100000| Complete 
| 274|0x0000000091200000, 0x0000000091300000, 0x0000000091300000|100%| E|CS|TAMS 0x0000000091200000, 0x0000000091200000| Complete 
| 275|0x0000000091300000, 0x0000000091400000, 0x0000000091400000|100%| E|CS|TAMS 0x0000000091300000, 0x0000000091300000| Complete 
| 276|0x0000000091400000, 0x0000000091500000, 0x0000000091500000|100%| E|CS|TAMS 0x0000000091400000, 0x0000000091400000| Complete 
| 277|0x0000000091500000, 0x0000000091600000, 0x0000000091600000|100%| E|CS|TAMS 0x0000000091500000, 0x0000000091500000| Complete 
| 278|0x0000000091600000, 0x0000000091700000, 0x0000000091700000|100%| E|CS|TAMS 0x0000000091600000, 0x0000000091600000| Complete 
| 279|0x0000000091700000, 0x0000000091800000, 0x0000000091800000|100%| E|CS|TAMS 0x0000000091700000, 0x0000000091700000| Complete 
| 280|0x0000000091800000, 0x0000000091900000, 0x0000000091900000|100%| E|CS|TAMS 0x0000000091800000, 0x0000000091800000| Complete 
| 281|0x0000000091900000, 0x0000000091a00000, 0x0000000091a00000|100%| E|CS|TAMS 0x0000000091900000, 0x0000000091900000| Complete 
| 282|0x0000000091a00000, 0x0000000091b00000, 0x0000000091b00000|100%| E|CS|TAMS 0x0000000091a00000, 0x0000000091a00000| Complete 
| 283|0x0000000091b00000, 0x0000000091c00000, 0x0000000091c00000|100%| E|CS|TAMS 0x0000000091b00000, 0x0000000091b00000| Complete 
| 284|0x0000000091c00000, 0x0000000091d00000, 0x0000000091d00000|100%| E|CS|TAMS 0x0000000091c00000, 0x0000000091c00000| Complete 
| 285|0x0000000091d00000, 0x0000000091e00000, 0x0000000091e00000|100%| E|CS|TAMS 0x0000000091d00000, 0x0000000091d00000| Complete 
| 286|0x0000000091e00000, 0x0000000091f00000, 0x0000000091f00000|100%| E|CS|TAMS 0x0000000091e00000, 0x0000000091e00000| Complete 
| 287|0x0000000091f00000, 0x0000000092000000, 0x0000000092000000|100%| E|CS|TAMS 0x0000000091f00000, 0x0000000091f00000| Complete 
| 288|0x0000000092000000, 0x0000000092100000, 0x0000000092100000|100%| E|CS|TAMS 0x0000000092000000, 0x0000000092000000| Complete 
| 289|0x0000000092100000, 0x0000000092200000, 0x0000000092200000|100%| E|CS|TAMS 0x0000000092100000, 0x0000000092100000| Complete 
| 290|0x0000000092200000, 0x0000000092300000, 0x0000000092300000|100%| E|CS|TAMS 0x0000000092200000, 0x0000000092200000| Complete 
| 291|0x0000000092300000, 0x0000000092400000, 0x0000000092400000|100%| E|CS|TAMS 0x0000000092300000, 0x0000000092300000| Complete 
| 292|0x0000000092400000, 0x0000000092500000, 0x0000000092500000|100%| E|CS|TAMS 0x0000000092400000, 0x0000000092400000| Complete 
| 293|0x0000000092500000, 0x0000000092600000, 0x0000000092600000|100%| E|CS|TAMS 0x0000000092500000, 0x0000000092500000| Complete 
| 294|0x0000000092600000, 0x0000000092700000, 0x0000000092700000|100%| E|CS|TAMS 0x0000000092600000, 0x0000000092600000| Complete 
| 295|0x0000000092700000, 0x0000000092800000, 0x0000000092800000|100%| E|CS|TAMS 0x0000000092700000, 0x0000000092700000| Complete 
| 296|0x0000000092800000, 0x0000000092900000, 0x0000000092900000|100%| E|CS|TAMS 0x0000000092800000, 0x0000000092800000| Complete 
| 297|0x0000000092900000, 0x0000000092a00000, 0x0000000092a00000|100%| E|CS|TAMS 0x0000000092900000, 0x0000000092900000| Complete 
| 298|0x0000000092a00000, 0x0000000092b00000, 0x0000000092b00000|100%| E|CS|TAMS 0x0000000092a00000, 0x0000000092a00000| Complete 
| 299|0x0000000092b00000, 0x0000000092c00000, 0x0000000092c00000|100%| E|CS|TAMS 0x0000000092b00000, 0x0000000092b00000| Complete 
| 300|0x0000000092c00000, 0x0000000092d00000, 0x0000000092d00000|100%| E|CS|TAMS 0x0000000092c00000, 0x0000000092c00000| Complete 
| 301|0x0000000092d00000, 0x0000000092e00000, 0x0000000092e00000|100%| E|CS|TAMS 0x0000000092d00000, 0x0000000092d00000| Complete 
| 302|0x0000000092e00000, 0x0000000092f00000, 0x0000000092f00000|100%| E|CS|TAMS 0x0000000092e00000, 0x0000000092e00000| Complete 
| 303|0x0000000092f00000, 0x0000000093000000, 0x0000000093000000|100%| E|CS|TAMS 0x0000000092f00000, 0x0000000092f00000| Complete 
| 304|0x0000000093000000, 0x0000000093100000, 0x0000000093100000|100%| E|CS|TAMS 0x0000000093000000, 0x0000000093000000| Complete 
| 305|0x0000000093100000, 0x0000000093200000, 0x0000000093200000|100%| E|CS|TAMS 0x0000000093100000, 0x0000000093100000| Complete 
| 306|0x0000000093200000, 0x0000000093300000, 0x0000000093300000|100%| E|CS|TAMS 0x0000000093200000, 0x0000000093200000| Complete 
| 307|0x0000000093300000, 0x0000000093400000, 0x0000000093400000|100%| E|CS|TAMS 0x0000000093300000, 0x0000000093300000| Complete 
| 308|0x0000000093400000, 0x0000000093500000, 0x0000000093500000|100%| E|CS|TAMS 0x0000000093400000, 0x0000000093400000| Complete 

Card table byte_map: [0x000001f82fe10000,0x000001f830210000] _byte_map_base: 0x000001f82fa10000

Marking Bits (Prev, Next): (CMBitMap*) 0x000001f81cc10738, (CMBitMap*) 0x000001f81cc10770
 Prev Bits: [0x000001f830610000, 0x000001f832610000)
 Next Bits: [0x000001f832610000, 0x000001f834610000)

Polling page: 0x000001f81c3b0000

Metaspace:

Usage:
  Non-class:     90.82 MB capacity,    89.14 MB ( 98%) used,     1.32 MB (  1%) free+waste,   359.69 KB ( <1%) overhead. 
      Class:     14.18 MB capacity,    13.13 MB ( 93%) used,   921.20 KB (  6%) free+waste,   157.94 KB (  1%) overhead. 
       Both:    105.00 MB capacity,   102.27 MB ( 97%) used,     2.22 MB (  2%) free+waste,   517.63 KB ( <1%) overhead. 

Virtual space:
  Non-class space:       92.00 MB reserved,      91.00 MB ( 99%) committed 
      Class space:        1.00 GB reserved,      14.25 MB (  1%) committed 
             Both:        1.09 GB reserved,     105.25 MB (  9%) committed 

Chunk freelists:
   Non-Class:  1.00 KB
       Class:  0 bytes
        Both:  1.00 KB

MaxMetaspaceSize: 17179869184.00 GB
CompressedClassSpaceSize: 1.00 GB
Initial GC threshold: 20.80 MB
Current GC threshold: 156.88 MB
CDS: off

CodeHeap 'non-profiled nmethods': size=120000Kb used=7569Kb max_used=7569Kb free=112430Kb
 bounds [0x000001f8281b0000, 0x000001f828920000, 0x000001f82f6e0000]
CodeHeap 'profiled nmethods': size=120000Kb used=36351Kb max_used=36351Kb free=83648Kb
 bounds [0x000001f820c80000, 0x000001f823000000, 0x000001f8281b0000]
CodeHeap 'non-nmethods': size=5760Kb used=2410Kb max_used=2455Kb free=3349Kb
 bounds [0x000001f8206e0000, 0x000001f820950000, 0x000001f820c80000]
 total_blobs=17478 nmethods=16548 adapters=840
 compilation: enabled
              stopped_count=0, restarted_count=0
 full_count=0

Compilation events (20 events):
Event: 83.302 Thread 0x000001f83704c800 16920       3       org.gradle.api.internal.attributes.DefaultCompatibilityRuleChain::doesSomething (18 bytes)
Event: 83.302 Thread 0x000001f83704c800 nmethod 16920 0x000001f822fd8310 code [0x000001f822fd84e0, 0x000001f822fd8708]
Event: 83.302 Thread 0x000001f83704c800 16921       3       org.gradle.api.internal.attributes.DefaultCompatibilityRuleChain::execute (9 bytes)
Event: 83.302 Thread 0x000001f83704c800 nmethod 16921 0x000001f822fd8810 code [0x000001f822fd89e0, 0x000001f822fd8c88]
Event: 83.339 Thread 0x000001f83704c800 16930       3       org.gradle.api.internal.artifacts.ivyservice.resolveengine.artifact.DefaultVisitedArtifactResults::select (125 bytes)
Event: 83.340 Thread 0x000001f83704c800 nmethod 16930 0x000001f822fd8d90 code [0x000001f822fd9080, 0x000001f822fda1c8]
Event: 83.340 Thread 0x000001f83704c800 16931       3       org.gradle.internal.instantiation.generator.DependencyInjectingInstantiator::verifyParameters (175 bytes)
Event: 83.343 Thread 0x000001f83704c800 nmethod 16931 0x000001f822fda790 code [0x000001f822fdab00, 0x000001f822fdbf68]
Event: 83.358 Thread 0x000001f83704c800 16932       3       org.gradle.execution.plan.ValuedVfsHierarchy$1::handleAsDescendantOfChild (10 bytes)
Event: 83.359 Thread 0x000001f83704c800 nmethod 16932 0x000001f822fdc690 code [0x000001f822fdc860, 0x000001f822fdcb08]
Event: 83.359 Thread 0x000001f83704c800 16933       3       org.gradle.execution.plan.ValuedVfsHierarchy$1::handleAsDescendantOfChild (12 bytes)
Event: 83.359 Thread 0x000001f83704c800 nmethod 16933 0x000001f822fdcc10 code [0x000001f822fdcdc0, 0x000001f822fdcf08]
Event: 83.372 Thread 0x000001f83704c800 16934       1       org.gradle.execution.plan.ValuedVfsHierarchy::getValues (5 bytes)
Event: 83.372 Thread 0x000001f83704c800 nmethod 16934 0x000001f828913210 code [0x000001f8289133c0, 0x000001f828913478]
Event: 83.374 Thread 0x000001f83704c800 16935       3       java.net.URI::decode (380 bytes)
Event: 83.385 Thread 0x000001f83704c800 nmethod 16935 0x000001f822fdd010 code [0x000001f822fdd6e0, 0x000001f822fe1718]
Event: 83.387 Thread 0x000001f83704c800 16936       3       org.gradle.api.internal.collections.DefaultCollectionEventRegister::registerLazyAddDecoratedAction (14 bytes)
Event: 83.387 Thread 0x000001f83704c800 nmethod 16936 0x000001f822fe3290 code [0x000001f822fe3440, 0x000001f822fe3668]
Event: 83.424 Thread 0x000001f83704c800 16937       1       org.gradle.internal.fingerprint.classpath.impl.ClasspathFingerprintingStrategy::normalizePath (3 bytes)
Event: 83.424 Thread 0x000001f83704c800 nmethod 16937 0x000001f828913510 code [0x000001f8289136c0, 0x000001f828913778]

GC Heap History (20 events):
Event: 23.152 GC heap before
{Heap before GC invocations=50 (full 0):
 garbage-first heap   total 263168K, used 178004K [0x0000000080000000, 0x0000000100000000)
  region size 1024K, 75 young (76800K), 6 survivors (6144K)
 Metaspace       used 99125K, capacity 101590K, committed 101632K, reserved 1136640K
  class space    used 12857K, capacity 13785K, committed 13824K, reserved 1048576K
}
Event: 23.164 GC heap after
{Heap after GC invocations=51 (full 0):
 garbage-first heap   total 263168K, used 108712K [0x0000000080000000, 0x0000000100000000)
  region size 1024K, 7 young (7168K), 7 survivors (7168K)
 Metaspace       used 99125K, capacity 101590K, committed 101632K, reserved 1136640K
  class space    used 12857K, capacity 13785K, committed 13824K, reserved 1048576K
}
Event: 23.932 GC heap before
{Heap before GC invocations=51 (full 0):
 garbage-first heap   total 263168K, used 197800K [0x0000000080000000, 0x0000000100000000)
  region size 1024K, 94 young (96256K), 7 survivors (7168K)
 Metaspace       used 99382K, capacity 101837K, committed 101888K, reserved 1136640K
  class space    used 12876K, capacity 13821K, committed 13824K, reserved 1048576K
}
Event: 23.950 GC heap after
{Heap after GC invocations=52 (full 0):
 garbage-first heap   total 263168K, used 111045K [0x0000000080000000, 0x0000000100000000)
  region size 1024K, 4 young (4096K), 4 survivors (4096K)
 Metaspace       used 99382K, capacity 101837K, committed 101888K, reserved 1136640K
  class space    used 12876K, capacity 13821K, committed 13824K, reserved 1048576K
}
Event: 24.777 GC heap before
{Heap before GC invocations=52 (full 0):
 garbage-first heap   total 263168K, used 202181K [0x0000000080000000, 0x0000000100000000)
  region size 1024K, 93 young (95232K), 4 survivors (4096K)
 Metaspace       used 99513K, capacity 101919K, committed 102272K, reserved 1138688K
  class space    used 12895K, capacity 13825K, committed 13952K, reserved 1048576K
}
Event: 24.786 GC heap after
{Heap after GC invocations=53 (full 0):
 garbage-first heap   total 263168K, used 112123K [0x0000000080000000, 0x0000000100000000)
  region size 1024K, 5 young (5120K), 5 survivors (5120K)
 Metaspace       used 99513K, capacity 101919K, committed 102272K, reserved 1138688K
  class space    used 12895K, capacity 13825K, committed 13952K, reserved 1048576K
}
Event: 25.688 GC heap before
{Heap before GC invocations=53 (full 0):
 garbage-first heap   total 263168K, used 205307K [0x0000000080000000, 0x0000000100000000)
  region size 1024K, 96 young (98304K), 5 survivors (5120K)
 Metaspace       used 99633K, capacity 102096K, committed 102272K, reserved 1138688K
  class space    used 12904K, capacity 13838K, committed 13952K, reserved 1048576K
}
Event: 25.699 GC heap after
{Heap after GC invocations=54 (full 0):
 garbage-first heap   total 263168K, used 113350K [0x0000000080000000, 0x0000000100000000)
  region size 1024K, 7 young (7168K), 7 survivors (7168K)
 Metaspace       used 99633K, capacity 102096K, committed 102272K, reserved 1138688K
  class space    used 12904K, capacity 13838K, committed 13952K, reserved 1048576K
}
Event: 26.242 GC heap before
{Heap before GC invocations=54 (full 0):
 garbage-first heap   total 263168K, used 208582K [0x0000000080000000, 0x0000000100000000)
  region size 1024K, 100 young (102400K), 7 survivors (7168K)
 Metaspace       used 99671K, capacity 102110K, committed 102272K, reserved 1138688K
  class space    used 12906K, capacity 13842K, committed 13952K, reserved 1048576K
}
Event: 26.254 GC heap after
{Heap after GC invocations=55 (full 0):
 garbage-first heap   total 263168K, used 114907K [0x0000000080000000, 0x0000000100000000)
  region size 1024K, 8 young (8192K), 8 survivors (8192K)
 Metaspace       used 99671K, capacity 102110K, committed 102272K, reserved 1138688K
  class space    used 12906K, capacity 13842K, committed 13952K, reserved 1048576K
}
Event: 26.758 GC heap before
{Heap before GC invocations=55 (full 0):
 garbage-first heap   total 263168K, used 217307K [0x0000000080000000, 0x0000000100000000)
  region size 1024K, 108 young (110592K), 8 survivors (8192K)
 Metaspace       used 99707K, capacity 102133K, committed 102272K, reserved 1138688K
  class space    used 12911K, capacity 13849K, committed 13952K, reserved 1048576K
}
Event: 26.772 GC heap after
{Heap after GC invocations=56 (full 0):
 garbage-first heap   total 263168K, used 115495K [0x0000000080000000, 0x0000000100000000)
  region size 1024K, 9 young (9216K), 9 survivors (9216K)
 Metaspace       used 99707K, capacity 102133K, committed 102272K, reserved 1138688K
  class space    used 12911K, capacity 13849K, committed 13952K, reserved 1048576K
}
Event: 27.329 GC heap before
{Heap before GC invocations=56 (full 0):
 garbage-first heap   total 263168K, used 220967K [0x0000000080000000, 0x0000000100000000)
  region size 1024K, 112 young (114688K), 9 survivors (9216K)
 Metaspace       used 99761K, capacity 102208K, committed 102528K, reserved 1138688K
  class space    used 12924K, capacity 13853K, committed 13952K, reserved 1048576K
}
Event: 27.345 GC heap after
{Heap after GC invocations=57 (full 0):
 garbage-first heap   total 263168K, used 116318K [0x0000000080000000, 0x0000000100000000)
  region size 1024K, 8 young (8192K), 8 survivors (8192K)
 Metaspace       used 99761K, capacity 102208K, committed 102528K, reserved 1138688K
  class space    used 12924K, capacity 13853K, committed 13952K, reserved 1048576K
}
Event: 27.854 GC heap before
{Heap before GC invocations=57 (full 0):
 garbage-first heap   total 263168K, used 223838K [0x0000000080000000, 0x0000000100000000)
  region size 1024K, 113 young (115712K), 8 survivors (8192K)
 Metaspace       used 99776K, capacity 102213K, committed 102528K, reserved 1138688K
  class space    used 12925K, capacity 13854K, committed 13952K, reserved 1048576K
}
Event: 27.871 GC heap after
{Heap after GC invocations=58 (full 0):
 garbage-first heap   total 316416K, used 117348K [0x0000000080000000, 0x0000000100000000)
  region size 1024K, 9 young (9216K), 9 survivors (9216K)
 Metaspace       used 99776K, capacity 102213K, committed 102528K, reserved 1138688K
  class space    used 12925K, capacity 13854K, committed 13952K, reserved 1048576K
}
Event: 29.005 GC heap before
{Heap before GC invocations=58 (full 0):
 garbage-first heap   total 316416K, used 250468K [0x0000000080000000, 0x0000000100000000)
  region size 1024K, 139 young (142336K), 9 survivors (9216K)
 Metaspace       used 99806K, capacity 102248K, committed 102528K, reserved 1138688K
  class space    used 12928K, capacity 13887K, committed 13952K, reserved 1048576K
}
Event: 29.021 GC heap after
{Heap after GC invocations=59 (full 0):
 garbage-first heap   total 316416K, used 118248K [0x0000000080000000, 0x0000000100000000)
  region size 1024K, 10 young (10240K), 10 survivors (10240K)
 Metaspace       used 99806K, capacity 102248K, committed 102528K, reserved 1138688K
  class space    used 12928K, capacity 13887K, committed 13952K, reserved 1048576K
}
Event: 80.696 GC heap before
{Heap before GC invocations=59 (full 0):
 garbage-first heap   total 316416K, used 265704K [0x0000000080000000, 0x0000000100000000)
  region size 1024K, 153 young (156672K), 10 survivors (10240K)
 Metaspace       used 104168K, capacity 106971K, committed 107264K, reserved 1142784K
  class space    used 13434K, capacity 14506K, committed 14592K, reserved 1048576K
}
Event: 81.053 GC heap after
{Heap after GC invocations=60 (full 0):
 garbage-first heap   total 316416K, used 119553K [0x0000000080000000, 0x0000000100000000)
  region size 1024K, 13 young (13312K), 13 survivors (13312K)
 Metaspace       used 104168K, capacity 106971K, committed 107264K, reserved 1142784K
  class space    used 13434K, capacity 14506K, committed 14592K, reserved 1048576K
}

Deoptimization events (20 events):
Event: 82.987 Thread 0x000001f839f0f000 Uncommon trap: trap_request=0xffffffc6 fr.pc=0x000001f8285d50f0 relative=0x0000000000000b50
Event: 82.987 Thread 0x000001f839f0f000 Uncommon trap: reason=bimorphic_or_optimized_type_check action=maybe_recompile pc=0x000001f8285d50f0 method=org.gradle.internal.snapshot.SnapshotUtil$1.handleExactMatchWithChild(Lorg/gradle/internal/snapshot/FileSystemNode;)Ljava/util/Optional; @ 1 c2
Event: 82.987 Thread 0x000001f839f0f000 DEOPT PACKING pc=0x000001f8285d50f0 sp=0x000000df131fb590
Event: 82.987 Thread 0x000001f839f0f000 DEOPT UNPACKING pc=0x000001f82072a1af sp=0x000000df131fb4b0 mode 2
Event: 83.049 Thread 0x000001f839f0f000 Uncommon trap: trap_request=0xffffffc6 fr.pc=0x000001f8285d50f0 relative=0x0000000000000b50
Event: 83.049 Thread 0x000001f839f0f000 Uncommon trap: reason=bimorphic_or_optimized_type_check action=maybe_recompile pc=0x000001f8285d50f0 method=org.gradle.internal.snapshot.SnapshotUtil$1.handleExactMatchWithChild(Lorg/gradle/internal/snapshot/FileSystemNode;)Ljava/util/Optional; @ 1 c2
Event: 83.049 Thread 0x000001f839f0f000 DEOPT PACKING pc=0x000001f8285d50f0 sp=0x000000df131fb490
Event: 83.049 Thread 0x000001f839f0f000 DEOPT UNPACKING pc=0x000001f82072a1af sp=0x000000df131fb3b0 mode 2
Event: 83.049 Thread 0x000001f839f0f000 Uncommon trap: trap_request=0xffffffc6 fr.pc=0x000001f8285d50f0 relative=0x0000000000000b50
Event: 83.049 Thread 0x000001f839f0f000 Uncommon trap: reason=bimorphic_or_optimized_type_check action=maybe_recompile pc=0x000001f8285d50f0 method=org.gradle.internal.snapshot.SnapshotUtil$1.handleExactMatchWithChild(Lorg/gradle/internal/snapshot/FileSystemNode;)Ljava/util/Optional; @ 1 c2
Event: 83.049 Thread 0x000001f839f0f000 DEOPT PACKING pc=0x000001f8285d50f0 sp=0x000000df131fb590
Event: 83.049 Thread 0x000001f839f0f000 DEOPT UNPACKING pc=0x000001f82072a1af sp=0x000000df131fb4b0 mode 2
Event: 83.242 Thread 0x000001f839f0f000 Uncommon trap: trap_request=0xffffffd6 fr.pc=0x000001f828908190 relative=0x0000000000001430
Event: 83.242 Thread 0x000001f839f0f000 Uncommon trap: reason=array_check action=maybe_recompile pc=0x000001f828908190 method=java.util.TimSort.reverseRange([Ljava/lang/Object;II)V @ 27 c2
Event: 83.242 Thread 0x000001f839f0f000 DEOPT PACKING pc=0x000001f828908190 sp=0x000000df131fa850
Event: 83.242 Thread 0x000001f839f0f000 DEOPT UNPACKING pc=0x000001f82072a1af sp=0x000000df131fa6e8 mode 2
Event: 83.244 Thread 0x000001f839f0f000 Uncommon trap: trap_request=0xffffffd6 fr.pc=0x000001f828908190 relative=0x0000000000001430
Event: 83.244 Thread 0x000001f839f0f000 Uncommon trap: reason=array_check action=maybe_recompile pc=0x000001f828908190 method=java.util.TimSort.reverseRange([Ljava/lang/Object;II)V @ 27 c2
Event: 83.244 Thread 0x000001f839f0f000 DEOPT PACKING pc=0x000001f828908190 sp=0x000000df131fad80
Event: 83.244 Thread 0x000001f839f0f000 DEOPT UNPACKING pc=0x000001f82072a1af sp=0x000000df131fac18 mode 2

Classes redefined (0 events):
No events

Internal exceptions (20 events):
Event: 38.840 Thread 0x000001f8397c6000 Exception <a 'java/lang/NoSuchMethodError'{0x000000008b4ac840}: <clinit>> (0x000000008b4ac840) thrown at [./src/hotspot/share/prims/jni.cpp, line 1365]
Event: 38.843 Thread 0x000001f8397c6000 Exception <a 'java/lang/NoSuchMethodError'{0x000000008b4bd5e8}: <clinit>> (0x000000008b4bd5e8) thrown at [./src/hotspot/share/prims/jni.cpp, line 1365]
Event: 38.843 Thread 0x000001f8397c6000 Exception <a 'java/lang/NoSuchMethodError'{0x000000008b4becd0}: <clinit>> (0x000000008b4becd0) thrown at [./src/hotspot/share/prims/jni.cpp, line 1365]
Event: 38.847 Thread 0x000001f8397c6000 Exception <a 'java/lang/NoSuchMethodError'{0x000000008b4d0e68}: <clinit>> (0x000000008b4d0e68) thrown at [./src/hotspot/share/prims/jni.cpp, line 1365]
Event: 38.848 Thread 0x000001f8397c6000 Exception <a 'java/lang/NoSuchMethodError'{0x000000008b4dcfb8}: <clinit>> (0x000000008b4dcfb8) thrown at [./src/hotspot/share/prims/jni.cpp, line 1365]
Event: 38.855 Thread 0x000001f8397c6000 Exception <a 'java/lang/NoSuchMethodError'{0x000000008b4f1f80}: <clinit>> (0x000000008b4f1f80) thrown at [./src/hotspot/share/prims/jni.cpp, line 1365]
Event: 38.862 Thread 0x000001f8397c6000 Exception <a 'java/lang/NoSuchMethodError'{0x000000008b30cf18}: <clinit>> (0x000000008b30cf18) thrown at [./src/hotspot/share/prims/jni.cpp, line 1365]
Event: 38.863 Thread 0x000001f8397c6000 Exception <a 'java/lang/NoSuchMethodError'{0x000000008b31bed8}: <clinit>> (0x000000008b31bed8) thrown at [./src/hotspot/share/prims/jni.cpp, line 1365]
Event: 43.210 Thread 0x000001f8397fa000 Implicit null exception at 0x000001f8281edf74 to 0x000001f8281ee474
Event: 43.230 Thread 0x000001f8397fa000 Implicit null exception at 0x000001f8284e2814 to 0x000001f8284e2dd8
Event: 79.420 Thread 0x000001f839ad5800 Implicit null exception at 0x000001f8288848f5 to 0x000001f82888ad08
Event: 81.583 Thread 0x000001f839ad5800 Exception <a 'sun/nio/fs/WindowsException'{0x0000000091769878}> (0x0000000091769878) thrown at [./src/hotspot/share/prims/jni.cpp, line 615]
Event: 81.897 Thread 0x000001f839ad5800 Exception <a 'java/lang/NoClassDefFoundError'{0x00000000914ba098}: org/jetbrains/kotlin/gradle/plugin/KotlinBasePluginWrapper> (0x00000000914ba098) thrown at [./src/hotspot/share/oops/constantPool.cpp, line 775]
Event: 81.906 Thread 0x000001f839ad5800 Implicit null exception at 0x000001f8288d3eb8 to 0x000001f8288d4288
Event: 82.049 Thread 0x000001f839ad5800 Exception <a 'sun/nio/fs/WindowsException'{0x0000000091205408}> (0x0000000091205408) thrown at [./src/hotspot/share/prims/jni.cpp, line 615]
Event: 82.126 Thread 0x000001f839ad5800 Exception <a 'sun/nio/fs/WindowsException'{0x00000000912a0488}> (0x00000000912a0488) thrown at [./src/hotspot/share/prims/jni.cpp, line 615]
Event: 82.127 Thread 0x000001f839ad5800 Exception <a 'sun/nio/fs/WindowsException'{0x00000000912a1800}> (0x00000000912a1800) thrown at [./src/hotspot/share/prims/jni.cpp, line 615]
Event: 82.128 Thread 0x000001f839ad5800 Exception <a 'sun/nio/fs/WindowsException'{0x00000000912a2bc8}> (0x00000000912a2bc8) thrown at [./src/hotspot/share/prims/jni.cpp, line 615]
Event: 82.129 Thread 0x000001f839ad5800 Exception <a 'sun/nio/fs/WindowsException'{0x00000000912a3f90}> (0x00000000912a3f90) thrown at [./src/hotspot/share/prims/jni.cpp, line 615]
Event: 82.392 Thread 0x000001f839ad5800 Implicit null exception at 0x000001f8288d9e93 to 0x000001f8288df884

Events (20 events):
Event: 82.981 Executing VM operation: RevokeBias
Event: 82.981 Executing VM operation: RevokeBias done
Event: 83.009 Executing VM operation: RevokeBias
Event: 83.009 Executing VM operation: RevokeBias done
Event: 83.224 Executing VM operation: RevokeBias
Event: 83.225 Executing VM operation: RevokeBias done
Event: 83.226 Executing VM operation: RevokeBias
Event: 83.226 Executing VM operation: RevokeBias done
Event: 83.292 Executing VM operation: RevokeBias
Event: 83.293 Executing VM operation: RevokeBias done
Event: 83.293 Executing VM operation: RevokeBias
Event: 83.293 Executing VM operation: RevokeBias done
Event: 83.293 Executing VM operation: RevokeBias
Event: 83.293 Executing VM operation: RevokeBias done
Event: 83.294 Executing VM operation: RevokeBias
Event: 83.295 Executing VM operation: RevokeBias done
Event: 83.295 Executing VM operation: RevokeBias
Event: 83.295 Executing VM operation: RevokeBias done
Event: 83.391 Executing VM operation: RevokeBias
Event: 83.393 Executing VM operation: RevokeBias done


Dynamic libraries:
0x00007ff6d9b80000 - 0x00007ff6d9b8a000 	C:\Program Files\Android\Android Studio\jre\bin\java.exe
0x00007fff95040000 - 0x00007fff95249000 	C:\WINDOWS\SYSTEM32\ntdll.dll
0x00007fff944b0000 - 0x00007fff9456d000 	C:\WINDOWS\System32\KERNEL32.DLL
0x00007fff92b50000 - 0x00007fff92ecd000 	C:\WINDOWS\System32\KERNELBASE.dll
0x00007fff92a30000 - 0x00007fff92b41000 	C:\WINDOWS\System32\ucrtbase.dll
0x00007fff7fa70000 - 0x00007fff7fa87000 	C:\Program Files\Android\Android Studio\jre\bin\VCRUNTIME140.dll
0x00007fff7ecb0000 - 0x00007fff7ecc9000 	C:\Program Files\Android\Android Studio\jre\bin\jli.dll
0x00007fff93080000 - 0x00007fff9322d000 	C:\WINDOWS\System32\USER32.dll
0x00007fff92610000 - 0x00007fff92636000 	C:\WINDOWS\System32\win32u.dll
0x00007fff94dd0000 - 0x00007fff94df9000 	C:\WINDOWS\System32\GDI32.dll
0x00007fff92640000 - 0x00007fff92758000 	C:\WINDOWS\System32\gdi32full.dll
0x00007fff92820000 - 0x00007fff928bd000 	C:\WINDOWS\System32\msvcp_win.dll
0x00007fff7b9a0000 - 0x00007fff7bc45000 	C:\WINDOWS\WinSxS\amd64_microsoft.windows.common-controls_6595b64144ccf1df_6.0.22000.120_none_9d947278b86cc467\COMCTL32.dll
0x00007fff949c0000 - 0x00007fff94a63000 	C:\WINDOWS\System32\msvcrt.dll
0x00007fff94e00000 - 0x00007fff94e31000 	C:\WINDOWS\System32\IMM32.DLL
0x00007fff67da0000 - 0x00007fff67e3d000 	C:\Program Files\Android\Android Studio\jre\bin\msvcp140.dll
0x00007fff29060000 - 0x00007fff29b45000 	C:\Program Files\Android\Android Studio\jre\bin\server\jvm.dll
0x00007fff93240000 - 0x00007fff932ee000 	C:\WINDOWS\System32\ADVAPI32.dll
0x00007fff943b0000 - 0x00007fff9444e000 	C:\WINDOWS\System32\sechost.dll
0x00007fff941c0000 - 0x00007fff942e0000 	C:\WINDOWS\System32\RPCRT4.dll
0x00007fff94db0000 - 0x00007fff94db8000 	C:\WINDOWS\System32\PSAPI.DLL
0x00007fff8d150000 - 0x00007fff8d183000 	C:\WINDOWS\SYSTEM32\WINMM.dll
0x00007fff8ea40000 - 0x00007fff8ea49000 	C:\WINDOWS\SYSTEM32\WSOCK32.dll
0x00007fff942e0000 - 0x00007fff9434f000 	C:\WINDOWS\System32\WS2_32.dll
0x00007fff8c3d0000 - 0x00007fff8c3da000 	C:\WINDOWS\SYSTEM32\VERSION.dll
0x00007fff91690000 - 0x00007fff916a8000 	C:\WINDOWS\SYSTEM32\kernel.appcore.dll
0x00007fff8e900000 - 0x00007fff8e911000 	C:\Program Files\Android\Android Studio\jre\bin\verify.dll
0x00007fff8ff30000 - 0x00007fff90151000 	C:\WINDOWS\SYSTEM32\DBGHELP.DLL
0x00007fff7a7e0000 - 0x00007fff7a811000 	C:\WINDOWS\SYSTEM32\dbgcore.DLL
0x00007fff92520000 - 0x00007fff9259f000 	C:\WINDOWS\System32\bcryptPrimitives.dll
0x00007fff81d60000 - 0x00007fff81d89000 	C:\Program Files\Android\Android Studio\jre\bin\java.dll
0x00007fff8e9d0000 - 0x00007fff8e9db000 	C:\Program Files\Android\Android Studio\jre\bin\jimage.dll
0x00007fff80950000 - 0x00007fff80968000 	C:\Program Files\Android\Android Studio\jre\bin\zip.dll
0x00007fff93490000 - 0x00007fff93c48000 	C:\WINDOWS\System32\SHELL32.dll
0x00007fff90690000 - 0x00007fff90ef8000 	C:\WINDOWS\SYSTEM32\windows.storage.dll
0x00007fff94590000 - 0x00007fff94909000 	C:\WINDOWS\System32\combase.dll
0x00007fff90520000 - 0x00007fff90686000 	C:\WINDOWS\SYSTEM32\wintypes.dll
0x00007fff94a70000 - 0x00007fff94b5a000 	C:\WINDOWS\System32\SHCORE.dll
0x00007fff94350000 - 0x00007fff943ad000 	C:\WINDOWS\System32\shlwapi.dll
0x00007fff92450000 - 0x00007fff92471000 	C:\WINDOWS\SYSTEM32\profapi.dll
0x00007fff80420000 - 0x00007fff8043a000 	C:\Program Files\Android\Android Studio\jre\bin\net.dll
0x00007fff8c0e0000 - 0x00007fff8c1ec000 	C:\WINDOWS\SYSTEM32\WINHTTP.dll
0x00007fff91b40000 - 0x00007fff91ba7000 	C:\WINDOWS\system32\mswsock.dll
0x00007fff80400000 - 0x00007fff80414000 	C:\Program Files\Android\Android Studio\jre\bin\nio.dll
0x00007fff7dfb0000 - 0x00007fff7dfd7000 	C:\Users\Erica\.gradle\native\e1d6ef7f7dcc3fd88c89a11ec53ec762bb8ba0a96d01ffa2cd45eb1d1d8dd5c5\windows-amd64\native-platform.dll
0x00007fff53600000 - 0x00007fff53744000 	C:\Users\Erica\.gradle\native\5664cfc778a61ccfe75a443a1ab52a65af34e5dc3c78e0209fed803814484fcb\windows-amd64\native-platform-file-events.dll
0x00007fff8d350000 - 0x00007fff8d35a000 	C:\Program Files\Android\Android Studio\jre\bin\management.dll
0x00007fff88110000 - 0x00007fff8811d000 	C:\Program Files\Android\Android Studio\jre\bin\management_ext.dll
0x00007fff91d80000 - 0x00007fff91d98000 	C:\WINDOWS\SYSTEM32\CRYPTSP.dll
0x00007fff915f0000 - 0x00007fff91625000 	C:\WINDOWS\system32\rsaenh.dll
0x00007fff91c30000 - 0x00007fff91c59000 	C:\WINDOWS\SYSTEM32\USERENV.dll
0x00007fff91f00000 - 0x00007fff91f27000 	C:\WINDOWS\SYSTEM32\bcrypt.dll
0x00007fff91da0000 - 0x00007fff91dac000 	C:\WINDOWS\SYSTEM32\CRYPTBASE.dll
0x00007fff91150000 - 0x00007fff9117d000 	C:\WINDOWS\SYSTEM32\IPHLPAPI.DLL
0x00007fff93c50000 - 0x00007fff93c59000 	C:\WINDOWS\System32\NSI.dll
0x00007fff8c0c0000 - 0x00007fff8c0d9000 	C:\WINDOWS\SYSTEM32\dhcpcsvc6.DLL
0x00007fff8ccc0000 - 0x00007fff8ccde000 	C:\WINDOWS\SYSTEM32\dhcpcsvc.DLL
0x00007fff911c0000 - 0x00007fff912a8000 	C:\WINDOWS\SYSTEM32\DNSAPI.dll

dbghelp: loaded successfully - version: 4.0.5 - missing functions: none
symbol engine: initialized successfully - sym options: 0x614 - pdb path: .;C:\Program Files\Android\Android Studio\jre\bin;C:\WINDOWS\SYSTEM32;C:\WINDOWS\WinSxS\amd64_microsoft.windows.common-controls_6595b64144ccf1df_6.0.22000.120_none_9d947278b86cc467;C:\Program Files\Android\Android Studio\jre\bin\server;C:\Users\Erica\.gradle\native\e1d6ef7f7dcc3fd88c89a11ec53ec762bb8ba0a96d01ffa2cd45eb1d1d8dd5c5\windows-amd64;C:\Users\Erica\.gradle\native\5664cfc778a61ccfe75a443a1ab52a65af34e5dc3c78e0209fed803814484fcb\windows-amd64

VM Arguments:
jvm_args: --add-opens=java.base/java.util=ALL-UNNAMED --add-opens=java.base/java.lang=ALL-UNNAMED --add-opens=java.base/java.lang.invoke=ALL-UNNAMED --add-opens=java.base/java.util=ALL-UNNAMED --add-opens=java.prefs/java.util.prefs=ALL-UNNAMED --add-opens=java.prefs/java.util.prefs=ALL-UNNAMED --add-opens=java.base/java.nio.charset=ALL-UNNAMED --add-opens=java.base/java.net=ALL-UNNAMED --add-opens=java.base/java.util.concurrent.atomic=ALL-UNNAMED -Xmx2048m -Dfile.encoding=UTF-8 -Duser.country=US -Duser.language=en -Duser.variant 
java_command: org.gradle.launcher.daemon.bootstrap.GradleDaemon 7.3.3
java_class_path (initial): C:\Users\Erica\.gradle\wrapper\dists\gradle-7.3.3-bin\6a41zxkdtcxs8rphpq6y0069z\gradle-7.3.3\lib\gradle-launcher-7.3.3.jar
Launcher Type: SUN_STANDARD

[Global flags]
     intx CICompilerCount                          = 4                                         {product} {ergonomic}
     uint ConcGCThreads                            = 2                                         {product} {ergonomic}
     uint G1ConcRefinementThreads                  = 8                                         {product} {ergonomic}
   size_t G1HeapRegionSize                         = 1048576                                   {product} {ergonomic}
    uintx GCDrainStackTargetSize                   = 64                                        {product} {ergonomic}
   size_t InitialHeapSize                          = 65011712                                  {product} {ergonomic}
   size_t MarkStackSize                            = 4194304                                   {product} {ergonomic}
   size_t MaxHeapSize                              = 2147483648                                {product} {command line}
   size_t MaxNewSize                               = 1287651328                                {product} {ergonomic}
   size_t MinHeapDeltaBytes                        = 1048576                                   {product} {ergonomic}
    uintx NonNMethodCodeHeapSize                   = 5836300                                {pd product} {ergonomic}
    uintx NonProfiledCodeHeapSize                  = 122910970                              {pd product} {ergonomic}
    uintx ProfiledCodeHeapSize                     = 122910970                              {pd product} {ergonomic}
    uintx ReservedCodeCacheSize                    = 251658240                              {pd product} {ergonomic}
     bool SegmentedCodeCache                       = true                                      {product} {ergonomic}
     bool UseCompressedClassPointers               = true                                 {lp64_product} {ergonomic}
     bool UseCompressedOops                        = true                                 {lp64_product} {ergonomic}
     bool UseG1GC                                  = true                                      {product} {ergonomic}
     bool UseLargePagesIndividualAllocation        = false                                  {pd product} {ergonomic}

Logging:
Log output configuration:
 #0: stdout all=warning uptime,level,tags
 #1: stderr all=off uptime,level,tags

Environment Variables:
JAVA_HOME=C:\Program Files\Java\jdk1.8.0_333
PATH=C:\Program Files (x86)\Common Files\Oracle\Java\javapath;C:\Windows\system32;C:\Windows;C:\Windows\System32\Wbem;C:\Windows\System32\WindowsPowerShell\v1.0\;C:\Windows\System32\OpenSSH\;C:\Program Files (x86)\NVIDIA Corporation\PhysX\Common;C:\Program Files\dotnet\;C:\WINDOWS\system32;C:\WINDOWS;C:\WINDOWS\System32\Wbem;C:\WINDOWS\System32\WindowsPowerShell\v1.0\;C:\WINDOWS\System32\OpenSSH\;C:\Program Files\LOVE;C:\Program Files\Java\jdk-16.0.1\bin;C:\Program Files\Git\cmd;C:\Program Files\nodejs\;C:\Users\Erica\AppData\Local\Android\Sdk\emulator;C:\Users\Erica\AppData\Local\Android\Sdk\gradle\bin;C:\Users\Erica\AppData\Local\Android\Sdk\platform-tools;C:\Users\Erica\AppData\Local\Android\Sdk\tools\bin;C:\Users\Erica\AppData\Local\Microsoft\WindowsApps;C:\Users\Erica\AppData\Local\Programs\Microsoft VS Code\bin;C:\Program Files\Lua;C:\Users\Erica\.dotnet\tools;C:\Users\Erica\AppData\Local\Microsoft\WindowsApps;;C:\modeltech64_10.7\win64;C:\Users\Erica\AppData\Roaming\npm
USERNAME=ocio
OS=Windows_NT
PROCESSOR_IDENTIFIER=Intel64 Family 6 Model 142 Stepping 12, GenuineIntel



---------------  S Y S T E M  ---------------

OS: Windows 10 , 64 bit Build 22000 (10.0.22000.708)
OS uptime: 0 days 20:20 hours

CPU:total 8 (initial active 8) (4 cores per cpu, 2 threads per core) family 6 model 142 stepping 12 microcode 0xde, cmov, cx8, fxsr, mmx, sse, sse2, sse3, ssse3, sse4.1, sse4.2, popcnt, avx, avx2, aes, clmul, erms, 3dnowpref, lzcnt, ht, tsc, tscinvbit, bmi1, bmi2, adx, fma

Memory: 4k page, system-wide physical 3947M (8M free)
TotalPageFile size 16235M (AvailPageFile size 4M)
current process WorkingSet (physical memory assigned to process): 214M, peak: 418M
current process commit charge ("private bytes"): 649M, peak: 664M

vm_info: OpenJDK 64-Bit Server VM (11.0.12+7-b1504.28-7817840) for windows-amd64 JRE (11.0.12+7-b1504.28-7817840), built on Oct 13 2021 22:12:33 by "builder" with MS VC++ 14.0 (VS2015)

END.
